$@MID@$: 49
Date: Mon, 31 Mar 2025 00:04:02 +0000
Reply to: 50
In reply to: 48
Event: 017
Station: BBL_06
Instrument: CTD
Attached: 
Number_of_Bottles: 
Flowmeter S/N: 
Flowmeter Start: 
Flowmeter End: 
Action: Bottom
Sounding: 1051.43
Sample ID: 514112
End_Sample_ID: 514127
Wire out: 
Wire Angle: 
Net Clogging: 
Wind Direction: 
Wind Speed (nm): 
Sky (condition): 
Swell Direction: 
Swell Height (M): 
Sea (Condition): 
Depth: 
Author: Chris Gordon
IMEI_No: 
WMO_No: 
S/N: 
Name: 
Comment: 
Time|Position: 2025-03-31 | 000400 | 42 00.0239 N | 65 31.7345 W
Cruise: EN728
PI: Lindsay Beazley
Protocol: AZMP
Platform: RV Endeavor
Revisions: 
Mooring Number: 
Number of RCMs: 
Number of MicroCATs: 
Number of Temperature Recorders: 
Number of Amars: 
Attachment: 
Encoding: plain
========================================

$@MID@$: 50
Date: Mon, 31 Mar 2025 00:52:50 +0000
In reply to: 49
Event: 017
Station: BBL_06
Instrument: CTD
Attached: 
Number_of_Bottles: 
Flowmeter S/N: 
Flowmeter Start: 
Flowmeter End: 
Action: Recovered
Sounding: 1003.93
Sample ID: 514112
End_Sample_ID: 514127
Wire out: 
Wire Angle: 
Net Clogging: 
Wind Direction: 
Wind Speed (nm): 
Sky (condition): 
Swell Direction: 
Swell Height (M): 
Sea (Condition): 
Depth: 
Author: Chris Gordon
IMEI_No: 
WMO_No: 
S/N: 
Name: 
Comment: 
Time|Position: 2025-03-31 | 005249 | 42 00.7837 N | 65 32.5307 W
Cruise: EN728
PI: Lindsay Beazley
Protocol: AZMP
Platform: RV Endeavor
Revisions: 
Mooring Number: 
Number of RCMs: 
Number of MicroCATs: 
Number of Temperature Recorders: 
Number of Amars: 
Attachment: 
Encoding: plain
========================================

$@MID@$: 51
Date: Mon, 31 Mar 2025 03:08:56 +0000
Reply to: 52
Event: 018
Station: BBL_07
Instrument: RingNet
Attached: 202um | Flowmeter
Number_of_Bottles: 
Flowmeter S/N: 
Flowmeter Start: 
Flowmeter End: 
Action: Deployed
Sounding: 1833.18
Sample ID: 
End_Sample_ID: 
Wire out: 1000
Wire Angle: 
Net Clogging: 
Wind Direction: 
Wind Speed (nm): 
Sky (condition): 
Swell Direction: 
Swell Height (M): 
Sea (Condition): 
Depth: 
Author: Rebecca Milne
IMEI_No: 
WMO_No: 
S/N: 
Name: 
Comment: 
Time|Position: 2025-03-31 | 030854 | 41 51.9162 N | 65 21.1367 W
Cruise: EN728
PI: Lindsay Beazley
Protocol: AZMP
Platform: RV Endeavor
Revisions: 
Mooring Number: 
Number of RCMs: 
Number of MicroCATs: 
Number of Temperature Recorders: 
Number of Amars: 
Attachment: 
Encoding: plain
========================================

$@MID@$: 52
Date: Mon, 31 Mar 2025 03:41:13 +0000
Reply to: 54, 
In reply to: 51
Event: 018
Station: BBL_07
Instrument: RingNet
Attached: 202um | Flowmeter
Number_of_Bottles: 
Flowmeter S/N: 
Flowmeter Start: 95282
Flowmeter End: 98712
Action: Bottom
Sounding: 1882.80
Sample ID: 514128
End_Sample_ID: 
Wire out: 1000
Wire Angle: 20
Net Clogging: 
Wind Direction: 
Wind Speed (nm): 
Sky (condition): 
Swell Direction: 
Swell Height (M): 
Sea (Condition): 
Depth: 
Author: Rebecca Milne
IMEI_No: 
WMO_No: 
S/N: 
Name: 
Comment: 
Time|Position: 2025-03-31 | 034112 | 41 51.7943 N | 65 21.0257 W
Cruise: EN728
PI: Lindsay Beazley
Protocol: AZMP
Platform: RV Endeavor
Revisions: 31/Mar/2025 04:42:21
Mooring Number: 
Number of RCMs: 
Number of MicroCATs: 
Number of Temperature Recorders: 
Number of Amars: 
Attachment: 
Encoding: plain
========================================

$@MID@$: 53
Date: Mon, 31 Mar 2025 04:17:26 +0000
Reply to: 56
Event: 019
Station: BBL_07
Instrument: CTD
Attached: 
Number_of_Bottles: 
Flowmeter S/N: 
Flowmeter Start: 
Flowmeter End: 
Action: Deployed
Sounding: 1895.21
Sample ID: 514129
End_Sample_ID: 514148
Wire out: 
Wire Angle: 
Net Clogging: 
Wind Direction: 
Wind Speed (nm): 
Sky (condition): 
Swell Direction: 
Swell Height (M): 
Sea (Condition): 
Depth: 
Author: Chris Gordon
IMEI_No: 
WMO_No: 
S/N: 
Name: 
Comment: 
Time|Position: 2025-03-31 | 041725 | 41 51.7711 N | 65 20.7633 W
Cruise: EN728
PI: Lindsay Beazley
Protocol: AZMP
Platform: RV Endeavor
Revisions: 
Mooring Number: 
Number of RCMs: 
Number of MicroCATs: 
Number of Temperature Recorders: 
Number of Amars: 
Attachment: 
Encoding: plain
========================================

$@MID@$: 54
Date: Mon, 31 Mar 2025 04:20:58 +0000
In reply to: 52
Event: 018
Station: BBL_07
Instrument: RingNet
Attached: 202um | Flowmeter
Number_of_Bottles: 
Flowmeter S/N: 
Flowmeter Start: 
Flowmeter End: 
Action: Recovered
Sounding: 1890.32
Sample ID: 
End_Sample_ID: 
Wire out: 1000
Wire Angle: 20
Net Clogging: 
Wind Direction: 
Wind Speed (nm): 
Sky (condition): 
Swell Direction: 
Swell Height (M): 
Sea (Condition): 
Depth: 
Author: Rebecca Milne
IMEI_No: 
WMO_No: 
S/N: 
Name: 
Comment: 
Time|Position: 2025-03-31 | 042056 | 41 51.7599 N | 65 20.7440 W
Cruise: EN728
PI: Lindsay Beazley
Protocol: AZMP
Platform: RV Endeavor
Revisions: 
Mooring Number: 
Number of RCMs: 
Number of MicroCATs: 
Number of Temperature Recorders: 
Number of Amars: 
Attachment: 
Encoding: plain
========================================

$@MID@$: 56
Date: Mon, 31 Mar 2025 04:53:38 +0000
Reply to: 57
In reply to: 53
Event: 019
Station: BBL_07
Instrument: CTD
Attached: 
Number_of_Bottles: 
Flowmeter S/N: 
Flowmeter Start: 
Flowmeter End: 
Action: Bottom
Sounding: 1905.26
Sample ID: 514129
End_Sample_ID: 514148
Wire out: 
Wire Angle: 
Net Clogging: 
Wind Direction: 
Wind Speed (nm): 
Sky (condition): 
Swell Direction: 
Swell Height (M): 
Sea (Condition): 
Depth: 
Author: Chris Gordon
IMEI_No: 
WMO_No: 
S/N: 
Name: 
Comment: 
Time|Position: 2025-03-31 | 045336 | 41 51.6615 N | 65 20.6007 W
Cruise: EN728
PI: Lindsay Beazley
Protocol: AZMP
Platform: RV Endeavor
Revisions: 
Mooring Number: 
Number of RCMs: 
Number of MicroCATs: 
Number of Temperature Recorders: 
Number of Amars: 
Attachment: 
Encoding: plain
========================================

$@MID@$: 57
Date: Mon, 31 Mar 2025 06:02:50 +0000
In reply to: 56
Event: 019
Station: BBL_07
Instrument: CTD
Attached: 
Number_of_Bottles: 
Flowmeter S/N: 
Flowmeter Start: 
Flowmeter End: 
Action: Recovered
Sounding: 1920.31
Sample ID: 514129
End_Sample_ID: 514148
Wire out: 
Wire Angle: 
Net Clogging: 
Wind Direction: 
Wind Speed (nm): 
Sky (condition): 
Swell Direction: 
Swell Height (M): 
Sea (Condition): 
Depth: 
Author: Chris Gordon
IMEI_No: 
WMO_No: 
S/N: 
Name: 
Comment: 
Time|Position: 2025-03-31 | 060249 | 41 51.3132 N | 65 20.5034 W
Cruise: EN728
PI: Lindsay Beazley
Protocol: AZMP
Platform: RV Endeavor
Revisions: 
Mooring Number: 
Number of RCMs: 
Number of MicroCATs: 
Number of Temperature Recorders: 
Number of Amars: 
Attachment: 
Encoding: plain
========================================

$@MID@$: 58
Date: Mon, 31 Mar 2025 18:55:33 +0000
Reply to: 59
Event: 020
Station: YL_01
Instrument: RingNet
Attached: 202um | Flowmeter
Number_of_Bottles: 
Flowmeter S/N: 
Flowmeter Start: 98747
Flowmeter End: 98990
Action: Deployed
Sounding: 81.38
Sample ID: 514149
End_Sample_ID: 
Wire out: 
Wire Angle: 
Net Clogging: 
Wind Direction: 
Wind Speed (nm): 
Sky (condition): 
Swell Direction: 
Swell Height (M): 
Sea (Condition): 
Depth: 
Author: Lindsay Beazley
IMEI_No: 
WMO_No: 
S/N: 
Name: 
Comment: 
Time|Position: 2025-03-31 | 185531 | 43 44.7475 N | 66 23.4221 W
Cruise: EN728
PI: Lindsay Beazley
Protocol: AZMP
Platform: RV Endeavor
Revisions: 31/Mar/2025 19:48:42
Mooring Number: 
Number of RCMs: 
Number of MicroCATs: 
Number of Temperature Recorders: 
Number of Amars: 
Attachment: 
Encoding: plain
========================================

$@MID@$: 59
Date: Mon, 31 Mar 2025 18:57:48 +0000
Reply to: 60
In reply to: 58
Event: 020
Station: YL_01
Instrument: RingNet
Attached: 202um | Flowmeter
Number_of_Bottles: 
Flowmeter S/N: 
Flowmeter Start: 98747
Flowmeter End: 98990
Action: Bottom
Sounding: 73.89
Sample ID: 514149
End_Sample_ID: 
Wire out: 63
Wire Angle: 40
Net Clogging: 
Wind Direction: 
Wind Speed (nm): 
Sky (condition): 
Swell Direction: 
Swell Height (M): 
Sea (Condition): 
Depth: 
Author: Lindsay Beazley
IMEI_No: 
WMO_No: 
S/N: 
Name: 
Comment: 
Time|Position: 2025-03-31 | 185745 | 43 44.6662 N | 66 23.3787 W
Cruise: EN728
PI: Lindsay Beazley
Protocol: AZMP
Platform: RV Endeavor
Revisions: 31/Mar/2025 19:49:09
Mooring Number: 
Number of RCMs: 
Number of MicroCATs: 
Number of Temperature Recorders: 
Number of Amars: 
Attachment: 
Encoding: plain
========================================

$@MID@$: 60
Date: Mon, 31 Mar 2025 19:01:18 +0000
In reply to: 59
Event: 020
Station: YL_01
Instrument: RingNet
Attached: 202um | Flowmeter
Number_of_Bottles: 
Flowmeter S/N: 
Flowmeter Start: 98747
Flowmeter End: 98990
Action: Recovered
Sounding: 72.27
Sample ID: 514149
End_Sample_ID: 
Wire out: 63
Wire Angle: 40
Net Clogging: 
Wind Direction: 
Wind Speed (nm): 
Sky (condition): 
Swell Direction: 
Swell Height (M): 
Sea (Condition): 
Depth: 
Author: Lindsay Beazley
IMEI_No: 
WMO_No: 
S/N: 
Name: 
Comment: 
Time|Position: 2025-03-31 | 190116 | 43 44.5403 N | 66 23.3137 W
Cruise: EN728
PI: Lindsay Beazley
Protocol: AZMP
Platform: RV Endeavor
Revisions: 31/Mar/2025 19:49:28
Mooring Number: 
Number of RCMs: 
Number of MicroCATs: 
Number of Temperature Recorders: 
Number of Amars: 
Attachment: 
Encoding: plain
========================================

$@MID@$: 61
Date: Mon, 31 Mar 2025 19:08:56 +0000
Reply to: 62
Event: 021
Station: YL_01
Instrument: CTD
Attached: pH(remove 1000m) | Nitrate(remove 1200m)
Number_of_Bottles: 
Flowmeter S/N: 
Flowmeter Start: 
Flowmeter End: 
Action: Deployed
Sounding: 68.66
Sample ID: 514150
End_Sample_ID: 514162
Wire out: 
Wire Angle: 
Net Clogging: 
Wind Direction: 
Wind Speed (nm): 
Sky (condition): 
Swell Direction: 
Swell Height (M): 
Sea (Condition): 
Depth: 
Author: Melanie Hardy
IMEI_No: 
WMO_No: 
S/N: 
Name: 
Comment: 
Time|Position: 2025-03-31 | 190853 | 43 44.2445 N | 66 23.2072 W
Cruise: EN728
PI: Lindsay Beazley
Protocol: AZMP
Platform: RV Endeavor
Revisions: 
Mooring Number: 
Number of RCMs: 
Number of MicroCATs: 
Number of Temperature Recorders: 
Number of Amars: 
Attachment: 
Encoding: plain
========================================

$@MID@$: 62
Date: Mon, 31 Mar 2025 19:16:21 +0000
Reply to: 63
In reply to: 61
Event: 021
Station: YL_01
Instrument: CTD
Attached: pH(remove 1000m) | Nitrate(remove 1200m)
Number_of_Bottles: 
Flowmeter S/N: 
Flowmeter Start: 
Flowmeter End: 
Action: Bottom
Sounding: 69.47
Sample ID: 514150
End_Sample_ID: 514162
Wire out: 
Wire Angle: 
Net Clogging: 
Wind Direction: 
Wind Speed (nm): 
Sky (condition): 
Swell Direction: 
Swell Height (M): 
Sea (Condition): 
Depth: 
Author: Melanie Hardy
IMEI_No: 
WMO_No: 
S/N: 
Name: 
Comment: 
Time|Position: 2025-03-31 | 191619 | 43 43.9774 N | 66 23.0225 W
Cruise: EN728
PI: Lindsay Beazley
Protocol: AZMP
Platform: RV Endeavor
Revisions: 
Mooring Number: 
Number of RCMs: 
Number of MicroCATs: 
Number of Temperature Recorders: 
Number of Amars: 
Attachment: 
Encoding: plain
========================================

$@MID@$: 63
Date: Mon, 31 Mar 2025 19:26:59 +0000
In reply to: 62
Event: 021
Station: YL_01
Instrument: CTD
Attached: pH(remove 1000m) | Nitrate(remove 1200m)
Number_of_Bottles: 
Flowmeter S/N: 
Flowmeter Start: 
Flowmeter End: 
Action: Recovered
Sounding: 66.93
Sample ID: 514150
End_Sample_ID: 514162
Wire out: 
Wire Angle: 
Net Clogging: 
Wind Direction: 
Wind Speed (nm): 
Sky (condition): 
Swell Direction: 
Swell Height (M): 
Sea (Condition): 
Depth: 
Author: Melanie Hardy
IMEI_No: 
WMO_No: 
S/N: 
Name: 
Comment: 
Time|Position: 2025-03-31 | 192656 | 43 43.5966 N | 66 22.8343 W
Cruise: EN728
PI: Lindsay Beazley
Protocol: AZMP
Platform: RV Endeavor
Revisions: 
Mooring Number: 
Number of RCMs: 
Number of MicroCATs: 
Number of Temperature Recorders: 
Number of Amars: 
Attachment: 
Encoding: plain
========================================

$@MID@$: 64
Date: Mon, 31 Mar 2025 22:25:04 +0000
Reply to: 65
Event: 022
Station: YL_02
Instrument: RingNet
Attached: 202um | Flowmeter
Number_of_Bottles: 
Flowmeter S/N: 
Flowmeter Start: 
Flowmeter End: 
Action: Deployed
Sounding: 130.62
Sample ID: 514163
End_Sample_ID: 
Wire out: 
Wire Angle: 
Net Clogging: 
Wind Direction: 
Wind Speed (nm): 
Sky (condition): 
Swell Direction: 
Swell Height (M): 
Sea (Condition): 
Depth: 
Author: Rebecca Milne
IMEI_No: 
WMO_No: 
S/N: 
Name: 
Comment: 
Time|Position: 2025-03-31 | 222502 | 43 40.7615 N | 66 51.4103 W
Cruise: EN728
PI: Lindsay Beazley
Protocol: AZMP
Platform: RV Endeavor
Revisions: 31/Mar/2025 22:53:22
Mooring Number: 
Number of RCMs: 
Number of MicroCATs: 
Number of Temperature Recorders: 
Number of Amars: 
Attachment: 
Encoding: plain
========================================

$@MID@$: 65
Date: Mon, 31 Mar 2025 22:28:59 +0000
Reply to: 66
In reply to: 64
Event: 022
Station: YL_02
Instrument: RingNet
Attached: 202um | Flowmeter
Number_of_Bottles: 
Flowmeter S/N: 
Flowmeter Start: 98990
Flowmeter End: 99442
Action: Bottom
Sounding: 126.86
Sample ID: 514163
End_Sample_ID: 
Wire out: 116
Wire Angle: 15
Net Clogging: 
Wind Direction: 
Wind Speed (nm): 
Sky (condition): 
Swell Direction: 
Swell Height (M): 
Sea (Condition): 
Depth: 
Author: Rebecca Milne
IMEI_No: 
WMO_No: 
S/N: 
Name: 
Comment: bottom submitted late
Time|Position: 2025-03-31 | 222857 | 43 40.7217 N | 66 51.3411 W
Cruise: EN728
PI: Lindsay Beazley
Protocol: AZMP
Platform: RV Endeavor
Revisions: 31/Mar/2025 23:44:57
Mooring Number: 
Number of RCMs: 
Number of MicroCATs: 
Number of Temperature Recorders: 
Number of Amars: 
Attachment: 
Encoding: plain
========================================

$@MID@$: 66
Date: Mon, 31 Mar 2025 22:34:46 +0000
In reply to: 65
Event: 022
Station: YL_02
Instrument: RingNet
Attached: 202um | Flowmeter
Number_of_Bottles: 
Flowmeter S/N: 
Flowmeter Start: 
Flowmeter End: 
Action: Recovered
Sounding: 127.37
Sample ID: 
End_Sample_ID: 
Wire out: 116
Wire Angle: 
Net Clogging: 
Wind Direction: 
Wind Speed (nm): 
Sky (condition): 
Swell Direction: 
Swell Height (M): 
Sea (Condition): 
Depth: 
Author: Rebecca Milne
IMEI_No: 
WMO_No: 
S/N: 
Name: 
Comment: 
Time|Position: 2025-03-31 | 223444 | 43 40.6777 N | 66 51.3480 W
Cruise: EN728
PI: Lindsay Beazley
Protocol: AZMP
Platform: RV Endeavor
Revisions: 31/Mar/2025 22:53:44
Mooring Number: 
Number of RCMs: 
Number of MicroCATs: 
Number of Temperature Recorders: 
Number of Amars: 
Attachment: 
Encoding: plain
========================================

$@MID@$: 67
Date: Mon, 31 Mar 2025 22:42:09 +0000
Reply to: 68
Event: 023
Station: YL_02
Instrument: CTD
Attached: pH(remove 1000m) | Nitrate(remove 1200m)
Number_of_Bottles: 
Flowmeter S/N: 
Flowmeter Start: 
Flowmeter End: 
Action: Deployed
Sounding: 126.62
Sample ID: 514164
End_Sample_ID: 514174
Wire out: 
Wire Angle: 
Net Clogging: 
Wind Direction: 
Wind Speed (nm): 
Sky (condition): 
Swell Direction: 
Swell Height (M): 
Sea (Condition): 
Depth: 
Author: Chris Gordon
IMEI_No: 
WMO_No: 
S/N: 
Name: 
Comment: 
Time|Position: 2025-03-31 | 224207 | 43 40.5970 N | 66 51.4055 W
Cruise: EN728
PI: Lindsay Beazley
Protocol: AZMP
Platform: RV Endeavor
Revisions: 
Mooring Number: 
Number of RCMs: 
Number of MicroCATs: 
Number of Temperature Recorders: 
Number of Amars: 
Attachment: 
Encoding: plain
========================================

$@MID@$: 68
Date: Mon, 31 Mar 2025 22:49:28 +0000
Reply to: 69
In reply to: 67
Event: 023
Station: YL_02
Instrument: CTD
Attached: pH(remove 1000m) | Nitrate(remove 1200m)
Number_of_Bottles: 
Flowmeter S/N: 
Flowmeter Start: 
Flowmeter End: 
Action: Bottom
Sounding: 125.07
Sample ID: 514164
End_Sample_ID: 514174
Wire out: 
Wire Angle: 
Net Clogging: 
Wind Direction: 
Wind Speed (nm): 
Sky (condition): 
Swell Direction: 
Swell Height (M): 
Sea (Condition): 
Depth: 
Author: Chris Gordon
IMEI_No: 
WMO_No: 
S/N: 
Name: 
Comment: 
Time|Position: 2025-03-31 | 224925 | 43 40.5188 N | 66 51.2968 W
Cruise: EN728
PI: Lindsay Beazley
Protocol: AZMP
Platform: RV Endeavor
Revisions: 
Mooring Number: 
Number of RCMs: 
Number of MicroCATs: 
Number of Temperature Recorders: 
Number of Amars: 
Attachment: 
Encoding: plain
========================================

$@MID@$: 69
Date: Mon, 31 Mar 2025 23:11:26 +0000
In reply to: 68
Event: 023
Station: YL_02
Instrument: CTD
Attached: pH(remove 1000m) | Nitrate(remove 1200m)
Number_of_Bottles: 
Flowmeter S/N: 
Flowmeter Start: 
Flowmeter End: 
Action: Recovered
Sounding: 125.86
Sample ID: 514164
End_Sample_ID: 514174
Wire out: 
Wire Angle: 
Net Clogging: 
Wind Direction: 
Wind Speed (nm): 
Sky (condition): 
Swell Direction: 
Swell Height (M): 
Sea (Condition): 
Depth: 
Author: Chris Gordon
IMEI_No: 
WMO_No: 
S/N: 
Name: 
Comment: 
Time|Position: 2025-03-31 | 231123 | 43 40.4257 N | 66 51.1227 W
Cruise: EN728
PI: Lindsay Beazley
Protocol: AZMP
Platform: RV Endeavor
Revisions: 
Mooring Number: 
Number of RCMs: 
Number of MicroCATs: 
Number of Temperature Recorders: 
Number of Amars: 
Attachment: 
Encoding: plain
========================================

