$@MID@$: 1
Date: Sat, 29 Mar 2025 17:07:54 +0000
Reply to: 2
Event: 001
Station: HL_02
Instrument: CTD
Attached: pH(remove 1000m) | Nitrate(remove 1200m)
Number_of_Bottles: 
Flowmeter S/N: 
Flowmeter Start: 
Flowmeter End: 
Action: Deployed
Sounding: 156
Sample ID: 514025
End_Sample_ID: 514043
Wire out: 
Wire Angle: 
Net Clogging: 
Wind Direction: 
Wind Speed (nm): 
Sky (condition): 
Swell Direction: 
Swell Height (M): 
Sea (Condition): 
Depth: 
Author: Melanie Hardy
IMEI_No: 
WMO_No: 
S/N: 
Name: 
Comment: 
Time|Position: 2025-03-29 | 170752 | 44 15.8215 N | 63 19.1501 W
Cruise: EN728
PI: Lindsay Beazley
Protocol: AZMP
Platform: RV Endeavor
Revisions: 29/Mar/2025 17:12:04
Mooring Number: 
Number of RCMs: 
Number of MicroCATs: 
Number of Temperature Recorders: 
Number of Amars: 
Attachment: 
Encoding: plain
========================================

$@MID@$: 2
Date: Sat, 29 Mar 2025 17:22:02 +0000
Reply to: 3
In reply to: 1
Event: 001
Station: HL_02
Instrument: CTD
Attached: pH(remove 1000m) | Nitrate(remove 1200m)
Number_of_Bottles: 
Flowmeter S/N: 
Flowmeter Start: 
Flowmeter End: 
Action: Bottom
Sounding: 167.29
Sample ID: 514025
End_Sample_ID: 514043
Wire out: 
Wire Angle: 
Net Clogging: 
Wind Direction: 
Wind Speed (nm): 
Sky (condition): 
Swell Direction: 
Swell Height (M): 
Sea (Condition): 
Depth: 
Author: Melanie Hardy
IMEI_No: 
WMO_No: 
S/N: 
Name: 
Comment: 
Time|Position: 2025-03-29 | 172201 | 44 15.7133 N | 63 19.2302 W
Cruise: EN728
PI: Lindsay Beazley
Protocol: AZMP
Platform: RV Endeavor
Revisions: 29/Mar/2025 17:12:04
Mooring Number: 
Number of RCMs: 
Number of MicroCATs: 
Number of Temperature Recorders: 
Number of Amars: 
Attachment: 
Encoding: plain
========================================

$@MID@$: 3
Date: Sat, 29 Mar 2025 17:52:41 +0000
In reply to: 2
Event: 001
Station: HL_02
Instrument: CTD
Attached: pH(remove 1000m) | Nitrate(remove 1200m)
Number_of_Bottles: 
Flowmeter S/N: 
Flowmeter Start: 
Flowmeter End: 
Action: Recovered
Sounding: 154.94
Sample ID: 514025
End_Sample_ID: 514043
Wire out: 
Wire Angle: 
Net Clogging: 
Wind Direction: 
Wind Speed (nm): 
Sky (condition): 
Swell Direction: 
Swell Height (M): 
Sea (Condition): 
Depth: 
Author: Melanie Hardy
IMEI_No: 
WMO_No: 
S/N: 
Name: 
Comment: 
Time|Position: 2025-03-29 | 175240 | 44 15.3890 N | 63 19.6137 W
Cruise: EN728
PI: Lindsay Beazley
Protocol: AZMP
Platform: RV Endeavor
Revisions: 29/Mar/2025 17:12:04
Mooring Number: 
Number of RCMs: 
Number of MicroCATs: 
Number of Temperature Recorders: 
Number of Amars: 
Attachment: 
Encoding: plain
========================================

$@MID@$: 4
Date: Sat, 29 Mar 2025 18:22:52 +0000
Reply to: 5, 208
Event: 002
Station: HL_02
Instrument: RingNet
Attached: 202um | Flowmeter
Number_of_Bottles: 
Flowmeter S/N: 
Flowmeter Start: 89352
Flowmeter End: 
Action: Deployed
Sounding: 164.66
Sample ID: 514044
End_Sample_ID: 
Wire out: 
Wire Angle: 
Net Clogging: 
Wind Direction: 
Wind Speed (nm): 
Sky (condition): 
Swell Direction: 
Swell Height (M): 
Sea (Condition): 
Depth: 
Author: Rebecca Milne
IMEI_No: 
WMO_No: 
S/N: 
Name: 
Comment: 
Time|Position: 2025-03-29 | 182250 | 44 15.0369 N | 63 19.8639 W
Cruise: EN728
PI: Lindsay Beazley
Protocol: AZMP
Platform: RV Endeavor
Revisions: 
Mooring Number: 
Number of RCMs: 
Number of MicroCATs: 
Number of Temperature Recorders: 
Number of Amars: 
Attachment: 
Encoding: plain
========================================

$@MID@$: 5
Date: Sat, 29 Mar 2025 18:26:47 +0000
Reply to: 6
In reply to: 4
Event: 002
Station: HL_02
Instrument: RingNet
Attached: 202um | Flowmeter
Number_of_Bottles: 
Flowmeter S/N: 
Flowmeter Start: 89352
Flowmeter End: 
Action: Bottom
Sounding: 160.97
Sample ID: 514044
End_Sample_ID: 
Wire out: 148
Wire Angle: 
Net Clogging: 
Wind Direction: 
Wind Speed (nm): 
Sky (condition): 
Swell Direction: 
Swell Height (M): 
Sea (Condition): 
Depth: 
Author: Rebecca Milne
IMEI_No: 
WMO_No: 
S/N: 
Name: 
Comment: 
Time|Position: 2025-03-29 | 182645 | 44 14.9929 N | 63 19.8686 W
Cruise: EN728
PI: Lindsay Beazley
Protocol: AZMP
Platform: RV Endeavor
Revisions: 
Mooring Number: 
Number of RCMs: 
Number of MicroCATs: 
Number of Temperature Recorders: 
Number of Amars: 
Attachment: 
Encoding: plain
========================================

$@MID@$: 6
Date: Sat, 29 Mar 2025 18:35:31 +0000
In reply to: 5
Event: 002
Station: HL_02
Instrument: RingNet
Attached: 202um | Flowmeter
Number_of_Bottles: 
Flowmeter S/N: 
Flowmeter Start: 89352
Flowmeter End: 89784
Action: Recovered
Sounding: 161.13
Sample ID: 514044
End_Sample_ID: 
Wire out: 148
Wire Angle: 5
Net Clogging: 
Wind Direction: 
Wind Speed (nm): 
Sky (condition): 
Swell Direction: 
Swell Height (M): 
Sea (Condition): 
Depth: 
Author: Rebecca Milne
IMEI_No: 
WMO_No: 
S/N: 
Name: 
Comment: 
Time|Position: 2025-03-29 | 183530 | 44 14.8960 N | 63 19.8769 W
Cruise: EN728
PI: Lindsay Beazley
Protocol: AZMP
Platform: RV Endeavor
Revisions: 29/Mar/2025 19:30:17
Mooring Number: 
Number of RCMs: 
Number of MicroCATs: 
Number of Temperature Recorders: 
Number of Amars: 
Attachment: 
Encoding: plain
========================================

$@MID@$: 7
Date: Sat, 29 Mar 2025 18:36:54 +0000
Reply to: 8
Event: 003
Station: HL_02
Instrument: RingNet
Attached: 76um | Flowmeter
Number_of_Bottles: 
Flowmeter S/N: 
Flowmeter Start: 61000
Flowmeter End: 00364
Action: Deployed
Sounding: 161.34
Sample ID: 514045
End_Sample_ID: 
Wire out: 
Wire Angle: 
Net Clogging: 
Wind Direction: 
Wind Speed (nm): 
Sky (condition): 
Swell Direction: 
Swell Height (M): 
Sea (Condition): 
Depth: 
Author: Lindsay Beazley
IMEI_No: 
WMO_No: 
S/N: 
Name: 
Comment: 
Time|Position: 2025-03-29 | 183652 | 44 14.8795 N | 63 19.8806 W
Cruise: EN728
PI: Lindsay Beazley
Protocol: AZMP
Platform: RV Endeavor
Revisions: 29/Mar/2025 19:35:30
Mooring Number: 
Number of RCMs: 
Number of MicroCATs: 
Number of Temperature Recorders: 
Number of Amars: 
Attachment: 
Encoding: plain
========================================

$@MID@$: 8
Date: Sat, 29 Mar 2025 18:41:49 +0000
Reply to: 9
In reply to: 7
Event: 003
Station: HL_02
Instrument: RingNet
Attached: 76um | Flowmeter
Number_of_Bottles: 
Flowmeter S/N: 
Flowmeter Start: 61000
Flowmeter End: 00364
Action: Bottom
Sounding: 158.32
Sample ID: 514045
End_Sample_ID: 
Wire out: 148
Wire Angle: 5
Net Clogging: 
Wind Direction: 
Wind Speed (nm): 
Sky (condition): 
Swell Direction: 
Swell Height (M): 
Sea (Condition): 
Depth: 
Author: Lindsay Beazley
IMEI_No: 
WMO_No: 
S/N: 
Name: 
Comment: 
Time|Position: 2025-03-29 | 184147 | 44 14.8231 N | 63 19.8856 W
Cruise: EN728
PI: Lindsay Beazley
Protocol: AZMP
Platform: RV Endeavor
Revisions: 29/Mar/2025 19:34:54
Mooring Number: 
Number of RCMs: 
Number of MicroCATs: 
Number of Temperature Recorders: 
Number of Amars: 
Attachment: 
Encoding: plain
========================================

$@MID@$: 9
Date: Sat, 29 Mar 2025 18:47:45 +0000
In reply to: 8
Event: 003
Station: HL_02
Instrument: RingNet
Attached: 76um | Flowmeter
Number_of_Bottles: 
Flowmeter S/N: 
Flowmeter Start: 61000
Flowmeter End: 00364
Action: Recovered
Sounding: 157.29
Sample ID: 514045
End_Sample_ID: 
Wire out: 148
Wire Angle: 5
Net Clogging: 
Wind Direction: 
Wind Speed (nm): 
Sky (condition): 
Swell Direction: 
Swell Height (M): 
Sea (Condition): 
Depth: 
Author: Lindsay Beazley
IMEI_No: 
WMO_No: 
S/N: 
Name: 
Comment: 
Time|Position: 2025-03-29 | 184743 | 44 14.7570 N | 63 19.8888 W
Cruise: EN728
PI: Lindsay Beazley
Protocol: AZMP
Platform: RV Endeavor
Revisions: 29/Mar/2025 19:35:16
Mooring Number: 
Number of RCMs: 
Number of MicroCATs: 
Number of Temperature Recorders: 
Number of Amars: 
Attachment: 
Encoding: plain
========================================

$@MID@$: 10
Date: Sat, 29 Mar 2025 18:57:12 +0000
Reply to: 11
Event: 004
Station: HL_02
Instrument: Secchi Disk
Attached: 
Number_of_Bottles: 
Flowmeter S/N: 
Flowmeter Start: 
Flowmeter End: 
Action: Deployed
Sounding: 157.05
Sample ID: 
End_Sample_ID: 
Wire out: 
Wire Angle: 
Net Clogging: 
Wind Direction: 
Wind Speed (nm): 
Sky (condition): 
Swell Direction: 
Swell Height (M): 
Sea (Condition): 
Depth: 
Author: Lindsay Beazley
IMEI_No: 
WMO_No: 
S/N: 
Name: 
Comment: 
Time|Position: 2025-03-29 | 185710 | 44 14.6481 N | 63 19.9034 W
Cruise: EN728
PI: Lindsay Beazley
Protocol: AZMP
Platform: RV Endeavor
Revisions: 
Mooring Number: 
Number of RCMs: 
Number of MicroCATs: 
Number of Temperature Recorders: 
Number of Amars: 
Attachment: 
Encoding: plain
========================================

$@MID@$: 11
Date: Sat, 29 Mar 2025 18:59:46 +0000
In reply to: 10
Event: 004
Station: HL_02
Instrument: Secchi Disk
Attached: 
Number_of_Bottles: 
Flowmeter S/N: 
Flowmeter Start: 
Flowmeter End: 
Action: Recovered
Sounding: 158.31
Sample ID: 
End_Sample_ID: 
Wire out: 
Wire Angle: 
Net Clogging: 
Wind Direction: 
Wind Speed (nm): 
Sky (condition): 
Swell Direction: 
Swell Height (M): 
Sea (Condition): 
Depth: 6
Author: Lindsay Beazley
IMEI_No: 
WMO_No: 
S/N: 
Name: 
Comment: 
Time|Position: 2025-03-29 | 185944 | 44 14.6190 N | 63 19.9099 W
Cruise: EN728
PI: Lindsay Beazley
Protocol: AZMP
Platform: RV Endeavor
Revisions: 
Mooring Number: 
Number of RCMs: 
Number of MicroCATs: 
Number of Temperature Recorders: 
Number of Amars: 
Attachment: 
Encoding: plain
========================================

