$@MID@$: 650
Date: Thu, 17 Apr 2025 00:32:44 +0000
In reply to: 649
Event: 217
Station: HL_11
Instrument: CTD
Attached: 
Number_of_Bottles: 
Flowmeter S/N: 
Flowmeter Start: 
Flowmeter End: 
Action: Recovered
Sounding: 4454.44
Sample ID: 515481
End_Sample_ID: 515504
Wire out: 
Wire Angle: 
Net Clogging: 
Wind Direction: 
Wind Speed (nm): 
Sky (condition): 
Swell Direction: 
Swell Height (M): 
Sea (Condition): 
Depth: 
Author: Chris Gordon
IMEI_No: 
WMO_No: 
S/N: 
Name: 
Comment: 
Time|Position: 2025-04-17 | 003241 | 41 44.4819 N | 60 53.5325 W
Cruise: EN728
PI: Lindsay Beazley
Protocol: AZMP
Platform: RV Endeavor
Revisions: 16/Apr/2025 22:35:06
Mooring Number: 
Number of RCMs: 
Number of MicroCATs: 
Number of Temperature Recorders: 
Number of Amars: 
Attachment: 
Encoding: plain
========================================

$@MID@$: 651
Date: Thu, 17 Apr 2025 23:31:38 +0000
Reply to: 652
Event: 218
Station: HL_02
Instrument: RingNet
Attached: 202um | Flowmeter
Number_of_Bottles: 
Flowmeter S/N: 
Flowmeter Start: 87499
Flowmeter End: 
Action: Deployed
Sounding: 157.43
Sample ID: 515505
End_Sample_ID: 
Wire out: 
Wire Angle: 
Net Clogging: 
Wind Direction: 
Wind Speed (nm): 
Sky (condition): 
Swell Direction: 
Swell Height (M): 
Sea (Condition): 
Depth: 
Author: Rebecca Milne
IMEI_No: 
WMO_No: 
S/N: 
Name: 
Comment: 
Time|Position: 2025-04-17 | 233135 | 44 15.6578 N | 63 19.2775 W
Cruise: EN728
PI: Lindsay Beazley
Protocol: AZMP
Platform: RV Endeavor
Revisions: 
Mooring Number: 
Number of RCMs: 
Number of MicroCATs: 
Number of Temperature Recorders: 
Number of Amars: 
Attachment: 
Encoding: plain
========================================

$@MID@$: 652
Date: Thu, 17 Apr 2025 23:36:55 +0000
Reply to: 653
In reply to: 651
Event: 218
Station: HL_02
Instrument: RingNet
Attached: 202um | Flowmeter
Number_of_Bottles: 
Flowmeter S/N: 
Flowmeter Start: 87499
Flowmeter End: 
Action: Bottom
Sounding: 162.46
Sample ID: 515505
End_Sample_ID: 
Wire out: 152
Wire Angle: 
Net Clogging: 
Wind Direction: 
Wind Speed (nm): 
Sky (condition): 
Swell Direction: 
Swell Height (M): 
Sea (Condition): 
Depth: 
Author: Rebecca Milne
IMEI_No: 
WMO_No: 
S/N: 
Name: 
Comment: 
Time|Position: 2025-04-17 | 233652 | 44 15.5784 N | 63 19.3660 W
Cruise: EN728
PI: Lindsay Beazley
Protocol: AZMP
Platform: RV Endeavor
Revisions: 
Mooring Number: 
Number of RCMs: 
Number of MicroCATs: 
Number of Temperature Recorders: 
Number of Amars: 
Attachment: 
Encoding: plain
========================================

$@MID@$: 653
Date: Thu, 17 Apr 2025 23:45:20 +0000
In reply to: 652
Event: 218
Station: HL_02
Instrument: RingNet
Attached: 202um | Flowmeter
Number_of_Bottles: 
Flowmeter S/N: 
Flowmeter Start: 87499
Flowmeter End: 88103
Action: Recovered
Sounding: 164.80
Sample ID: 515505
End_Sample_ID: 
Wire out: 152
Wire Angle: 10
Net Clogging: 
Wind Direction: 
Wind Speed (nm): 
Sky (condition): 
Swell Direction: 
Swell Height (M): 
Sea (Condition): 
Depth: 
Author: Rebecca Milne
IMEI_No: 
WMO_No: 
S/N: 
Name: 
Comment: 
Time|Position: 2025-04-17 | 234517 | 44 15.4569 N | 63 19.5435 W
Cruise: EN728
PI: Lindsay Beazley
Protocol: AZMP
Platform: RV Endeavor
Revisions: 18/Apr/2025 01:03:40
Mooring Number: 
Number of RCMs: 
Number of MicroCATs: 
Number of Temperature Recorders: 
Number of Amars: 
Attachment: 
Encoding: plain
========================================

$@MID@$: 654
Date: Thu, 17 Apr 2025 23:45:45 +0000
Reply to: 655
Event: 219
Station: HL_02
Instrument: RingNet
Attached: 76um | Flowmeter
Number_of_Bottles: 
Flowmeter S/N: 
Flowmeter Start: 
Flowmeter End: 
Action: Deployed
Sounding: 157.31
Sample ID: 
End_Sample_ID: 
Wire out: 
Wire Angle: 
Net Clogging: 
Wind Direction: 
Wind Speed (nm): 
Sky (condition): 
Swell Direction: 
Swell Height (M): 
Sea (Condition): 
Depth: 
Author: Rebecca Milne
IMEI_No: 
WMO_No: 
S/N: 
Name: 
Comment: 
Time|Position: 2025-04-17 | 234542 | 44 15.4517 N | 63 19.5520 W
Cruise: EN728
PI: Lindsay Beazley
Protocol: AZMP
Platform: RV Endeavor
Revisions: 
Mooring Number: 
Number of RCMs: 
Number of MicroCATs: 
Number of Temperature Recorders: 
Number of Amars: 
Attachment: 
Encoding: plain
========================================

$@MID@$: 655
Date: Thu, 17 Apr 2025 23:50:42 +0000
Reply to: 656
In reply to: 654
Event: 219
Station: HL_02
Instrument: RingNet
Attached: 76um | Flowmeter
Number_of_Bottles: 
Flowmeter S/N: 
Flowmeter Start: 00764
Flowmeter End: 
Action: Bottom
Sounding: 156.24
Sample ID: 515506
End_Sample_ID: 
Wire out: 141
Wire Angle: 
Net Clogging: 
Wind Direction: 
Wind Speed (nm): 
Sky (condition): 
Swell Direction: 
Swell Height (M): 
Sea (Condition): 
Depth: 
Author: Rebecca Milne
IMEI_No: 
WMO_No: 
S/N: 
Name: 
Comment: 
Time|Position: 2025-04-17 | 235038 | 44 15.3858 N | 63 19.6547 W
Cruise: EN728
PI: Lindsay Beazley
Protocol: AZMP
Platform: RV Endeavor
Revisions: 
Mooring Number: 
Number of RCMs: 
Number of MicroCATs: 
Number of Temperature Recorders: 
Number of Amars: 
Attachment: 
Encoding: plain
========================================

$@MID@$: 656
Date: Thu, 17 Apr 2025 23:56:27 +0000
In reply to: 655
Event: 219
Station: HL_02
Instrument: RingNet
Attached: 76um | Flowmeter
Number_of_Bottles: 
Flowmeter S/N: 
Flowmeter Start: 00764
Flowmeter End: 01198
Action: Recovered
Sounding: 153.70
Sample ID: 515506
End_Sample_ID: 
Wire out: 141
Wire Angle: 10
Net Clogging: 
Wind Direction: 
Wind Speed (nm): 
Sky (condition): 
Swell Direction: 
Swell Height (M): 
Sea (Condition): 
Depth: 
Author: Rebecca Milne
IMEI_No: 
WMO_No: 
S/N: 
Name: 
Comment: 
Time|Position: 2025-04-17 | 235623 | 44 15.3142 N | 63 19.7584 W
Cruise: EN728
PI: Lindsay Beazley
Protocol: AZMP
Platform: RV Endeavor
Revisions: 18/Apr/2025 00:58:45
Mooring Number: 
Number of RCMs: 
Number of MicroCATs: 
Number of Temperature Recorders: 
Number of Amars: 
Attachment: 
Encoding: plain
========================================

