$@MID@$: 657
Date: Fri, 18 Apr 2025 00:20:53 +0000
Reply to: 658
Event: 220
Station: HL_02
Instrument: CTD
Attached: pH(remove 1000m) | Nitrate(remove 1200m)
Number_of_Bottles: 
Flowmeter S/N: 
Flowmeter Start: 
Flowmeter End: 
Action: Deployed
Sounding: NA
Sample ID: 515507
End_Sample_ID: 515530
Wire out: 
Wire Angle: 
Net Clogging: 
Wind Direction: 
Wind Speed (nm): 
Sky (condition): 
Swell Direction: 
Swell Height (M): 
Sea (Condition): 
Depth: 
Author: Chris Gordon
IMEI_No: 
WMO_No: 
S/N: 
Name: 
Comment: 
Time|Position: 2025-04-18 | 002050 | 44 15.8555 N | 63 19.1342 W
Cruise: EN728
PI: Lindsay Beazley
Protocol: AZMP
Platform: RV Endeavor
Revisions: 
Mooring Number: 
Number of RCMs: 
Number of MicroCATs: 
Number of Temperature Recorders: 
Number of Amars: 
Attachment: 
Encoding: plain
========================================

$@MID@$: 658
Date: Fri, 18 Apr 2025 00:30:00 +0000
Reply to: 659
In reply to: 657
Event: 220
Station: HL_02
Instrument: CTD
Attached: pH(remove 1000m) | Nitrate(remove 1200m)
Number_of_Bottles: 
Flowmeter S/N: 
Flowmeter Start: 
Flowmeter End: 
Action: Bottom
Sounding: NA
Sample ID: 515507
End_Sample_ID: 515530
Wire out: 
Wire Angle: 
Net Clogging: 
Wind Direction: 
Wind Speed (nm): 
Sky (condition): 
Swell Direction: 
Swell Height (M): 
Sea (Condition): 
Depth: 
Author: Chris Gordon
IMEI_No: 
WMO_No: 
S/N: 
Name: 
Comment: 
Time|Position: 2025-04-18 | 002957 | 44 15.7561 N | 63 19.2791 W
Cruise: EN728
PI: Lindsay Beazley
Protocol: AZMP
Platform: RV Endeavor
Revisions: 
Mooring Number: 
Number of RCMs: 
Number of MicroCATs: 
Number of Temperature Recorders: 
Number of Amars: 
Attachment: 
Encoding: plain
========================================

$@MID@$: 659
Date: Fri, 18 Apr 2025 00:50:51 +0000
In reply to: 658
Event: 220
Station: HL_02
Instrument: CTD
Attached: pH(remove 1000m) | Nitrate(remove 1200m)
Number_of_Bottles: 
Flowmeter S/N: 
Flowmeter Start: 
Flowmeter End: 
Action: Recovered
Sounding: 164.71
Sample ID: 515507
End_Sample_ID: 515530
Wire out: 
Wire Angle: 
Net Clogging: 
Wind Direction: 
Wind Speed (nm): 
Sky (condition): 
Swell Direction: 
Swell Height (M): 
Sea (Condition): 
Depth: 
Author: Chris Gordon
IMEI_No: 
WMO_No: 
S/N: 
Name: 
Comment: 
Time|Position: 2025-04-18 | 005048 | 44 15.5263 N | 63 19.6154 W
Cruise: EN728
PI: Lindsay Beazley
Protocol: AZMP
Platform: RV Endeavor
Revisions: 
Mooring Number: 
Number of RCMs: 
Number of MicroCATs: 
Number of Temperature Recorders: 
Number of Amars: 
Attachment: 
Encoding: plain
========================================

