$@MID@$: 627
Date: Wed, 16 Apr 2025 02:33:54 +0000
Reply to: 628
Event: 210
Station: HL_08
Instrument: RingNet
Attached: 202um | Flowmeter
Number_of_Bottles: 
Flowmeter S/N: 
Flowmeter Start: 74340
Flowmeter End: 77621
Action: Deployed
Sounding: 3187.91
Sample ID: 515405
End_Sample_ID: 
Wire out: 1000
Wire Angle: 
Net Clogging: 
Wind Direction: 
Wind Speed (nm): 
Sky (condition): 
Swell Direction: 
Swell Height (M): 
Sea (Condition): 
Depth: 
Author: Rebecca Milne
IMEI_No: 
WMO_No: 
S/N: 
Name: 
Comment: 
Time|Position: 2025-04-16 | 023351 | 42 21.7953 N | 61 20.3317 W
Cruise: EN728
PI: Lindsay Beazley
Protocol: AZMP
Platform: RV Endeavor
Revisions: 16/Apr/2025 03:59:40
Mooring Number: 
Number of RCMs: 
Number of MicroCATs: 
Number of Temperature Recorders: 
Number of Amars: 
Attachment: 
Encoding: plain
========================================

$@MID@$: 628
Date: Wed, 16 Apr 2025 03:07:07 +0000
Reply to: 629
In reply to: 627
Event: 210
Station: HL_08
Instrument: RingNet
Attached: 202um | Flowmeter
Number_of_Bottles: 
Flowmeter S/N: 
Flowmeter Start: 74340
Flowmeter End: 77621
Action: Bottom
Sounding: 3403.79
Sample ID: 515405
End_Sample_ID: 
Wire out: 1000
Wire Angle: 30
Net Clogging: 
Wind Direction: 
Wind Speed (nm): 
Sky (condition): 
Swell Direction: 
Swell Height (M): 
Sea (Condition): 
Depth: 
Author: Rebecca Milne
IMEI_No: 
WMO_No: 
S/N: 
Name: 
Comment: 
Time|Position: 2025-04-16 | 030705 | 42 21.5867 N | 61 20.0016 W
Cruise: EN728
PI: Lindsay Beazley
Protocol: AZMP
Platform: RV Endeavor
Revisions: 16/Apr/2025 04:00:01
Mooring Number: 
Number of RCMs: 
Number of MicroCATs: 
Number of Temperature Recorders: 
Number of Amars: 
Attachment: 
Encoding: plain
========================================

$@MID@$: 629
Date: Wed, 16 Apr 2025 03:29:05 +0000
In reply to: 628
Event: 210
Station: HL_08
Instrument: RingNet
Attached: 202um | Flowmeter
Number_of_Bottles: 
Flowmeter S/N: 
Flowmeter Start: 74340
Flowmeter End: 77621
Action: Recovered
Sounding: 3438.04
Sample ID: 515405
End_Sample_ID: 
Wire out: 1000
Wire Angle: 30
Net Clogging: 
Wind Direction: 
Wind Speed (nm): 
Sky (condition): 
Swell Direction: 
Swell Height (M): 
Sea (Condition): 
Depth: 
Author: Rebecca Milne
IMEI_No: 
WMO_No: 
S/N: 
Name: 
Comment: 
Time|Position: 2025-04-16 | 032902 | 42 21.5066 N | 61 19.8413 W
Cruise: EN728
PI: Lindsay Beazley
Protocol: AZMP
Platform: RV Endeavor
Revisions: 16/Apr/2025 04:00:20
Mooring Number: 
Number of RCMs: 
Number of MicroCATs: 
Number of Temperature Recorders: 
Number of Amars: 
Attachment: 
Encoding: plain
========================================

$@MID@$: 630
Date: Wed, 16 Apr 2025 03:34:26 +0000
Reply to: 631
Event: 211
Station: HL_08
Instrument: CTD
Attached: 
Number_of_Bottles: 
Flowmeter S/N: 
Flowmeter Start: 
Flowmeter End: 
Action: Deployed
Sounding: 3442.52
Sample ID: 515406
End_Sample_ID: 515429
Wire out: 
Wire Angle: 
Net Clogging: 
Wind Direction: 
Wind Speed (nm): 
Sky (condition): 
Swell Direction: 
Swell Height (M): 
Sea (Condition): 
Depth: 
Author: Chris Gordon
IMEI_No: 
WMO_No: 
S/N: 
Name: 
Comment: 
Time|Position: 2025-04-16 | 033423 | 42 21.4860 N | 61 19.8100 W
Cruise: EN728
PI: Lindsay Beazley
Protocol: AZMP
Platform: RV Endeavor
Revisions: 
Mooring Number: 
Number of RCMs: 
Number of MicroCATs: 
Number of Temperature Recorders: 
Number of Amars: 
Attachment: 
Encoding: plain
========================================

$@MID@$: 631
Date: Wed, 16 Apr 2025 04:41:37 +0000
Reply to: 632
In reply to: 630
Event: 211
Station: HL_08
Instrument: CTD
Attached: 
Number_of_Bottles: 
Flowmeter S/N: 
Flowmeter Start: 
Flowmeter End: 
Action: Bottom
Sounding: 3467.03
Sample ID: 515406
End_Sample_ID: 515429
Wire out: 
Wire Angle: 
Net Clogging: 
Wind Direction: 
Wind Speed (nm): 
Sky (condition): 
Swell Direction: 
Swell Height (M): 
Sea (Condition): 
Depth: 
Author: Chris Gordon
IMEI_No: 
WMO_No: 
S/N: 
Name: 
Comment: 
Time|Position: 2025-04-16 | 044134 | 42 21.2528 N | 61 19.2806 W
Cruise: EN728
PI: Lindsay Beazley
Protocol: AZMP
Platform: RV Endeavor
Revisions: 
Mooring Number: 
Number of RCMs: 
Number of MicroCATs: 
Number of Temperature Recorders: 
Number of Amars: 
Attachment: 
Encoding: plain
========================================

$@MID@$: 632
Date: Wed, 16 Apr 2025 06:20:58 +0000
In reply to: 631
Event: 211
Station: HL_08
Instrument: CTD
Attached: 
Number_of_Bottles: 
Flowmeter S/N: 
Flowmeter Start: 
Flowmeter End: 
Action: Recovered
Sounding: 3580.76
Sample ID: 515406
End_Sample_ID: 515429
Wire out: 
Wire Angle: 
Net Clogging: 
Wind Direction: 
Wind Speed (nm): 
Sky (condition): 
Swell Direction: 
Swell Height (M): 
Sea (Condition): 
Depth: 
Author: Chris Gordon
IMEI_No: 
WMO_No: 
S/N: 
Name: 
Comment: 
Time|Position: 2025-04-16 | 062055 | 42 20.5413 N | 61 19.5112 W
Cruise: EN728
PI: Lindsay Beazley
Protocol: AZMP
Platform: RV Endeavor
Revisions: 
Mooring Number: 
Number of RCMs: 
Number of MicroCATs: 
Number of Temperature Recorders: 
Number of Amars: 
Attachment: 
Encoding: plain
========================================

$@MID@$: 633
Date: Wed, 16 Apr 2025 08:04:14 +0000
Reply to: 634
Event: 212
Station: HL_09
Instrument: RingNet
Attached: 202um | Flowmeter
Number_of_Bottles: 
Flowmeter S/N: 
Flowmeter Start: 
Flowmeter End: 
Action: Deployed
Sounding: 3763.44
Sample ID: 515430
End_Sample_ID: 
Wire out: 
Wire Angle: 
Net Clogging: 
Wind Direction: 
Wind Speed (nm): 
Sky (condition): 
Swell Direction: 
Swell Height (M): 
Sea (Condition): 
Depth: 
Author: Rebecca Milne
IMEI_No: 
WMO_No: 
S/N: 
Name: 
Comment: 
Time|Position: 2025-04-16 | 080411 | 42 15.1087 N | 61 15.1017 W
Cruise: EN728
PI: Lindsay Beazley
Protocol: AZMP
Platform: RV Endeavor
Revisions: 16/Apr/2025 09:12:05
Mooring Number: 
Number of RCMs: 
Number of MicroCATs: 
Number of Temperature Recorders: 
Number of Amars: 
Attachment: 
Encoding: plain
========================================

$@MID@$: 634
Date: Wed, 16 Apr 2025 08:36:23 +0000
Reply to: 635
In reply to: 633
Event: 212
Station: HL_09
Instrument: RingNet
Attached: 202um | Flowmeter
Number_of_Bottles: 
Flowmeter S/N: 
Flowmeter Start: 77621
Flowmeter End: 
Action: Bottom
Sounding: 3766.14
Sample ID: 515430
End_Sample_ID: 
Wire out: 1000
Wire Angle: 5
Net Clogging: 
Wind Direction: 
Wind Speed (nm): 
Sky (condition): 
Swell Direction: 
Swell Height (M): 
Sea (Condition): 
Depth: 
Author: Rebecca Milne
IMEI_No: 
WMO_No: 
S/N: 
Name: 
Comment: 
Time|Position: 2025-04-16 | 083620 | 42 14.9160 N | 61 15.3059 W
Cruise: EN728
PI: Lindsay Beazley
Protocol: AZMP
Platform: RV Endeavor
Revisions: 
Mooring Number: 
Number of RCMs: 
Number of MicroCATs: 
Number of Temperature Recorders: 
Number of Amars: 
Attachment: 
Encoding: plain
========================================

$@MID@$: 635
Date: Wed, 16 Apr 2025 08:57:24 +0000
In reply to: 634
Event: 212
Station: HL_09
Instrument: RingNet
Attached: 202um | Flowmeter
Number_of_Bottles: 
Flowmeter S/N: 
Flowmeter Start: 77621
Flowmeter End: 80807
Action: Recovered
Sounding: 3771.06
Sample ID: 515430
End_Sample_ID: 
Wire out: 1000
Wire Angle: 5
Net Clogging: 
Wind Direction: 
Wind Speed (nm): 
Sky (condition): 
Swell Direction: 
Swell Height (M): 
Sea (Condition): 
Depth: 
Author: Rebecca Milne
IMEI_No: 
WMO_No: 
S/N: 
Name: 
Comment: 
Time|Position: 2025-04-16 | 085721 | 42 14.8046 N | 61 15.4007 W
Cruise: EN728
PI: Lindsay Beazley
Protocol: AZMP
Platform: RV Endeavor
Revisions: 16/Apr/2025 09:12:28
Mooring Number: 
Number of RCMs: 
Number of MicroCATs: 
Number of Temperature Recorders: 
Number of Amars: 
Attachment: 
Encoding: plain
========================================

$@MID@$: 636
Date: Wed, 16 Apr 2025 09:04:59 +0000
Reply to: 637
Event: 213
Station: HL_09
Instrument: CTD
Attached: 
Number_of_Bottles: 
Flowmeter S/N: 
Flowmeter Start: 
Flowmeter End: 
Action: Deployed
Sounding: 3773.97
Sample ID: 515431
End_Sample_ID: 515454
Wire out: 
Wire Angle: 
Net Clogging: 
Wind Direction: 
Wind Speed (nm): 
Sky (condition): 
Swell Direction: 
Swell Height (M): 
Sea (Condition): 
Depth: 
Author: Chris Gordon
IMEI_No: 
WMO_No: 
S/N: 
Name: 
Comment: 
Time|Position: 2025-04-16 | 090456 | 42 14.7756 N | 61 15.4851 W
Cruise: EN728
PI: Lindsay Beazley
Protocol: AZMP
Platform: RV Endeavor
Revisions: 
Mooring Number: 
Number of RCMs: 
Number of MicroCATs: 
Number of Temperature Recorders: 
Number of Amars: 
Attachment: 
Encoding: plain
========================================

$@MID@$: 637
Date: Wed, 16 Apr 2025 10:14:47 +0000
Reply to: 638
In reply to: 636
Event: 213
Station: HL_09
Instrument: CTD
Attached: 
Number_of_Bottles: 
Flowmeter S/N: 
Flowmeter Start: 
Flowmeter End: 
Action: Bottom
Sounding: 3780.99
Sample ID: 515431
End_Sample_ID: 515454
Wire out: 
Wire Angle: 
Net Clogging: 
Wind Direction: 
Wind Speed (nm): 
Sky (condition): 
Swell Direction: 
Swell Height (M): 
Sea (Condition): 
Depth: 
Author: Melanie Hardy
IMEI_No: 
WMO_No: 
S/N: 
Name: 
Comment: 
Time|Position: 2025-04-16 | 101444 | 42 14.4082 N | 61 16.0132 W
Cruise: EN728
PI: Lindsay Beazley
Protocol: AZMP
Platform: RV Endeavor
Revisions: 
Mooring Number: 
Number of RCMs: 
Number of MicroCATs: 
Number of Temperature Recorders: 
Number of Amars: 
Attachment: 
Encoding: plain
========================================

$@MID@$: 638
Date: Wed, 16 Apr 2025 11:57:00 +0000
In reply to: 637
Event: 213
Station: HL_09
Instrument: CTD
Attached: 
Number_of_Bottles: 
Flowmeter S/N: 
Flowmeter Start: 
Flowmeter End: 
Action: Recovered
Sounding: 3805.79
Sample ID: 515431
End_Sample_ID: 515454
Wire out: 
Wire Angle: 
Net Clogging: 
Wind Direction: 
Wind Speed (nm): 
Sky (condition): 
Swell Direction: 
Swell Height (M): 
Sea (Condition): 
Depth: 
Author: Melanie Hardy
IMEI_No: 
WMO_No: 
S/N: 
Name: 
Comment: 
Time|Position: 2025-04-16 | 115657 | 42 13.5736 N | 61 15.9854 W
Cruise: EN728
PI: Lindsay Beazley
Protocol: AZMP
Platform: RV Endeavor
Revisions: 
Mooring Number: 
Number of RCMs: 
Number of MicroCATs: 
Number of Temperature Recorders: 
Number of Amars: 
Attachment: 
Encoding: plain
========================================

$@MID@$: 639
Date: Wed, 16 Apr 2025 13:45:11 +0000
Reply to: 640
Event: 214
Station: HL_10
Instrument: RingNet
Attached: 202um | Flowmeter
Number_of_Bottles: 
Flowmeter S/N: 
Flowmeter Start: 80807
Flowmeter End: 
Action: Deployed
Sounding: 4063.92
Sample ID: 515455
End_Sample_ID: 
Wire out: 
Wire Angle: 
Net Clogging: 
Wind Direction: 
Wind Speed (nm): 
Sky (condition): 
Swell Direction: 
Swell Height (M): 
Sea (Condition): 
Depth: 
Author: Lindsay Beazley
IMEI_No: 
WMO_No: 
S/N: 
Name: 
Comment: 
Time|Position: 2025-04-16 | 134508 | 42 01.5880 N | 61 04.1039 W
Cruise: EN728
PI: Lindsay Beazley
Protocol: AZMP
Platform: RV Endeavor
Revisions: 
Mooring Number: 
Number of RCMs: 
Number of MicroCATs: 
Number of Temperature Recorders: 
Number of Amars: 
Attachment: 
Encoding: plain
========================================

$@MID@$: 640
Date: Wed, 16 Apr 2025 14:18:54 +0000
Reply to: 641
In reply to: 639
Event: 214
Station: HL_10
Instrument: RingNet
Attached: 202um | Flowmeter
Number_of_Bottles: 
Flowmeter S/N: 
Flowmeter Start: 80807
Flowmeter End: 
Action: Bottom
Sounding: 4089.32
Sample ID: 515455
End_Sample_ID: 
Wire out: 1000
Wire Angle: 
Net Clogging: 
Wind Direction: 
Wind Speed (nm): 
Sky (condition): 
Swell Direction: 
Swell Height (M): 
Sea (Condition): 
Depth: 
Author: Lindsay Beazley
IMEI_No: 
WMO_No: 
S/N: 
Name: 
Comment: 
Time|Position: 2025-04-16 | 141850 | 42 01.4795 N | 61 03.9256 W
Cruise: EN728
PI: Lindsay Beazley
Protocol: AZMP
Platform: RV Endeavor
Revisions: 
Mooring Number: 
Number of RCMs: 
Number of MicroCATs: 
Number of Temperature Recorders: 
Number of Amars: 
Attachment: 
Encoding: plain
========================================

$@MID@$: 641
Date: Wed, 16 Apr 2025 14:41:14 +0000
In reply to: 640
Event: 214
Station: HL_10
Instrument: RingNet
Attached: 202um | Flowmeter
Number_of_Bottles: 
Flowmeter S/N: 
Flowmeter Start: 80807
Flowmeter End: 84141
Action: Recovered
Sounding: 4093.14
Sample ID: 515455
End_Sample_ID: 
Wire out: 1000
Wire Angle: 0
Net Clogging: 
Wind Direction: 
Wind Speed (nm): 
Sky (condition): 
Swell Direction: 
Swell Height (M): 
Sea (Condition): 
Depth: 
Author: Lindsay Beazley
IMEI_No: 
WMO_No: 
S/N: 
Name: 
Comment: 
Time|Position: 2025-04-16 | 144111 | 42 01.4160 N | 61 03.7809 W
Cruise: EN728
PI: Lindsay Beazley
Protocol: AZMP
Platform: RV Endeavor
Revisions: 
Mooring Number: 
Number of RCMs: 
Number of MicroCATs: 
Number of Temperature Recorders: 
Number of Amars: 
Attachment: 
Encoding: plain
========================================

$@MID@$: 642
Date: Wed, 16 Apr 2025 14:46:04 +0000
Reply to: 643
Event: 215
Station: HL_10
Instrument: CTD
Attached: 
Number_of_Bottles: 
Flowmeter S/N: 
Flowmeter Start: 
Flowmeter End: 
Action: Deployed
Sounding: 4101.27
Sample ID: 515456
End_Sample_ID: 515479
Wire out: 
Wire Angle: 
Net Clogging: 
Wind Direction: 
Wind Speed (nm): 
Sky (condition): 
Swell Direction: 
Swell Height (M): 
Sea (Condition): 
Depth: 
Author: Melanie Hardy
IMEI_No: 
WMO_No: 
S/N: 
Name: 
Comment: 
Time|Position: 2025-04-16 | 144601 | 42 01.3889 N | 61 03.7605 W
Cruise: EN728
PI: Lindsay Beazley
Protocol: AZMP
Platform: RV Endeavor
Revisions: 
Mooring Number: 
Number of RCMs: 
Number of MicroCATs: 
Number of Temperature Recorders: 
Number of Amars: 
Attachment: 
Encoding: plain
========================================

$@MID@$: 643
Date: Wed, 16 Apr 2025 16:03:41 +0000
Reply to: 644
In reply to: 642
Event: 215
Station: HL_10
Instrument: CTD
Attached: 
Number_of_Bottles: 
Flowmeter S/N: 
Flowmeter Start: 
Flowmeter End: 
Action: Bottom
Sounding: 4095.97
Sample ID: 515456
End_Sample_ID: 515479
Wire out: 
Wire Angle: 
Net Clogging: 
Wind Direction: 
Wind Speed (nm): 
Sky (condition): 
Swell Direction: 
Swell Height (M): 
Sea (Condition): 
Depth: 
Author: Melanie Hardy
IMEI_No: 
WMO_No: 
S/N: 
Name: 
Comment: 
Time|Position: 2025-04-16 | 160337 | 42 00.8113 N | 61 03.5873 W
Cruise: EN728
PI: Lindsay Beazley
Protocol: AZMP
Platform: RV Endeavor
Revisions: 
Mooring Number: 
Number of RCMs: 
Number of MicroCATs: 
Number of Temperature Recorders: 
Number of Amars: 
Attachment: 
Encoding: plain
========================================

$@MID@$: 644
Date: Wed, 16 Apr 2025 17:48:54 +0000
In reply to: 643
Event: 215
Station: HL_10
Instrument: CTD
Attached: 
Number_of_Bottles: 
Flowmeter S/N: 
Flowmeter Start: 
Flowmeter End: 
Action: Recovered
Sounding: 4108.96
Sample ID: 515456
End_Sample_ID: 515479
Wire out: 
Wire Angle: 
Net Clogging: 
Wind Direction: 
Wind Speed (nm): 
Sky (condition): 
Swell Direction: 
Swell Height (M): 
Sea (Condition): 
Depth: 
Author: Melanie Hardy
IMEI_No: 
WMO_No: 
S/N: 
Name: 
Comment: Bottle 23 misfire - extra surface btl
Time|Position: 2025-04-16 | 174851 | 41 59.9142 N | 61 02.5733 W
Cruise: EN728
PI: Lindsay Beazley
Protocol: AZMP
Platform: RV Endeavor
Revisions: 16/Apr/2025 17:58:56
Mooring Number: 
Number of RCMs: 
Number of MicroCATs: 
Number of Temperature Recorders: 
Number of Amars: 
Attachment: 
Encoding: plain
========================================

$@MID@$: 645
Date: Wed, 16 Apr 2025 20:06:23 +0000
Reply to: 646
Event: 216
Station: HL_11
Instrument: RingNet
Attached: 202um | Flowmeter
Number_of_Bottles: 
Flowmeter S/N: 
Flowmeter Start: 84142
Flowmeter End: 
Action: Deployed
Sounding: 4434.05
Sample ID: 515480
End_Sample_ID: 
Wire out: 
Wire Angle: 
Net Clogging: 
Wind Direction: 
Wind Speed (nm): 
Sky (condition): 
Swell Direction: 
Swell Height (M): 
Sea (Condition): 
Depth: 
Author: Lindsay Beazley
IMEI_No: 
WMO_No: 
S/N: 
Name: 
Comment: 
Time|Position: 2025-04-16 | 200620 | 41 46.6198 N | 60 54.4134 W
Cruise: EN728
PI: Lindsay Beazley
Protocol: AZMP
Platform: RV Endeavor
Revisions: 
Mooring Number: 
Number of RCMs: 
Number of MicroCATs: 
Number of Temperature Recorders: 
Number of Amars: 
Attachment: 
Encoding: plain
========================================

$@MID@$: 646
Date: Wed, 16 Apr 2025 20:41:27 +0000
Reply to: 647
In reply to: 645
Event: 216
Station: HL_11
Instrument: RingNet
Attached: 202um | Flowmeter
Number_of_Bottles: 
Flowmeter S/N: 
Flowmeter Start: 84142
Flowmeter End: 
Action: Bottom
Sounding: 4438.34
Sample ID: 515480
End_Sample_ID: 
Wire out: 1020
Wire Angle: 
Net Clogging: 
Wind Direction: 
Wind Speed (nm): 
Sky (condition): 
Swell Direction: 
Swell Height (M): 
Sea (Condition): 
Depth: 
Author: Lindsay Beazley
IMEI_No: 
WMO_No: 
S/N: 
Name: 
Comment: went deeper to remove bad wrap
Time|Position: 2025-04-16 | 204124 | 41 46.3647 N | 60 54.3143 W
Cruise: EN728
PI: Lindsay Beazley
Protocol: AZMP
Platform: RV Endeavor
Revisions: 
Mooring Number: 
Number of RCMs: 
Number of MicroCATs: 
Number of Temperature Recorders: 
Number of Amars: 
Attachment: 
Encoding: plain
========================================

$@MID@$: 647
Date: Wed, 16 Apr 2025 21:04:18 +0000
In reply to: 646
Event: 216
Station: HL_11
Instrument: RingNet
Attached: 202um | Flowmeter
Number_of_Bottles: 
Flowmeter S/N: 
Flowmeter Start: 84142
Flowmeter End: 87497
Action: Recovered
Sounding: 4439.54
Sample ID: 515480
End_Sample_ID: 
Wire out: 1020
Wire Angle: 10
Net Clogging: 
Wind Direction: 
Wind Speed (nm): 
Sky (condition): 
Swell Direction: 
Swell Height (M): 
Sea (Condition): 
Depth: 
Author: Lindsay Beazley
IMEI_No: 
WMO_No: 
S/N: 
Name: 
Comment: Went deeper to remove bad wrap. No other chances to go this deep. Stopped on way up once to readjust spooling.
Time|Position: 2025-04-16 | 210414 | 41 46.2000 N | 60 54.2757 W
Cruise: EN728
PI: Lindsay Beazley
Protocol: AZMP
Platform: RV Endeavor
Revisions: 16/Apr/2025 21:32:54
Mooring Number: 
Number of RCMs: 
Number of MicroCATs: 
Number of Temperature Recorders: 
Number of Amars: 
Attachment: 
Encoding: plain
========================================

$@MID@$: 648
Date: Wed, 16 Apr 2025 21:10:01 +0000
Reply to: 649
Event: 217
Station: HL_11
Instrument: CTD
Attached: 
Number_of_Bottles: 
Flowmeter S/N: 
Flowmeter Start: 
Flowmeter End: 
Action: Deployed
Sounding: 4438.97
Sample ID: 515481
End_Sample_ID: 515504
Wire out: 
Wire Angle: 
Net Clogging: 
Wind Direction: 
Wind Speed (nm): 
Sky (condition): 
Swell Direction: 
Swell Height (M): 
Sea (Condition): 
Depth: 
Author: Melanie Hardy
IMEI_No: 
WMO_No: 
S/N: 
Name: 
Comment: 
Time|Position: 2025-04-16 | 210957 | 41 46.1538 N | 60 54.2689 W
Cruise: EN728
PI: Lindsay Beazley
Protocol: AZMP
Platform: RV Endeavor
Revisions: 
Mooring Number: 
Number of RCMs: 
Number of MicroCATs: 
Number of Temperature Recorders: 
Number of Amars: 
Attachment: 
Encoding: plain
========================================

$@MID@$: 649
Date: Wed, 16 Apr 2025 22:33:30 +0000
Reply to: 650
In reply to: 648
Event: 217
Station: HL_11
Instrument: CTD
Attached: 
Number_of_Bottles: 
Flowmeter S/N: 
Flowmeter Start: 
Flowmeter End: 
Action: Bottom
Sounding: 4440.69
Sample ID: 515481
End_Sample_ID: 515504
Wire out: 
Wire Angle: 
Net Clogging: 
Wind Direction: 
Wind Speed (nm): 
Sky (condition): 
Swell Direction: 
Swell Height (M): 
Sea (Condition): 
Depth: 
Author: Chris Gordon
IMEI_No: 
WMO_No: 
S/N: 
Name: 
Comment: 
Time|Position: 2025-04-16 | 223327 | 41 45.5918 N | 60 53.8380 W
Cruise: EN728
PI: Lindsay Beazley
Protocol: AZMP
Platform: RV Endeavor
Revisions: 16/Apr/2025 22:35:06
Mooring Number: 
Number of RCMs: 
Number of MicroCATs: 
Number of Temperature Recorders: 
Number of Amars: 
Attachment: 
Encoding: plain
========================================

