$@MID@$: 241
Date: Sat, 05 Apr 2025 01:01:23 +0000
Reply to: 242
Event: 080
Station: HL_02
Instrument: RingNet
Attached: 202um | Flowmeter
Number_of_Bottles: 
Flowmeter S/N: 
Flowmeter Start: 14907
Flowmeter End: 
Action: Deployed
Sounding: 86.49
Sample ID: 
End_Sample_ID: 
Wire out: 
Wire Angle: 
Net Clogging: 
Wind Direction: 
Wind Speed (nm): 
Sky (condition): 
Swell Direction: 
Swell Height (M): 
Sea (Condition): 
Depth: 
Author: Rebecca Milne
IMEI_No: 
WMO_No: 
S/N: 
Name: 
Comment: 
Time|Position: 2025-04-05 | 010122 | 44 15.9889 N | 63 19.2099 W
Cruise: EN728
PI: Lindsay Beazley
Protocol: AZMP
Platform: RV Endeavor
Revisions: 
Mooring Number: 
Number of RCMs: 
Number of MicroCATs: 
Number of Temperature Recorders: 
Number of Amars: 
Attachment: 
Encoding: plain
========================================

$@MID@$: 242
Date: Sat, 05 Apr 2025 01:06:29 +0000
Reply to: 243
In reply to: 241
Event: 080
Station: HL_02
Instrument: RingNet
Attached: 202um | Flowmeter
Number_of_Bottles: 
Flowmeter S/N: 
Flowmeter Start: 14907
Flowmeter End: 
Action: Bottom
Sounding: 157.36
Sample ID: 
End_Sample_ID: 
Wire out: 146
Wire Angle: 
Net Clogging: 
Wind Direction: 
Wind Speed (nm): 
Sky (condition): 
Swell Direction: 
Swell Height (M): 
Sea (Condition): 
Depth: 
Author: Rebecca Milne
IMEI_No: 
WMO_No: 
S/N: 
Name: 
Comment: 
Time|Position: 2025-04-05 | 010628 | 44 15.9518 N | 63 19.3461 W
Cruise: EN728
PI: Lindsay Beazley
Protocol: AZMP
Platform: RV Endeavor
Revisions: 
Mooring Number: 
Number of RCMs: 
Number of MicroCATs: 
Number of Temperature Recorders: 
Number of Amars: 
Attachment: 
Encoding: plain
========================================

$@MID@$: 243
Date: Sat, 05 Apr 2025 01:11:51 +0000
In reply to: 242
Event: 080
Station: HL_02
Instrument: RingNet
Attached: 202um | Flowmeter
Number_of_Bottles: 
Flowmeter S/N: 
Flowmeter Start: 14907
Flowmeter End: 
Action: Recovered
Sounding: 162.94
Sample ID: 514585
End_Sample_ID: 
Wire out: 146
Wire Angle: 5
Net Clogging: 
Wind Direction: 
Wind Speed (nm): 
Sky (condition): 
Swell Direction: 
Swell Height (M): 
Sea (Condition): 
Depth: 
Author: Rebecca Milne
IMEI_No: 
WMO_No: 
S/N: 
Name: 
Comment: 
Time|Position: 2025-04-05 | 011150 | 44 15.9246 N | 63 19.4589 W
Cruise: EN728
PI: Lindsay Beazley
Protocol: AZMP
Platform: RV Endeavor
Revisions: 05/Apr/2025 02:24:35
Mooring Number: 
Number of RCMs: 
Number of MicroCATs: 
Number of Temperature Recorders: 
Number of Amars: 
Attachment: 
Encoding: plain
========================================

$@MID@$: 244
Date: Sat, 05 Apr 2025 01:15:56 +0000
Reply to: 245
Event: 081
Station: HL_02
Instrument: RingNet
Attached: 76um | Flowmeter
Number_of_Bottles: 
Flowmeter S/N: 
Flowmeter Start: 
Flowmeter End: 
Action: Deployed
Sounding: 170.56
Sample ID: 
End_Sample_ID: 
Wire out: 
Wire Angle: 
Net Clogging: 
Wind Direction: 
Wind Speed (nm): 
Sky (condition): 
Swell Direction: 
Swell Height (M): 
Sea (Condition): 
Depth: 
Author: Rebecca Milne
IMEI_No: 
WMO_No: 
S/N: 
Name: 
Comment: 
Time|Position: 2025-04-05 | 011555 | 44 15.8933 N | 63 19.5605 W
Cruise: EN728
PI: Lindsay Beazley
Protocol: AZMP
Platform: RV Endeavor
Revisions: 
Mooring Number: 
Number of RCMs: 
Number of MicroCATs: 
Number of Temperature Recorders: 
Number of Amars: 
Attachment: 
Encoding: plain
========================================

$@MID@$: 245
Date: Sat, 05 Apr 2025 01:20:54 +0000
Reply to: 246
In reply to: 244
Event: 081
Station: HL_02
Instrument: RingNet
Attached: 76um | Flowmeter
Number_of_Bottles: 
Flowmeter S/N: 
Flowmeter Start: 
Flowmeter End: 
Action: Bottom
Sounding: 164.06
Sample ID: 
End_Sample_ID: 
Wire out: 154
Wire Angle: 5
Net Clogging: 
Wind Direction: 
Wind Speed (nm): 
Sky (condition): 
Swell Direction: 
Swell Height (M): 
Sea (Condition): 
Depth: 
Author: Rebecca Milne
IMEI_No: 
WMO_No: 
S/N: 
Name: 
Comment: 
Time|Position: 2025-04-05 | 012053 | 44 15.8619 N | 63 19.6823 W
Cruise: EN728
PI: Lindsay Beazley
Protocol: AZMP
Platform: RV Endeavor
Revisions: 
Mooring Number: 
Number of RCMs: 
Number of MicroCATs: 
Number of Temperature Recorders: 
Number of Amars: 
Attachment: 
Encoding: plain
========================================

$@MID@$: 246
Date: Sat, 05 Apr 2025 01:26:09 +0000
In reply to: 245
Event: 081
Station: HL_02
Instrument: RingNet
Attached: 76um | Flowmeter
Number_of_Bottles: 
Flowmeter S/N: 
Flowmeter Start: 00367
Flowmeter End: 00763
Action: Recovered
Sounding: 163.64
Sample ID: 514586
End_Sample_ID: 
Wire out: 154
Wire Angle: 5
Net Clogging: 
Wind Direction: 
Wind Speed (nm): 
Sky (condition): 
Swell Direction: 
Swell Height (M): 
Sea (Condition): 
Depth: 
Author: Rebecca Milne
IMEI_No: 
WMO_No: 
S/N: 
Name: 
Comment: 
Time|Position: 2025-04-05 | 012607 | 44 15.7878 N | 63 19.8043 W
Cruise: EN728
PI: Lindsay Beazley
Protocol: AZMP
Platform: RV Endeavor
Revisions: 05/Apr/2025 02:23:33
Mooring Number: 
Number of RCMs: 
Number of MicroCATs: 
Number of Temperature Recorders: 
Number of Amars: 
Attachment: 
Encoding: plain
========================================

$@MID@$: 247
Date: Sat, 05 Apr 2025 01:32:01 +0000
Reply to: 248
Event: 082
Station: HL_02
Instrument: CTD
Attached: pH(remove 1000m) | Nitrate(remove 1200m)
Number_of_Bottles: 
Flowmeter S/N: 
Flowmeter Start: 
Flowmeter End: 
Action: Deployed
Sounding: 163.72
Sample ID: 514587
End_Sample_ID: 514605
Wire out: 
Wire Angle: 
Net Clogging: 
Wind Direction: 
Wind Speed (nm): 
Sky (condition): 
Swell Direction: 
Swell Height (M): 
Sea (Condition): 
Depth: 
Author: Chris Gordon
IMEI_No: 
WMO_No: 
S/N: 
Name: 
Comment: 
Time|Position: 2025-04-05 | 013200 | 44 15.7393 N | 63 19.9604 W
Cruise: EN728
PI: Lindsay Beazley
Protocol: AZMP
Platform: RV Endeavor
Revisions: 
Mooring Number: 
Number of RCMs: 
Number of MicroCATs: 
Number of Temperature Recorders: 
Number of Amars: 
Attachment: 
Encoding: plain
========================================

$@MID@$: 248
Date: Sat, 05 Apr 2025 01:41:44 +0000
Reply to: 249
In reply to: 247
Event: 082
Station: HL_02
Instrument: CTD
Attached: pH(remove 1000m) | Nitrate(remove 1200m)
Number_of_Bottles: 
Flowmeter S/N: 
Flowmeter Start: 
Flowmeter End: 
Action: Bottom
Sounding: 154.08
Sample ID: 514587
End_Sample_ID: 514605
Wire out: 
Wire Angle: 
Net Clogging: 
Wind Direction: 
Wind Speed (nm): 
Sky (condition): 
Swell Direction: 
Swell Height (M): 
Sea (Condition): 
Depth: 
Author: Chris Gordon
IMEI_No: 
WMO_No: 
S/N: 
Name: 
Comment: 
Time|Position: 2025-04-05 | 014143 | 44 15.6990 N | 63 20.2335 W
Cruise: EN728
PI: Lindsay Beazley
Protocol: AZMP
Platform: RV Endeavor
Revisions: 
Mooring Number: 
Number of RCMs: 
Number of MicroCATs: 
Number of Temperature Recorders: 
Number of Amars: 
Attachment: 
Encoding: plain
========================================

$@MID@$: 249
Date: Sat, 05 Apr 2025 02:04:01 +0000
In reply to: 248
Event: 082
Station: HL_02
Instrument: CTD
Attached: pH(remove 1000m) | Nitrate(remove 1200m)
Number_of_Bottles: 
Flowmeter S/N: 
Flowmeter Start: 
Flowmeter End: 
Action: Recovered
Sounding: 164.60
Sample ID: 514587
End_Sample_ID: 514605
Wire out: 
Wire Angle: 
Net Clogging: 
Wind Direction: 
Wind Speed (nm): 
Sky (condition): 
Swell Direction: 
Swell Height (M): 
Sea (Condition): 
Depth: 
Author: Chris Gordon
IMEI_No: 
WMO_No: 
S/N: 
Name: 
Comment: 
Time|Position: 2025-04-05 | 020400 | 44 15.4638 N | 63 20.9286 W
Cruise: EN728
PI: Lindsay Beazley
Protocol: AZMP
Platform: RV Endeavor
Revisions: 
Mooring Number: 
Number of RCMs: 
Number of MicroCATs: 
Number of Temperature Recorders: 
Number of Amars: 
Attachment: 
Encoding: plain
========================================

$@MID@$: 250
Date: Sat, 05 Apr 2025 05:59:44 +0000
Reply to: 251
Event: 083
Station: HL_03
Instrument: RingNet
Attached: 202um | Flowmeter
Number_of_Bottles: 
Flowmeter S/N: 
Flowmeter Start: 15369
Flowmeter End: 
Action: Deployed
Sounding: 271.08
Sample ID: 
End_Sample_ID: 
Wire out: 
Wire Angle: 
Net Clogging: 
Wind Direction: 
Wind Speed (nm): 
Sky (condition): 
Swell Direction: 
Swell Height (M): 
Sea (Condition): 
Depth: 
Author: Rebecca Milne
IMEI_No: 
WMO_No: 
S/N: 
Name: 
Comment: 
Time|Position: 2025-04-05 | 055942 | 43 53.0314 N | 62 52.7097 W
Cruise: EN728
PI: Lindsay Beazley
Protocol: AZMP
Platform: RV Endeavor
Revisions: 
Mooring Number: 
Number of RCMs: 
Number of MicroCATs: 
Number of Temperature Recorders: 
Number of Amars: 
Attachment: 
Encoding: plain
========================================

$@MID@$: 251
Date: Sat, 05 Apr 2025 06:08:24 +0000
Reply to: 252
In reply to: 250
Event: 083
Station: HL_03
Instrument: RingNet
Attached: 202um | Flowmeter
Number_of_Bottles: 
Flowmeter S/N: 
Flowmeter Start: 15369
Flowmeter End: 
Action: Bottom
Sounding: 271.21
Sample ID: 514606
End_Sample_ID: 
Wire out: 260
Wire Angle: 
Net Clogging: 
Wind Direction: 
Wind Speed (nm): 
Sky (condition): 
Swell Direction: 
Swell Height (M): 
Sea (Condition): 
Depth: 
Author: Rebecca Milne
IMEI_No: 
WMO_No: 
S/N: 
Name: 
Comment: 
Time|Position: 2025-04-05 | 060822 | 43 53.0381 N | 62 52.8247 W
Cruise: EN728
PI: Lindsay Beazley
Protocol: AZMP
Platform: RV Endeavor
Revisions: 05/Apr/2025 06:47:37
Mooring Number: 
Number of RCMs: 
Number of MicroCATs: 
Number of Temperature Recorders: 
Number of Amars: 
Attachment: 
Encoding: plain
========================================

$@MID@$: 252
Date: Sat, 05 Apr 2025 06:19:01 +0000
In reply to: 251
Event: 083
Station: HL_03
Instrument: RingNet
Attached: 202um | Flowmeter
Number_of_Bottles: 
Flowmeter S/N: 
Flowmeter Start: 15369
Flowmeter End: 16180
Action: Recovered
Sounding: 271.01
Sample ID: 514606
End_Sample_ID: 
Wire out: 260
Wire Angle: 5
Net Clogging: 
Wind Direction: 
Wind Speed (nm): 
Sky (condition): 
Swell Direction: 
Swell Height (M): 
Sea (Condition): 
Depth: 
Author: Rebecca Milne
IMEI_No: 
WMO_No: 
S/N: 
Name: 
Comment: 
Time|Position: 2025-04-05 | 061859 | 43 53.1095 N | 62 52.8095 W
Cruise: EN728
PI: Lindsay Beazley
Protocol: AZMP
Platform: RV Endeavor
Revisions: 05/Apr/2025 07:39:53
Mooring Number: 
Number of RCMs: 
Number of MicroCATs: 
Number of Temperature Recorders: 
Number of Amars: 
Attachment: 
Encoding: plain
========================================

$@MID@$: 253
Date: Sat, 05 Apr 2025 06:21:34 +0000
Reply to: 254
Event: 084
Station: HL_03
Instrument: CTD
Attached: pH(remove 1000m) | Nitrate(remove 1200m)
Number_of_Bottles: 
Flowmeter S/N: 
Flowmeter Start: 
Flowmeter End: 
Action: Deployed
Sounding: 270.86
Sample ID: 514607
End_Sample_ID: 514618
Wire out: 
Wire Angle: 
Net Clogging: 
Wind Direction: 
Wind Speed (nm): 
Sky (condition): 
Swell Direction: 
Swell Height (M): 
Sea (Condition): 
Depth: 
Author: Chris Gordon
IMEI_No: 
WMO_No: 
S/N: 
Name: 
Comment: 
Time|Position: 2025-04-05 | 062132 | 43 53.1425 N | 62 52.7653 W
Cruise: EN728
PI: Lindsay Beazley
Protocol: AZMP
Platform: RV Endeavor
Revisions: 
Mooring Number: 
Number of RCMs: 
Number of MicroCATs: 
Number of Temperature Recorders: 
Number of Amars: 
Attachment: 
Encoding: plain
========================================

$@MID@$: 254
Date: Sat, 05 Apr 2025 06:33:42 +0000
Reply to: 255
In reply to: 253
Event: 084
Station: HL_03
Instrument: CTD
Attached: pH(remove 1000m) | Nitrate(remove 1200m)
Number_of_Bottles: 
Flowmeter S/N: 
Flowmeter Start: 
Flowmeter End: 
Action: Bottom
Sounding: 269.86
Sample ID: 514607
End_Sample_ID: 514618
Wire out: 
Wire Angle: 
Net Clogging: 
Wind Direction: 
Wind Speed (nm): 
Sky (condition): 
Swell Direction: 
Swell Height (M): 
Sea (Condition): 
Depth: 
Author: Chris Gordon
IMEI_No: 
WMO_No: 
S/N: 
Name: 
Comment: 
Time|Position: 2025-04-05 | 063340 | 43 53.2059 N | 62 52.9971 W
Cruise: EN728
PI: Lindsay Beazley
Protocol: AZMP
Platform: RV Endeavor
Revisions: 
Mooring Number: 
Number of RCMs: 
Number of MicroCATs: 
Number of Temperature Recorders: 
Number of Amars: 
Attachment: 
Encoding: plain
========================================

$@MID@$: 255
Date: Sat, 05 Apr 2025 06:59:19 +0000
In reply to: 254
Event: 084
Station: HL_03
Instrument: CTD
Attached: pH(remove 1000m) | Nitrate(remove 1200m)
Number_of_Bottles: 
Flowmeter S/N: 
Flowmeter Start: 
Flowmeter End: 
Action: Recovered
Sounding: 270.90
Sample ID: 514607
End_Sample_ID: 514618
Wire out: 
Wire Angle: 
Net Clogging: 
Wind Direction: 
Wind Speed (nm): 
Sky (condition): 
Swell Direction: 
Swell Height (M): 
Sea (Condition): 
Depth: 
Author: Chris Gordon
IMEI_No: 
WMO_No: 
S/N: 
Name: 
Comment: 
Time|Position: 2025-04-05 | 065917 | 43 53.2772 N | 62 53.5689 W
Cruise: EN728
PI: Lindsay Beazley
Protocol: AZMP
Platform: RV Endeavor
Revisions: 
Mooring Number: 
Number of RCMs: 
Number of MicroCATs: 
Number of Temperature Recorders: 
Number of Amars: 
Attachment: 
Encoding: plain
========================================

$@MID@$: 256
Date: Sat, 05 Apr 2025 08:28:17 +0000
Reply to: 257
Event: 085
Station: HL_03.3
Instrument: RingNet
Attached: 202um | Flowmeter
Number_of_Bottles: 
Flowmeter S/N: 
Flowmeter Start: 16180
Flowmeter End: 
Action: Deployed
Sounding: 248.01
Sample ID: 514619
End_Sample_ID: 
Wire out: 
Wire Angle: 
Net Clogging: 
Wind Direction: 
Wind Speed (nm): 
Sky (condition): 
Swell Direction: 
Swell Height (M): 
Sea (Condition): 
Depth: 
Author: Rebecca Milne
IMEI_No: 
WMO_No: 
S/N: 
Name: 
Comment: 
Time|Position: 2025-04-05 | 082815 | 43 45.8053 N | 62 45.0143 W
Cruise: EN728
PI: Lindsay Beazley
Protocol: AZMP
Platform: RV Endeavor
Revisions: 
Mooring Number: 
Number of RCMs: 
Number of MicroCATs: 
Number of Temperature Recorders: 
Number of Amars: 
Attachment: 
Encoding: plain
========================================

$@MID@$: 257
Date: Sat, 05 Apr 2025 08:34:54 +0000
Reply to: 258
In reply to: 256
Event: 085
Station: HL_03.3
Instrument: RingNet
Attached: 202um | Flowmeter
Number_of_Bottles: 
Flowmeter S/N: 
Flowmeter Start: 16180
Flowmeter End: 
Action: Bottom
Sounding: 212.71
Sample ID: 514619
End_Sample_ID: 
Wire out: 202
Wire Angle: 
Net Clogging: 
Wind Direction: 
Wind Speed (nm): 
Sky (condition): 
Swell Direction: 
Swell Height (M): 
Sea (Condition): 
Depth: 
Author: Rebecca Milne
IMEI_No: 
WMO_No: 
S/N: 
Name: 
Comment: 
Time|Position: 2025-04-05 | 083452 | 43 45.8058 N | 62 45.1408 W
Cruise: EN728
PI: Lindsay Beazley
Protocol: AZMP
Platform: RV Endeavor
Revisions: 
Mooring Number: 
Number of RCMs: 
Number of MicroCATs: 
Number of Temperature Recorders: 
Number of Amars: 
Attachment: 
Encoding: plain
========================================

$@MID@$: 258
Date: Sat, 05 Apr 2025 08:41:23 +0000
In reply to: 257
Event: 085
Station: HL_03.3
Instrument: RingNet
Attached: 202um | Flowmeter
Number_of_Bottles: 
Flowmeter S/N: 
Flowmeter Start: 16180
Flowmeter End: 16825
Action: Recovered
Sounding: 211.13
Sample ID: 514619
End_Sample_ID: 
Wire out: 202
Wire Angle: 10
Net Clogging: 
Wind Direction: 
Wind Speed (nm): 
Sky (condition): 
Swell Direction: 
Swell Height (M): 
Sea (Condition): 
Depth: 
Author: Rebecca Milne
IMEI_No: 
WMO_No: 
S/N: 
Name: 
Comment: 
Time|Position: 2025-04-05 | 084121 | 43 45.8455 N | 62 45.1501 W
Cruise: EN728
PI: Lindsay Beazley
Protocol: AZMP
Platform: RV Endeavor
Revisions: 05/Apr/2025 09:26:46
Mooring Number: 
Number of RCMs: 
Number of MicroCATs: 
Number of Temperature Recorders: 
Number of Amars: 
Attachment: 
Encoding: plain
========================================

$@MID@$: 259
Date: Sat, 05 Apr 2025 08:47:03 +0000
Reply to: 260
Event: 086
Station: HL_03.3
Instrument: CTD
Attached: pH(remove 1000m) | Nitrate(remove 1200m)
Number_of_Bottles: 
Flowmeter S/N: 
Flowmeter Start: 
Flowmeter End: 
Action: Deployed
Sounding: 210.82
Sample ID: 514620
End_Sample_ID: 514630
Wire out: 
Wire Angle: 
Net Clogging: 
Wind Direction: 
Wind Speed (nm): 
Sky (condition): 
Swell Direction: 
Swell Height (M): 
Sea (Condition): 
Depth: 
Author: Chris Gordon
IMEI_No: 
WMO_No: 
S/N: 
Name: 
Comment: 
Time|Position: 2025-04-05 | 084701 | 43 45.8646 N | 62 45.0822 W
Cruise: EN728
PI: Lindsay Beazley
Protocol: AZMP
Platform: RV Endeavor
Revisions: 
Mooring Number: 
Number of RCMs: 
Number of MicroCATs: 
Number of Temperature Recorders: 
Number of Amars: 
Attachment: 
Encoding: plain
========================================

$@MID@$: 260
Date: Sat, 05 Apr 2025 08:57:16 +0000
Reply to: 261
In reply to: 259
Event: 086
Station: HL_03.3
Instrument: CTD
Attached: pH(remove 1000m) | Nitrate(remove 1200m)
Number_of_Bottles: 
Flowmeter S/N: 
Flowmeter Start: 
Flowmeter End: 
Action: Bottom
Sounding: 213.01
Sample ID: 514620
End_Sample_ID: 514630
Wire out: 
Wire Angle: 
Net Clogging: 
Wind Direction: 
Wind Speed (nm): 
Sky (condition): 
Swell Direction: 
Swell Height (M): 
Sea (Condition): 
Depth: 
Author: Chris Gordon
IMEI_No: 
WMO_No: 
S/N: 
Name: 
Comment: 
Time|Position: 2025-04-05 | 085714 | 43 45.9111 N | 62 45.1855 W
Cruise: EN728
PI: Lindsay Beazley
Protocol: AZMP
Platform: RV Endeavor
Revisions: 
Mooring Number: 
Number of RCMs: 
Number of MicroCATs: 
Number of Temperature Recorders: 
Number of Amars: 
Attachment: 
Encoding: plain
========================================

$@MID@$: 261
Date: Sat, 05 Apr 2025 09:17:53 +0000
In reply to: 260
Event: 086
Station: HL_03.3
Instrument: CTD
Attached: pH(remove 1000m) | Nitrate(remove 1200m)
Number_of_Bottles: 
Flowmeter S/N: 
Flowmeter Start: 
Flowmeter End: 
Action: Recovered
Sounding: 212.17
Sample ID: 514620
End_Sample_ID: 514630
Wire out: 
Wire Angle: 
Net Clogging: 
Wind Direction: 
Wind Speed (nm): 
Sky (condition): 
Swell Direction: 
Swell Height (M): 
Sea (Condition): 
Depth: 
Author: Chris Gordon
IMEI_No: 
WMO_No: 
S/N: 
Name: 
Comment: 
Time|Position: 2025-04-05 | 091751 | 43 46.0186 N | 62 45.3932 W
Cruise: EN728
PI: Lindsay Beazley
Protocol: AZMP
Platform: RV Endeavor
Revisions: 
Mooring Number: 
Number of RCMs: 
Number of MicroCATs: 
Number of Temperature Recorders: 
Number of Amars: 
Attachment: 
Encoding: plain
========================================

$@MID@$: 262
Date: Sat, 05 Apr 2025 11:46:09 +0000
Reply to: 263
Event: 087
Station: HL_04
Instrument: RingNet
Attached: 202um | Flowmeter
Number_of_Bottles: 
Flowmeter S/N: 
Flowmeter Start: 16826
Flowmeter End: 
Action: Deployed
Sounding: 82.91
Sample ID: 514631
End_Sample_ID: 
Wire out: 
Wire Angle: 
Net Clogging: 
Wind Direction: 
Wind Speed (nm): 
Sky (condition): 
Swell Direction: 
Swell Height (M): 
Sea (Condition): 
Depth: 
Author: Lindsay Beazley
IMEI_No: 
WMO_No: 
S/N: 
Name: 
Comment: 
Time|Position: 2025-04-05 | 114607 | 43 28.7555 N | 62 27.1227 W
Cruise: EN728
PI: Lindsay Beazley
Protocol: AZMP
Platform: RV Endeavor
Revisions: 
Mooring Number: 
Number of RCMs: 
Number of MicroCATs: 
Number of Temperature Recorders: 
Number of Amars: 
Attachment: 
Encoding: plain
========================================

$@MID@$: 263
Date: Sat, 05 Apr 2025 11:48:52 +0000
Reply to: 264
In reply to: 262
Event: 087
Station: HL_04
Instrument: RingNet
Attached: 202um | Flowmeter
Number_of_Bottles: 
Flowmeter S/N: 
Flowmeter Start: 16826
Flowmeter End: 
Action: Bottom
Sounding: 86.62
Sample ID: 514631
End_Sample_ID: 
Wire out: 76
Wire Angle: 
Net Clogging: 
Wind Direction: 
Wind Speed (nm): 
Sky (condition): 
Swell Direction: 
Swell Height (M): 
Sea (Condition): 
Depth: 
Author: Lindsay Beazley
IMEI_No: 
WMO_No: 
S/N: 
Name: 
Comment: 
Time|Position: 2025-04-05 | 114850 | 43 28.7509 N | 62 27.1698 W
Cruise: EN728
PI: Lindsay Beazley
Protocol: AZMP
Platform: RV Endeavor
Revisions: 
Mooring Number: 
Number of RCMs: 
Number of MicroCATs: 
Number of Temperature Recorders: 
Number of Amars: 
Attachment: 
Encoding: plain
========================================

$@MID@$: 264
Date: Sat, 05 Apr 2025 11:55:38 +0000
In reply to: 263
Event: 087
Station: HL_04
Instrument: RingNet
Attached: 202um | Flowmeter
Number_of_Bottles: 
Flowmeter S/N: 
Flowmeter Start: 16826
Flowmeter End: 17102
Action: Recovered
Sounding: 86.35
Sample ID: 514631
End_Sample_ID: 
Wire out: 76
Wire Angle: 5
Net Clogging: 
Wind Direction: 
Wind Speed (nm): 
Sky (condition): 
Swell Direction: 
Swell Height (M): 
Sea (Condition): 
Depth: 
Author: Lindsay Beazley
IMEI_No: 
WMO_No: 
S/N: 
Name: 
Comment: 
Time|Position: 2025-04-05 | 115536 | 43 28.7775 N | 62 27.2768 W
Cruise: EN728
PI: Lindsay Beazley
Protocol: AZMP
Platform: RV Endeavor
Revisions: 05/Apr/2025 12:13:44
Mooring Number: 
Number of RCMs: 
Number of MicroCATs: 
Number of Temperature Recorders: 
Number of Amars: 
Attachment: 
Encoding: plain
========================================

$@MID@$: 265
Date: Sat, 05 Apr 2025 11:58:29 +0000
Reply to: 266
Event: 088
Station: HL_04
Instrument: CTD
Attached: pH(remove 1000m) | Nitrate(remove 1200m)
Number_of_Bottles: 
Flowmeter S/N: 
Flowmeter Start: 
Flowmeter End: 
Action: Deployed
Sounding: 86.65
Sample ID: 514632
End_Sample_ID: 514644
Wire out: 
Wire Angle: 
Net Clogging: 
Wind Direction: 
Wind Speed (nm): 
Sky (condition): 
Swell Direction: 
Swell Height (M): 
Sea (Condition): 
Depth: 
Author: Melanie Hardy
IMEI_No: 
WMO_No: 
S/N: 
Name: 
Comment: 
Time|Position: 2025-04-05 | 115827 | 43 28.7834 N | 62 27.3152 W
Cruise: EN728
PI: Lindsay Beazley
Protocol: AZMP
Platform: RV Endeavor
Revisions: 
Mooring Number: 
Number of RCMs: 
Number of MicroCATs: 
Number of Temperature Recorders: 
Number of Amars: 
Attachment: 
Encoding: plain
========================================

$@MID@$: 266
Date: Sat, 05 Apr 2025 12:07:47 +0000
Reply to: 267
In reply to: 265
Event: 088
Station: HL_04
Instrument: CTD
Attached: pH(remove 1000m) | Nitrate(remove 1200m)
Number_of_Bottles: 
Flowmeter S/N: 
Flowmeter Start: 
Flowmeter End: 
Action: Bottom
Sounding: 86.26
Sample ID: 514632
End_Sample_ID: 514644
Wire out: 
Wire Angle: 
Net Clogging: 
Wind Direction: 
Wind Speed (nm): 
Sky (condition): 
Swell Direction: 
Swell Height (M): 
Sea (Condition): 
Depth: 
Author: Melanie Hardy
IMEI_No: 
WMO_No: 
S/N: 
Name: 
Comment: 
Time|Position: 2025-04-05 | 120745 | 43 28.8039 N | 62 27.4986 W
Cruise: EN728
PI: Lindsay Beazley
Protocol: AZMP
Platform: RV Endeavor
Revisions: 
Mooring Number: 
Number of RCMs: 
Number of MicroCATs: 
Number of Temperature Recorders: 
Number of Amars: 
Attachment: 
Encoding: plain
========================================

$@MID@$: 267
Date: Sat, 05 Apr 2025 12:23:13 +0000
In reply to: 266
Event: 088
Station: HL_04
Instrument: CTD
Attached: pH(remove 1000m) | Nitrate(remove 1200m)
Number_of_Bottles: 
Flowmeter S/N: 
Flowmeter Start: 
Flowmeter End: 
Action: Recovered
Sounding: 86.07
Sample ID: 514632
End_Sample_ID: 514644
Wire out: 
Wire Angle: 
Net Clogging: 
Wind Direction: 
Wind Speed (nm): 
Sky (condition): 
Swell Direction: 
Swell Height (M): 
Sea (Condition): 
Depth: 
Author: Melanie Hardy
IMEI_No: 
WMO_No: 
S/N: 
Name: 
Comment: 
Time|Position: 2025-04-05 | 122311 | 43 28.8517 N | 62 27.8616 W
Cruise: EN728
PI: Lindsay Beazley
Protocol: AZMP
Platform: RV Endeavor
Revisions: 
Mooring Number: 
Number of RCMs: 
Number of MicroCATs: 
Number of Temperature Recorders: 
Number of Amars: 
Attachment: 
Encoding: plain
========================================

$@MID@$: 268
Date: Sat, 05 Apr 2025 15:01:15 +0000
Reply to: 269
Event: 089
Station: HL_05
Instrument: RingNet
Attached: 202um | Flowmeter
Number_of_Bottles: 
Flowmeter S/N: 
Flowmeter Start: 17102
Flowmeter End: 
Action: Deployed
Sounding: 103.56
Sample ID: 514645
End_Sample_ID: 
Wire out: 
Wire Angle: 
Net Clogging: 
Wind Direction: 
Wind Speed (nm): 
Sky (condition): 
Swell Direction: 
Swell Height (M): 
Sea (Condition): 
Depth: 
Author: Lindsay Beazley
IMEI_No: 
WMO_No: 
S/N: 
Name: 
Comment: hit deploy early by accident
Time|Position: 2025-04-05 | 150113 | 43 11.3554 N | 62 06.6479 W
Cruise: EN728
PI: Lindsay Beazley
Protocol: AZMP
Platform: RV Endeavor
Revisions: 05/Apr/2025 15:02:45
Mooring Number: 
Number of RCMs: 
Number of MicroCATs: 
Number of Temperature Recorders: 
Number of Amars: 
Attachment: 
Encoding: plain
========================================

$@MID@$: 269
Date: Sat, 05 Apr 2025 15:21:35 +0000
Reply to: 272
In reply to: 268
Event: 089
Station: HL_05
Instrument: RingNet
Attached: 202um | Flowmeter
Number_of_Bottles: 
Flowmeter S/N: 
Flowmeter Start: 17102
Flowmeter End: 
Action: Bottom
Sounding: 103.00
Sample ID: 514645
End_Sample_ID: 
Wire out: 92
Wire Angle: 
Net Clogging: 
Wind Direction: 
Wind Speed (nm): 
Sky (condition): 
Swell Direction: 
Swell Height (M): 
Sea (Condition): 
Depth: 
Author: Lindsay Beazley
IMEI_No: 
WMO_No: 
S/N: 
Name: 
Comment: 
Time|Position: 2025-04-05 | 152133 | 43 11.0681 N | 62 06.0604 W
Cruise: EN728
PI: Lindsay Beazley
Protocol: AZMP
Platform: RV Endeavor
Revisions: 05/Apr/2025 15:47:11
Mooring Number: 
Number of RCMs: 
Number of MicroCATs: 
Number of Temperature Recorders: 
Number of Amars: 
Attachment: 
Encoding: plain
========================================

$@MID@$: 270
Date: Sat, 05 Apr 2025 15:39:01 +0000
Reply to: 271
Event: 090
Station: HL_05
Instrument: CTD
Attached: pH(remove 1000m) | Nitrate(remove 1200m)
Number_of_Bottles: 
Flowmeter S/N: 
Flowmeter Start: 
Flowmeter End: 
Action: Deployed
Sounding: 103.02
Sample ID: 514646
End_Sample_ID: 514655
Wire out: 
Wire Angle: 
Net Clogging: 
Wind Direction: 
Wind Speed (nm): 
Sky (condition): 
Swell Direction: 
Swell Height (M): 
Sea (Condition): 
Depth: 
Author: Melanie Hardy
IMEI_No: 
WMO_No: 
S/N: 
Name: 
Comment: submitted late - actual deploy time 153130
Time|Position: 2025-04-05 | 153859 | 43 11.2312 N | 62 06.3078 W
Cruise: EN728
PI: Lindsay Beazley
Protocol: AZMP
Platform: RV Endeavor
Revisions: 05/Apr/2025 15:55:27
Mooring Number: 
Number of RCMs: 
Number of MicroCATs: 
Number of Temperature Recorders: 
Number of Amars: 
Attachment: 
Encoding: plain
========================================

$@MID@$: 271
Date: Sat, 05 Apr 2025 15:40:59 +0000
Reply to: 273
In reply to: 270
Event: 090
Station: HL_05
Instrument: CTD
Attached: pH(remove 1000m) | Nitrate(remove 1200m)
Number_of_Bottles: 
Flowmeter S/N: 
Flowmeter Start: 
Flowmeter End: 
Action: Bottom
Sounding: 103.64
Sample ID: 514646
End_Sample_ID: 514655
Wire out: 
Wire Angle: 
Net Clogging: 
Wind Direction: 
Wind Speed (nm): 
Sky (condition): 
Swell Direction: 
Swell Height (M): 
Sea (Condition): 
Depth: 
Author: Melanie Hardy
IMEI_No: 
WMO_No: 
S/N: 
Name: 
Comment: 
Time|Position: 2025-04-05 | 154056 | 43 11.2515 N | 62 06.3395 W
Cruise: EN728
PI: Lindsay Beazley
Protocol: AZMP
Platform: RV Endeavor
Revisions: 
Mooring Number: 
Number of RCMs: 
Number of MicroCATs: 
Number of Temperature Recorders: 
Number of Amars: 
Attachment: 
Encoding: plain
========================================

$@MID@$: 272
Date: Sat, 05 Apr 2025 15:42:01 +0000
In reply to: 269
Event: 089
Station: HL_05
Instrument: RingNet
Attached: 202um | Flowmeter
Number_of_Bottles: 
Flowmeter S/N: 
Flowmeter Start: 17102
Flowmeter End: 17366
Action: Recovered
Sounding: 103.17
Sample ID: 514645
End_Sample_ID: 
Wire out: 92
Wire Angle: 10
Net Clogging: 
Wind Direction: 
Wind Speed (nm): 
Sky (condition): 
Swell Direction: 
Swell Height (M): 
Sea (Condition): 
Depth: 
Author: Lindsay Beazley
IMEI_No: 
WMO_No: 
S/N: 
Name: 
Comment: Recovery hit late
Time|Position: 2025-04-05 | 154159 | 43 11.2621 N | 62 06.3557 W
Cruise: EN728
PI: Lindsay Beazley
Protocol: AZMP
Platform: RV Endeavor
Revisions: 05/Apr/2025 15:46:46
Mooring Number: 
Number of RCMs: 
Number of MicroCATs: 
Number of Temperature Recorders: 
Number of Amars: 
Attachment: 
Encoding: plain
========================================

$@MID@$: 273
Date: Sat, 05 Apr 2025 15:56:19 +0000
In reply to: 271
Event: 090
Station: HL_05
Instrument: CTD
Attached: pH(remove 1000m) | Nitrate(remove 1200m)
Number_of_Bottles: 
Flowmeter S/N: 
Flowmeter Start: 
Flowmeter End: 
Action: Recovered
Sounding: 103.71
Sample ID: 514646
End_Sample_ID: 514655
Wire out: 
Wire Angle: 
Net Clogging: 
Wind Direction: 
Wind Speed (nm): 
Sky (condition): 
Swell Direction: 
Swell Height (M): 
Sea (Condition): 
Depth: 
Author: Melanie Hardy
IMEI_No: 
WMO_No: 
S/N: 
Name: 
Comment: 
Time|Position: 2025-04-05 | 155617 | 43 11.4376 N | 62 06.5885 W
Cruise: EN728
PI: Lindsay Beazley
Protocol: AZMP
Platform: RV Endeavor
Revisions: 
Mooring Number: 
Number of RCMs: 
Number of MicroCATs: 
Number of Temperature Recorders: 
Number of Amars: 
Attachment: 
Encoding: plain
========================================

$@MID@$: 274
Date: Sat, 05 Apr 2025 18:14:39 +0000
Reply to: 275
Event: 091
Station: HL_05.5
Instrument: RingNet
Attached: 202um | Flowmeter
Number_of_Bottles: 
Flowmeter S/N: 
Flowmeter Start: 17366
Flowmeter End: 
Action: Deployed
Sounding: 295.03
Sample ID: 514656
End_Sample_ID: 
Wire out: 
Wire Angle: 
Net Clogging: 
Wind Direction: 
Wind Speed (nm): 
Sky (condition): 
Swell Direction: 
Swell Height (M): 
Sea (Condition): 
Depth: 
Author: Lindsay Beazley
IMEI_No: 
WMO_No: 
S/N: 
Name: 
Comment: Sounding closer to 437 m
Time|Position: 2025-04-05 | 181436 | 42 56.5287 N | 61 49.9187 W
Cruise: EN728
PI: Lindsay Beazley
Protocol: AZMP
Platform: RV Endeavor
Revisions: 05/Apr/2025 19:02:38
Mooring Number: 
Number of RCMs: 
Number of MicroCATs: 
Number of Temperature Recorders: 
Number of Amars: 
Attachment: 
Encoding: plain
========================================

$@MID@$: 275
Date: Sat, 05 Apr 2025 18:29:26 +0000
Reply to: 276
In reply to: 274
Event: 091
Station: HL_05.5
Instrument: RingNet
Attached: 202um | Flowmeter
Number_of_Bottles: 
Flowmeter S/N: 
Flowmeter Start: 17366
Flowmeter End: 
Action: Bottom
Sounding: 450.07
Sample ID: 514656
End_Sample_ID: 
Wire out: 425
Wire Angle: 
Net Clogging: 
Wind Direction: 
Wind Speed (nm): 
Sky (condition): 
Swell Direction: 
Swell Height (M): 
Sea (Condition): 
Depth: 
Author: Lindsay Beazley
IMEI_No: 
WMO_No: 
S/N: 
Name: 
Comment: 
Time|Position: 2025-04-05 | 182924 | 42 56.6838 N | 61 49.9981 W
Cruise: EN728
PI: Lindsay Beazley
Protocol: AZMP
Platform: RV Endeavor
Revisions: 05/Apr/2025 18:30:08
Mooring Number: 
Number of RCMs: 
Number of MicroCATs: 
Number of Temperature Recorders: 
Number of Amars: 
Attachment: 
Encoding: plain
========================================

$@MID@$: 276
Date: Sat, 05 Apr 2025 18:40:31 +0000
In reply to: 275
Event: 091
Station: HL_05.5
Instrument: RingNet
Attached: 202um | Flowmeter
Number_of_Bottles: 
Flowmeter S/N: 
Flowmeter Start: 17366
Flowmeter End: 18608
Action: Recovered
Sounding: 439.69
Sample ID: 514656
End_Sample_ID: 
Wire out: 425
Wire Angle: 10
Net Clogging: 
Wind Direction: 
Wind Speed (nm): 
Sky (condition): 
Swell Direction: 
Swell Height (M): 
Sea (Condition): 
Depth: 
Author: Lindsay Beazley
IMEI_No: 
WMO_No: 
S/N: 
Name: 
Comment: 
Time|Position: 2025-04-05 | 184028 | 42 56.7298 N | 61 50.0467 W
Cruise: EN728
PI: Lindsay Beazley
Protocol: AZMP
Platform: RV Endeavor
Revisions: 05/Apr/2025 18:30:08
Mooring Number: 
Number of RCMs: 
Number of MicroCATs: 
Number of Temperature Recorders: 
Number of Amars: 
Attachment: 
Encoding: plain
========================================

$@MID@$: 277
Date: Sat, 05 Apr 2025 18:46:18 +0000
Reply to: 278
Event: 092
Station: HL_05.5
Instrument: CTD
Attached: pH(remove 1000m) | Nitrate(remove 1200m)
Number_of_Bottles: 
Flowmeter S/N: 
Flowmeter Start: 
Flowmeter End: 
Action: Deployed
Sounding: 424.83
Sample ID: 514657
End_Sample_ID: 514676
Wire out: 
Wire Angle: 
Net Clogging: 
Wind Direction: 
Wind Speed (nm): 
Sky (condition): 
Swell Direction: 
Swell Height (M): 
Sea (Condition): 
Depth: 
Author: Melanie Hardy
IMEI_No: 
WMO_No: 
S/N: 
Name: 
Comment: 
Time|Position: 2025-04-05 | 184616 | 42 56.8415 N | 61 50.0861 W
Cruise: EN728
PI: Lindsay Beazley
Protocol: AZMP
Platform: RV Endeavor
Revisions: 
Mooring Number: 
Number of RCMs: 
Number of MicroCATs: 
Number of Temperature Recorders: 
Number of Amars: 
Attachment: 
Encoding: plain
========================================

$@MID@$: 278
Date: Sat, 05 Apr 2025 19:00:08 +0000
Reply to: 279
In reply to: 277
Event: 092
Station: HL_05.5
Instrument: CTD
Attached: pH(remove 1000m) | Nitrate(remove 1200m)
Number_of_Bottles: 
Flowmeter S/N: 
Flowmeter Start: 
Flowmeter End: 
Action: Bottom
Sounding: 422.47
Sample ID: 514657
End_Sample_ID: 514676
Wire out: 
Wire Angle: 
Net Clogging: 
Wind Direction: 
Wind Speed (nm): 
Sky (condition): 
Swell Direction: 
Swell Height (M): 
Sea (Condition): 
Depth: 
Author: Melanie Hardy
IMEI_No: 
WMO_No: 
S/N: 
Name: 
Comment: 
Time|Position: 2025-04-05 | 190006 | 42 56.9025 N | 61 50.1259 W
Cruise: EN728
PI: Lindsay Beazley
Protocol: AZMP
Platform: RV Endeavor
Revisions: 
Mooring Number: 
Number of RCMs: 
Number of MicroCATs: 
Number of Temperature Recorders: 
Number of Amars: 
Attachment: 
Encoding: plain
========================================

$@MID@$: 279
Date: Sat, 05 Apr 2025 19:22:12 +0000
In reply to: 278
Event: 092
Station: HL_05.5
Instrument: CTD
Attached: pH(remove 1000m) | Nitrate(remove 1200m)
Number_of_Bottles: 
Flowmeter S/N: 
Flowmeter Start: 
Flowmeter End: 
Action: Recovered
Sounding: 411.99
Sample ID: 514657
End_Sample_ID: 514676
Wire out: 
Wire Angle: 
Net Clogging: 
Wind Direction: 
Wind Speed (nm): 
Sky (condition): 
Swell Direction: 
Swell Height (M): 
Sea (Condition): 
Depth: 
Author: Melanie Hardy
IMEI_No: 
WMO_No: 
S/N: 
Name: 
Comment: 
Time|Position: 2025-04-05 | 192210 | 42 56.9251 N | 61 50.2000 W
Cruise: EN728
PI: Lindsay Beazley
Protocol: AZMP
Platform: RV Endeavor
Revisions: 
Mooring Number: 
Number of RCMs: 
Number of MicroCATs: 
Number of Temperature Recorders: 
Number of Amars: 
Attachment: 
Encoding: plain
========================================

$@MID@$: 280
Date: Sat, 05 Apr 2025 20:35:39 +0000
Reply to: 281
Event: 093
Station: HL_06
Instrument: RingNet
Attached: 202um | Flowmeter
Number_of_Bottles: 
Flowmeter S/N: 
Flowmeter Start: 60981
Flowmeter End: 
Action: Deployed
Sounding: 953.15
Sample ID: 514677
End_Sample_ID: 
Wire out: 
Wire Angle: 
Net Clogging: 
Wind Direction: 
Wind Speed (nm): 
Sky (condition): 
Swell Direction: 
Swell Height (M): 
Sea (Condition): 
Depth: 
Author: Lindsay Beazley
IMEI_No: 
WMO_No: 
S/N: 
Name: 
Comment: 
Time|Position: 2025-04-05 | 203536 | 42 49.9878 N | 61 44.0716 W
Cruise: EN728
PI: Lindsay Beazley
Protocol: AZMP
Platform: RV Endeavor
Revisions: 
Mooring Number: 
Number of RCMs: 
Number of MicroCATs: 
Number of Temperature Recorders: 
Number of Amars: 
Attachment: 
Encoding: plain
========================================

$@MID@$: 281
Date: Sat, 05 Apr 2025 21:09:07 +0000
Reply to: 282
In reply to: 280
Event: 093
Station: HL_06
Instrument: RingNet
Attached: 202um | Flowmeter
Number_of_Bottles: 
Flowmeter S/N: 
Flowmeter Start: 60981
Flowmeter End: 
Action: Bottom
Sounding: 1101.26
Sample ID: 514677
End_Sample_ID: 
Wire out: 1000
Wire Angle: 
Net Clogging: 
Wind Direction: 
Wind Speed (nm): 
Sky (condition): 
Swell Direction: 
Swell Height (M): 
Sea (Condition): 
Depth: 
Author: Lindsay Beazley
IMEI_No: 
WMO_No: 
S/N: 
Name: 
Comment: 
Time|Position: 2025-04-05 | 210904 | 42 50.2699 N | 61 44.3400 W
Cruise: EN728
PI: Lindsay Beazley
Protocol: AZMP
Platform: RV Endeavor
Revisions: 
Mooring Number: 
Number of RCMs: 
Number of MicroCATs: 
Number of Temperature Recorders: 
Number of Amars: 
Attachment: 
Encoding: plain
========================================

$@MID@$: 282
Date: Sat, 05 Apr 2025 21:31:24 +0000
In reply to: 281
Event: 093
Station: HL_06
Instrument: RingNet
Attached: 202um | Flowmeter
Number_of_Bottles: 
Flowmeter S/N: 
Flowmeter Start: 60981
Flowmeter End: 21798
Action: Recovered
Sounding: 1080.01
Sample ID: 514677
End_Sample_ID: 
Wire out: 1000
Wire Angle: 10
Net Clogging: 
Wind Direction: 
Wind Speed (nm): 
Sky (condition): 
Swell Direction: 
Swell Height (M): 
Sea (Condition): 
Depth: 
Author: Lindsay Beazley
IMEI_No: 
WMO_No: 
S/N: 
Name: 
Comment: 
Time|Position: 2025-04-05 | 213122 | 42 50.2904 N | 61 44.5600 W
Cruise: EN728
PI: Lindsay Beazley
Protocol: AZMP
Platform: RV Endeavor
Revisions: 05/Apr/2025 21:52:44
Mooring Number: 
Number of RCMs: 
Number of MicroCATs: 
Number of Temperature Recorders: 
Number of Amars: 
Attachment: 
Encoding: plain
========================================

$@MID@$: 283
Date: Sat, 05 Apr 2025 21:36:09 +0000
Reply to: 284
Event: 094
Station: HL_06
Instrument: CTD
Attached: 
Number_of_Bottles: 
Flowmeter S/N: 
Flowmeter Start: 
Flowmeter End: 
Action: Deployed
Sounding: 1079.53
Sample ID: 514678
End_Sample_ID: 514700
Wire out: 
Wire Angle: 
Net Clogging: 
Wind Direction: 
Wind Speed (nm): 
Sky (condition): 
Swell Direction: 
Swell Height (M): 
Sea (Condition): 
Depth: 
Author: Melanie Hardy
IMEI_No: 
WMO_No: 
S/N: 
Name: 
Comment: 
Time|Position: 2025-04-05 | 213607 | 42 50.2964 N | 61 44.6011 W
Cruise: EN728
PI: Lindsay Beazley
Protocol: AZMP
Platform: RV Endeavor
Revisions: 
Mooring Number: 
Number of RCMs: 
Number of MicroCATs: 
Number of Temperature Recorders: 
Number of Amars: 
Attachment: 
Encoding: plain
========================================

$@MID@$: 284
Date: Sat, 05 Apr 2025 22:01:11 +0000
Reply to: 285
In reply to: 283
Event: 094
Station: HL_06
Instrument: CTD
Attached: 
Number_of_Bottles: 
Flowmeter S/N: 
Flowmeter Start: 
Flowmeter End: 
Action: Bottom
Sounding: 1073.84
Sample ID: 514678
End_Sample_ID: 514700
Wire out: 
Wire Angle: 
Net Clogging: 
Wind Direction: 
Wind Speed (nm): 
Sky (condition): 
Swell Direction: 
Swell Height (M): 
Sea (Condition): 
Depth: 
Author: Melanie Hardy
IMEI_No: 
WMO_No: 
S/N: 
Name: 
Comment: 
Time|Position: 2025-04-05 | 220109 | 42 50.4385 N | 61 44.7885 W
Cruise: EN728
PI: Lindsay Beazley
Protocol: AZMP
Platform: RV Endeavor
Revisions: 
Mooring Number: 
Number of RCMs: 
Number of MicroCATs: 
Number of Temperature Recorders: 
Number of Amars: 
Attachment: 
Encoding: plain
========================================

$@MID@$: 285
Date: Sat, 05 Apr 2025 22:48:03 +0000
In reply to: 284
Event: 094
Station: HL_06
Instrument: CTD
Attached: 
Number_of_Bottles: 
Flowmeter S/N: 
Flowmeter Start: 
Flowmeter End: 
Action: Recovered
Sounding: 1037.11
Sample ID: 514678
End_Sample_ID: 514700
Wire out: 
Wire Angle: 
Net Clogging: 
Wind Direction: 
Wind Speed (nm): 
Sky (condition): 
Swell Direction: 
Swell Height (M): 
Sea (Condition): 
Depth: 
Author: Melanie Hardy
IMEI_No: 
WMO_No: 
S/N: 
Name: 
Comment: misfire on bottle 17 sample ID 541694 - this was the first of two 20m bottle so we were able to take from bottle 18 sample ID 541695 with careful water use to ensure all DFO and Dal samples could be taken
Time|Position: 2025-04-05 | 224801 | 42 50.5858 N | 61 44.9884 W
Cruise: EN728
PI: Lindsay Beazley
Protocol: AZMP
Platform: RV Endeavor
Revisions: 06/Apr/2025 02:22:39
Mooring Number: 
Number of RCMs: 
Number of MicroCATs: 
Number of Temperature Recorders: 
Number of Amars: 
Attachment: 
Encoding: plain
========================================

