$@MID@$: 13
Date: Thu, 17 Oct 2024 16:02:52 +0000
Sample #: 013
Number of pCO2 Samples: 0
Number of TIC Samples: 1
Number of Chl_a Samples: 2
Number of CDOM Samples: 1
Number of HPLC Samples: 0
Number of ABS Samples: 0
Number of Other Samples: 2
Other Sample/s not Listed: Salts and oxygen
Sample ID: 511765
Paper log Completed: Yes
Author: Lindsay Beazley
Time|Position: 2024-10-17 | 160252.01 | 45 20.833166 N | 57 51.138277 W
Mission: DY18402
PI: Lindsay Beazley
Revisions: 
Attachment: 
Encoding: HTML
========================================

