$@MID@$: 17
Date: Mon, 21 Oct 2024 16:22:48 +0000
Sample #: 017
Number of pCO2 Samples: 0
Number of TIC Samples: 1
Number of Chl_a Samples: 2
Number of CDOM Samples: 1
Number of HPLC Samples: 0
Number of ABS Samples: 0
Number of Other Samples: 2
Other Sample/s not Listed: salts, oxygen
Sample ID: 511769
Paper log Completed: Yes
Author: Lindsay Beazley
Time|Position: 2024-10-21 | 162248.01 | 45 57.551575 N | 59 34.261093 W
Mission: DY18402
PI: Lindsay Beazley
Revisions: 
Attachment: 
Encoding: HTML
========================================

