$@MID@$: 12
Date: Wed, 16 Oct 2024 16:15:51 +0000
Sample #: 012
Number of pCO2 Samples: 0
Number of TIC Samples: 1
Number of Chl_a Samples: 2
Number of CDOM Samples: 1
Number of HPLC Samples: 0
Number of ABS Samples: 0
Number of Other Samples: 2
Other Sample/s not Listed: salts, oxygen
Sample ID: 511764
Paper log Completed: Yes
Author: Lindsay Beazley
Time|Position: 2024-10-16 | 161551.01 | 43 19.467310 N | 57 33.994149 W
Mission: DY18402
PI: Lindsay Beazley
Revisions: 
Attachment: 
Encoding: HTML
========================================

