$@MID@$: 1
Date: Fri, 04 Oct 2024 21:18:19 +0100
Sample #: 'scripts\GetEvent_v2' is not recognized as an internal or external command,
Number of pCO2 Samples: 0
Number of TIC Samples: 1
Number of Chl_a Samples: 2
Number of CDOM Samples: 1
Number of HPLC Samples: 0
Number of ABS Samples: 0
Number of Other Samples: 0
Other Sample/s not Listed: Salts and oxygen
Sample ID: 511753
Paper log Completed: Yes
Author: Lindsay Beazley
Time|Position: 2024-10-04 | 201819.01 | 43 56.833076 N | 63 04.007911 W
Mission: DY18402
PI: Lindsay Beazley
Revisions: 04/Oct/2024 21:18:48
Attachment: 
Encoding: HTML
========================================

