$@MID@$: 15
Date: Sat, 19 Oct 2024 15:52:21 +0000
Sample #: 015
Number of pCO2 Samples: 0
Number of TIC Samples: 1
Number of Chl_a Samples: 2
Number of CDOM Samples: 1
Number of HPLC Samples: 0
Number of ABS Samples: 0
Number of Other Samples: 2
Other Sample/s not Listed: salts, oxygen
Sample ID: 511767
Paper log Completed: Yes
Author: Lindsay Beazley
Time|Position: 2024-10-19 | 155221.01 | 47 23.399001 N | 60 15.685000 W
Mission: DY18402
PI: Lindsay Beazley
Revisions: 
Attachment: 
Encoding: HTML
========================================

