$@MID@$: 6
Date: Wed, 09 Oct 2024 16:59:22 +0000
Sample #: 006
Number of pCO2 Samples: 0
Number of TIC Samples: 1
Number of Chl_a Samples: 2
Number of CDOM Samples: 1
Number of HPLC Samples: 0
Number of ABS Samples: 0
Number of Other Samples: 2
Other Sample/s not Listed: Salts and oxygen
Sample ID: 511758
Paper log Completed: Yes
Author: Lindsay Beazley
Time|Position: 2024-10-09 | 165922.01 | 43 05.265286 N | 70 07.995327 W
Mission: DY18402
PI: Lindsay Beazley
Revisions: 
Attachment: 
Encoding: HTML
========================================

