$@MID@$: 14
Date: Fri, 18 Oct 2024 15:25:01 +0000
Sample #: 014
Number of pCO2 Samples: 0
Number of TIC Samples: 1
Number of Chl_a Samples: 2
Number of CDOM Samples: 1
Number of HPLC Samples: 0
Number of ABS Samples: 0
Number of Other Samples: 2
Other Sample/s not Listed: Salts, oxygen
Sample ID: 511766
Paper log Completed: Yes
Author: Lindsay Beazley
Time|Position: 2024-10-18 | 152501.01 | 45 09.580817 N | 59 33.716438 W
Mission: DY18402
PI: Lindsay Beazley
Revisions: 
Attachment: 
Encoding: HTML
========================================

