$@MID@$: 9
Date: Sat, 12 Oct 2024 15:29:57 +0000
Sample #: 009
Number of pCO2 Samples: 0
Number of TIC Samples: 1
Number of Chl_a Samples: 2
Number of CDOM Samples: 1
Number of HPLC Samples: 0
Number of ABS Samples: 0
Number of Other Samples: 2
Other Sample/s not Listed: salts, oxygen
Sample ID: 511761
Paper log Completed: Yes
Author: Lindsay Beazley
Time|Position: 2024-10-12 | 152957.01 | 43 05.369454 N | 65 07.623092 W
Mission: DY18402
PI: Lindsay Beazley
Revisions: 
Attachment: 
Encoding: HTML
========================================

