$@MID@$: 10
Date: Sun, 13 Oct 2024 18:21:11 +0000
Sample #: 010
Number of pCO2 Samples: 0
Number of TIC Samples: 1
Number of Chl_a Samples: 2
Number of CDOM Samples: 1
Number of HPLC Samples: 0
Number of ABS Samples: 0
Number of Other Samples: 2
Other Sample/s not Listed: salts and oxygen
Sample ID: 511762
Paper log Completed: Yes
Author: Lindsay Beazley
Time|Position: 2024-10-13 | 182111.01 | 43 37.114314 N | 62 36.226220 W
Mission: DY18402
PI: Lindsay Beazley
Revisions: 
Attachment: 
Encoding: HTML
========================================

