$@MID@$: 11
Date: Mon, 14 Oct 2024 17:39:46 +0000
Sample #: 011
Number of pCO2 Samples: 0
Number of TIC Samples: 1
Number of Chl_a Samples: 2
Number of CDOM Samples: 1
Number of HPLC Samples: 0
Number of ABS Samples: 0
Number of Other Samples: 2
Other Sample/s not Listed: salts, oxygen
Sample ID: 511763
Paper log Completed: Yes
Author: Lindsay Beazley
Time|Position: 2024-10-14 | 173946.01 | 42 34.611254 N | 61 29.579211 W
Mission: DY18402
PI: Lindsay Beazley
Revisions: 
Attachment: 
Encoding: HTML
========================================

