$@MID@$: 16
Date: Sun, 20 Oct 2024 16:30:26 +0000
Sample #: 016
Number of pCO2 Samples: 0
Number of TIC Samples: 1
Number of Chl_a Samples: 2
Number of CDOM Samples: 1
Number of HPLC Samples: 0
Number of ABS Samples: 0
Number of Other Samples: 2
Other Sample/s not Listed: salts, oxygen
Sample ID: 511768
Paper log Completed: Yes
Author: Lindsay Beazley
Time|Position: 2024-10-20 | 163026.01 | 47 28.480972 N | 59 33.424570 W
Mission: DY18402
PI: Lindsay Beazley
Revisions: 
Attachment: 
Encoding: HTML
========================================

