$@MID@$: 7
Date: Thu, 10 Oct 2024 15:25:06 +0000
Sample #: 007
Number of pCO2 Samples: 0
Number of TIC Samples: 1
Number of Chl_a Samples: 2
Number of CDOM Samples: 1
Number of HPLC Samples: 0
Number of ABS Samples: 0
Number of Other Samples: 2
Other Sample/s not Listed: salts, oxygen
Sample ID: 511759
Paper log Completed: Yes
Author: Lindsay Beazley
Time|Position: 2024-10-10 | 152506.01 | 42 29.505751 N | 66 59.551646 W
Mission: DY18402
PI: Lindsay Beazley
Revisions: 
Attachment: 
Encoding: HTML
========================================

