$@MID@$: 4
Date: Mon, 07 Oct 2024 16:52:55 +0000
Sample #: 004
Number of pCO2 Samples: 0
Number of TIC Samples: 1
Number of Chl_a Samples: 2
Number of CDOM Samples: 1
Number of HPLC Samples: 0
Number of ABS Samples: 0
Number of Other Samples: 2
Other Sample/s not Listed: salts and oxygen
Sample ID: 511756
Paper log Completed: Yes
Author: Lindsay Beazley
Time|Position: 2024-10-07 | 165255.01 | 43 43.874323 N | 66 32.314426 W
Mission: DY18402
PI: Lindsay Beazley
Revisions: 
Attachment: 
Encoding: HTML
========================================

