$@MID@$: 2
Date: Sat, 05 Oct 2024 16:05:21 +0100
Sample #: 'scripts\GetEvent_v2' is not recognized as an internal or external command,
Number of pCO2 Samples: 0
Number of TIC Samples: 1
Number of Chl_a Samples: 2
Number of CDOM Samples: 1
Number of HPLC Samples: 0
Number of ABS Samples: 0
Number of Other Samples: 2
Other Sample/s not Listed: Salts, oxygen
Sample ID: 511754
Paper log Completed: Yes
Author: Benoit Casault
Time|Position: 2024-10-05 | 150521.01 | 42 04.995036 N | 63 10.572618 W
Mission: DY18402
PI: Lindsay Beazley
Revisions: 
Attachment: 
Encoding: HTML
========================================

