$@MID@$: 8
Date: Fri, 11 Oct 2024 17:38:27 +0000
Sample #: 008
Number of pCO2 Samples: 0
Number of TIC Samples: 1
Number of Chl_a Samples: 2
Number of CDOM Samples: 1
Number of HPLC Samples: 0
Number of ABS Samples: 0
Number of Other Samples: 2
Other Sample/s not Listed: Salts and oxygen
Sample ID: 511760
Paper log Completed: Yes
Author: Lindsay Beazley
Time|Position: 2024-10-11 | 173827.01 | 42 30.182649 N | 65 40.579623 W
Mission: DY18402
PI: Lindsay Beazley
Revisions: 
Attachment: 
Encoding: HTML
========================================

