$@MID@$: 5
Date: Tue, 08 Oct 2024 16:42:17 +0000
Sample #: 005
Number of pCO2 Samples: 0
Number of TIC Samples: 1
Number of Chl_a Samples: 2
Number of CDOM Samples: 0
Number of HPLC Samples: 0
Number of ABS Samples: 0
Number of Other Samples: 2
Other Sample/s not Listed: salts, oxygen
Sample ID: 511757
Paper log Completed: Yes
Author: Lindsay Beazley
Time|Position: 2024-10-08 | 164217.01 | 44 16.209365 N | 66 54.197000 W
Mission: DY18402
PI: Lindsay Beazley
Revisions: 
Attachment: 
Encoding: HTML
========================================

