$@MID@$: 185
Date: Fri, 11 Oct 2024 00:01:56 +0000
Reply to: 186
Event: 064
Station: NEC_10
Instrument: CTD
Attached: pH
Number_of_Bottles: 
Flowmeter S/N: 
Flowmeter Start: 
Flowmeter End: 
Action: Deployed
Sounding: 92.04
Sample ID: 512238
End_Sample_ID: 512256
Wire out: 
Wire Angle: 
Net Clogging: 
Wind Direction: 
Wind Speed (nm): 
Sky (condition): 
Swell Direction: 
Swell Height (M): 
Sea (Condition): 
Depth: 
Author: Patrick Upson
IMEI_No: 
WMO_No: 
S/N: 
Name: 
Comment: 
Time|Position: 2024-10-11 | 000156.01 | 41 59.388166 N | 66 08.487900 W
Cruise: DY18402
PI: Lindsay Beazley
Protocol: AZMP
Platform: RRS Discovery
Revisions: 
Mooring Number: 
Number of RCMs: 
Number of MicroCATs: 
Number of Temperature Recorders: 
Number of Amars: 
Attachment: 
Encoding: plain
========================================

$@MID@$: 186
Date: Fri, 11 Oct 2024 00:14:01 +0000
Reply to: 187
In reply to: 185
Event: 064
Station: NEC_10
Instrument: CTD
Attached: pH
Number_of_Bottles: 
Flowmeter S/N: 
Flowmeter Start: 
Flowmeter End: 
Action: Bottom
Sounding: 91.49
Sample ID: 512238
End_Sample_ID: 512256
Wire out: 
Wire Angle: 
Net Clogging: 
Wind Direction: 
Wind Speed (nm): 
Sky (condition): 
Swell Direction: 
Swell Height (M): 
Sea (Condition): 
Depth: 
Author: Patrick Upson
IMEI_No: 
WMO_No: 
S/N: 
Name: 
Comment: 
Time|Position: 2024-10-11 | 001401.01 | 41 59.139597 N | 66 08.220676 W
Cruise: DY18402
PI: Lindsay Beazley
Protocol: AZMP
Platform: RRS Discovery
Revisions: 
Mooring Number: 
Number of RCMs: 
Number of MicroCATs: 
Number of Temperature Recorders: 
Number of Amars: 
Attachment: 
Encoding: plain
========================================

$@MID@$: 187
Date: Fri, 11 Oct 2024 00:30:25 +0000
In reply to: 186
Event: 064
Station: NEC_10
Instrument: CTD
Attached: pH
Number_of_Bottles: 
Flowmeter S/N: 
Flowmeter Start: 
Flowmeter End: 
Action: Recovered
Sounding: 92.41
Sample ID: 512238
End_Sample_ID: 512256
Wire out: 
Wire Angle: 
Net Clogging: 
Wind Direction: 
Wind Speed (nm): 
Sky (condition): 
Swell Direction: 
Swell Height (M): 
Sea (Condition): 
Depth: 
Author: Patrick Upson
IMEI_No: 
WMO_No: 
S/N: 
Name: 
Comment: 
Time|Position: 2024-10-11 | 003025.01 | 41 58.814298 N | 66 07.867149 W
Cruise: DY18402
PI: Lindsay Beazley
Protocol: AZMP
Platform: RRS Discovery
Revisions: 
Mooring Number: 
Number of RCMs: 
Number of MicroCATs: 
Number of Temperature Recorders: 
Number of Amars: 
Attachment: 
Encoding: plain
========================================

$@MID@$: 188
Date: Fri, 11 Oct 2024 00:47:06 +0000
Reply to: 189
Event: 065
Station: NEC_10
Instrument: RingNet
Attached: 202um | Flowmeter
Number_of_Bottles: 
Flowmeter S/N: 
Flowmeter Start: 
Flowmeter End: 
Action: Deployed
Sounding: 91.32
Sample ID: 512257
End_Sample_ID: 
Wire out: 83
Wire Angle: 
Net Clogging: 
Wind Direction: 
Wind Speed (nm): 
Sky (condition): 
Swell Direction: 
Swell Height (M): 
Sea (Condition): 
Depth: 
Author: Kevin Sorochan
IMEI_No: 
WMO_No: 
S/N: 
Name: 
Comment: 
Time|Position: 2024-10-11 | 004706.01 | 41 58.621490 N | 66 07.709458 W
Cruise: DY18402
PI: Lindsay Beazley
Protocol: AZMP
Platform: RRS Discovery
Revisions: 
Mooring Number: 
Number of RCMs: 
Number of MicroCATs: 
Number of Temperature Recorders: 
Number of Amars: 
Attachment: 
Encoding: plain
========================================

$@MID@$: 189
Date: Fri, 11 Oct 2024 00:47:22 +0000
Reply to: 190
In reply to: 188
Event: 065
Station: NEC_10
Instrument: RingNet
Attached: 202um | Flowmeter
Number_of_Bottles: 
Flowmeter S/N: 
Flowmeter Start: 
Flowmeter End: 
Action: Bottom
Sounding: 93.16
Sample ID: 512257
End_Sample_ID: 
Wire out: 83
Wire Angle: 
Net Clogging: 
Wind Direction: 
Wind Speed (nm): 
Sky (condition): 
Swell Direction: 
Swell Height (M): 
Sea (Condition): 
Depth: 
Author: Kevin Sorochan
IMEI_No: 
WMO_No: 
S/N: 
Name: 
Comment: 
Time|Position: 2024-10-11 | 004722.01 | 41 58.614170 N | 66 07.703769 W
Cruise: DY18402
PI: Lindsay Beazley
Protocol: AZMP
Platform: RRS Discovery
Revisions: 
Mooring Number: 
Number of RCMs: 
Number of MicroCATs: 
Number of Temperature Recorders: 
Number of Amars: 
Attachment: 
Encoding: plain
========================================

$@MID@$: 190
Date: Fri, 11 Oct 2024 00:55:27 +0000
In reply to: 189
Event: 065
Station: NEC_10
Instrument: RingNet
Attached: 202um | Flowmeter
Number_of_Bottles: 
Flowmeter S/N: 
Flowmeter Start: 59431
Flowmeter End: 59741
Action: Recovered
Sounding: 92.90
Sample ID: 512257
End_Sample_ID: 
Wire out: 83
Wire Angle: 10
Net Clogging: 
Wind Direction: 
Wind Speed (nm): 
Sky (condition): 
Swell Direction: 
Swell Height (M): 
Sea (Condition): 
Depth: 
Author: Kevin Sorochan
IMEI_No: 
WMO_No: 
S/N: 
Name: 
Comment: Start flowmeter reading lost and assumed as end reading from last deployment
Time|Position: 2024-10-11 | 005527.01 | 41 58.314189 N | 66 07.474599 W
Cruise: DY18402
PI: Lindsay Beazley
Protocol: AZMP
Platform: RRS Discovery
Revisions: 
Mooring Number: 
Number of RCMs: 
Number of MicroCATs: 
Number of Temperature Recorders: 
Number of Amars: 
Attachment: 
Encoding: plain
========================================

$@MID@$: 191
Date: Fri, 11 Oct 2024 02:02:01 +0000
Reply to: 192
Event: 066
Station: NEC_09
Instrument: CTD
Attached: pH
Number_of_Bottles: 
Flowmeter S/N: 
Flowmeter Start: 
Flowmeter End: 
Action: Deployed
Sounding: 95.48
Sample ID: 512258
End_Sample_ID: 512268
Wire out: 
Wire Angle: 
Net Clogging: 
Wind Direction: 
Wind Speed (nm): 
Sky (condition): 
Swell Direction: 
Swell Height (M): 
Sea (Condition): 
Depth: 
Author: Patrick Upson
IMEI_No: 
WMO_No: 
S/N: 
Name: 
Comment: 
Time|Position: 2024-10-11 | 020201.01 | 42 03.680941 N | 66 04.999566 W
Cruise: DY18402
PI: Lindsay Beazley
Protocol: AZMP
Platform: RRS Discovery
Revisions: 
Mooring Number: 
Number of RCMs: 
Number of MicroCATs: 
Number of Temperature Recorders: 
Number of Amars: 
Attachment: 
Encoding: plain
========================================

$@MID@$: 192
Date: Fri, 11 Oct 2024 02:13:25 +0000
Reply to: 193
In reply to: 191
Event: 066
Station: NEC_09
Instrument: CTD
Attached: pH
Number_of_Bottles: 
Flowmeter S/N: 
Flowmeter Start: 
Flowmeter End: 
Action: Bottom
Sounding: 95.30
Sample ID: 512258
End_Sample_ID: 512268
Wire out: 
Wire Angle: 
Net Clogging: 
Wind Direction: 
Wind Speed (nm): 
Sky (condition): 
Swell Direction: 
Swell Height (M): 
Sea (Condition): 
Depth: 
Author: Patrick Upson
IMEI_No: 
WMO_No: 
S/N: 
Name: 
Comment: 
Time|Position: 2024-10-11 | 021325.01 | 42 03.502017 N | 66 04.902507 W
Cruise: DY18402
PI: Lindsay Beazley
Protocol: AZMP
Platform: RRS Discovery
Revisions: 
Mooring Number: 
Number of RCMs: 
Number of MicroCATs: 
Number of Temperature Recorders: 
Number of Amars: 
Attachment: 
Encoding: plain
========================================

$@MID@$: 193
Date: Fri, 11 Oct 2024 02:28:12 +0000
In reply to: 192
Event: 066
Station: NEC_09
Instrument: CTD
Attached: pH
Number_of_Bottles: 
Flowmeter S/N: 
Flowmeter Start: 
Flowmeter End: 
Action: Recovered
Sounding: 96.21
Sample ID: 512258
End_Sample_ID: 512268
Wire out: 
Wire Angle: 
Net Clogging: 
Wind Direction: 
Wind Speed (nm): 
Sky (condition): 
Swell Direction: 
Swell Height (M): 
Sea (Condition): 
Depth: 
Author: Patrick Upson
IMEI_No: 
WMO_No: 
S/N: 
Name: 
Comment: 
Time|Position: 2024-10-11 | 022812.01 | 42 03.239764 N | 66 04.764492 W
Cruise: DY18402
PI: Lindsay Beazley
Protocol: AZMP
Platform: RRS Discovery
Revisions: 
Mooring Number: 
Number of RCMs: 
Number of MicroCATs: 
Number of Temperature Recorders: 
Number of Amars: 
Attachment: 
Encoding: plain
========================================

$@MID@$: 194
Date: Fri, 11 Oct 2024 03:23:11 +0000
Reply to: 195
Event: 067
Station: NEC_08
Instrument: CTD
Attached: pH
Number_of_Bottles: 
Flowmeter S/N: 
Flowmeter Start: 
Flowmeter End: 
Action: Deployed
Sounding: 164.06
Sample ID: 512269
End_Sample_ID: 512283
Wire out: 
Wire Angle: 
Net Clogging: 
Wind Direction: 
Wind Speed (nm): 
Sky (condition): 
Swell Direction: 
Swell Height (M): 
Sea (Condition): 
Depth: 
Author: Patrick Upson
IMEI_No: 
WMO_No: 
S/N: 
Name: 
Comment: 
Time|Position: 2024-10-11 | 032311.01 | 42 07.074805 N | 66 02.232644 W
Cruise: DY18402
PI: Lindsay Beazley
Protocol: AZMP
Platform: RRS Discovery
Revisions: 11/Oct/2024 03:27:46
Mooring Number: 
Number of RCMs: 
Number of MicroCATs: 
Number of Temperature Recorders: 
Number of Amars: 
Attachment: 
Encoding: plain
========================================

$@MID@$: 195
Date: Fri, 11 Oct 2024 03:40:28 +0000
Reply to: 196
In reply to: 194
Event: 067
Station: NEC_08
Instrument: CTD
Attached: pH
Number_of_Bottles: 
Flowmeter S/N: 
Flowmeter Start: 
Flowmeter End: 
Action: Bottom
Sounding: 206.51
Sample ID: 512269
End_Sample_ID: 512283
Wire out: 
Wire Angle: 
Net Clogging: 
Wind Direction: 
Wind Speed (nm): 
Sky (condition): 
Swell Direction: 
Swell Height (M): 
Sea (Condition): 
Depth: 
Author: Patrick Upson
IMEI_No: 
WMO_No: 
S/N: 
Name: 
Comment: 
Time|Position: 2024-10-11 | 034028.01 | 42 07.074804 N | 66 02.232098 W
Cruise: DY18402
PI: Lindsay Beazley
Protocol: AZMP
Platform: RRS Discovery
Revisions: 11/Oct/2024 03:27:46
Mooring Number: 
Number of RCMs: 
Number of MicroCATs: 
Number of Temperature Recorders: 
Number of Amars: 
Attachment: 
Encoding: plain
========================================

$@MID@$: 196
Date: Fri, 11 Oct 2024 03:57:06 +0000
In reply to: 195
Event: 067
Station: NEC_08
Instrument: CTD
Attached: pH
Number_of_Bottles: 
Flowmeter S/N: 
Flowmeter Start: 
Flowmeter End: 
Action: Recovered
Sounding: 206.15
Sample ID: 512269
End_Sample_ID: 512283
Wire out: 
Wire Angle: 
Net Clogging: 
Wind Direction: 
Wind Speed (nm): 
Sky (condition): 
Swell Direction: 
Swell Height (M): 
Sea (Condition): 
Depth: 
Author: Patrick Upson
IMEI_No: 
WMO_No: 
S/N: 
Name: 
Comment: 
Time|Position: 2024-10-11 | 035706.01 | 42 07.074954 N | 66 02.231840 W
Cruise: DY18402
PI: Lindsay Beazley
Protocol: AZMP
Platform: RRS Discovery
Revisions: 11/Oct/2024 03:27:46
Mooring Number: 
Number of RCMs: 
Number of MicroCATs: 
Number of Temperature Recorders: 
Number of Amars: 
Attachment: 
Encoding: plain
========================================

$@MID@$: 197
Date: Fri, 11 Oct 2024 04:15:06 +0000
Reply to: 198
Event: 068
Station: NEC_08
Instrument: RingNet
Attached: 202um | Flowmeter
Number_of_Bottles: 
Flowmeter S/N: 
Flowmeter Start: 59746
Flowmeter End: 
Action: Deployed
Sounding: 137.88
Sample ID: 512284
End_Sample_ID: 
Wire out: 198
Wire Angle: 
Net Clogging: 
Wind Direction: 
Wind Speed (nm): 
Sky (condition): 
Swell Direction: 
Swell Height (M): 
Sea (Condition): 
Depth: 
Author: Kevin Sorochan
IMEI_No: 
WMO_No: 
S/N: 
Name: 
Comment: 
Time|Position: 2024-10-11 | 041506.01 | 42 07.072769 N | 66 02.249467 W
Cruise: DY18402
PI: Lindsay Beazley
Protocol: AZMP
Platform: RRS Discovery
Revisions: 
Mooring Number: 
Number of RCMs: 
Number of MicroCATs: 
Number of Temperature Recorders: 
Number of Amars: 
Attachment: 
Encoding: plain
========================================

$@MID@$: 198
Date: Fri, 11 Oct 2024 04:21:01 +0000
Reply to: 199
In reply to: 197
Event: 068
Station: NEC_08
Instrument: RingNet
Attached: 202um | Flowmeter
Number_of_Bottles: 
Flowmeter S/N: 
Flowmeter Start: 59746
Flowmeter End: 
Action: Bottom
Sounding: 207.51
Sample ID: 512284
End_Sample_ID: 
Wire out: 198
Wire Angle: 5
Net Clogging: 
Wind Direction: 
Wind Speed (nm): 
Sky (condition): 
Swell Direction: 
Swell Height (M): 
Sea (Condition): 
Depth: 
Author: Kevin Sorochan
IMEI_No: 
WMO_No: 
S/N: 
Name: 
Comment: 
Time|Position: 2024-10-11 | 042101.01 | 42 07.066310 N | 66 02.256511 W
Cruise: DY18402
PI: Lindsay Beazley
Protocol: AZMP
Platform: RRS Discovery
Revisions: 
Mooring Number: 
Number of RCMs: 
Number of MicroCATs: 
Number of Temperature Recorders: 
Number of Amars: 
Attachment: 
Encoding: plain
========================================

$@MID@$: 199
Date: Fri, 11 Oct 2024 04:28:05 +0000
In reply to: 198
Event: 068
Station: NEC_08
Instrument: RingNet
Attached: 202um | Flowmeter
Number_of_Bottles: 
Flowmeter S/N: 
Flowmeter Start: 59746
Flowmeter End: 60628
Action: Recovered
Sounding: 208.08
Sample ID: 512284
End_Sample_ID: 
Wire out: 198
Wire Angle: 5
Net Clogging: 
Wind Direction: 
Wind Speed (nm): 
Sky (condition): 
Swell Direction: 
Swell Height (M): 
Sea (Condition): 
Depth: 
Author: Kevin Sorochan
IMEI_No: 
WMO_No: 
S/N: 
Name: 
Comment: 
Time|Position: 2024-10-11 | 042805.01 | 42 07.069047 N | 66 02.252060 W
Cruise: DY18402
PI: Lindsay Beazley
Protocol: AZMP
Platform: RRS Discovery
Revisions: 
Mooring Number: 
Number of RCMs: 
Number of MicroCATs: 
Number of Temperature Recorders: 
Number of Amars: 
Attachment: 
Encoding: plain
========================================

$@MID@$: 200
Date: Fri, 11 Oct 2024 05:10:55 +0000
Reply to: 201
Event: 069
Station: NEC_07
Instrument: CTD
Attached: pH
Number_of_Bottles: 
Flowmeter S/N: 
Flowmeter Start: 
Flowmeter End: 
Action: Deployed
Sounding: 223.98
Sample ID: 512285
End_Sample_ID: 512303
Wire out: 
Wire Angle: 
Net Clogging: 
Wind Direction: 
Wind Speed (nm): 
Sky (condition): 
Swell Direction: 
Swell Height (M): 
Sea (Condition): 
Depth: 
Author: Patrick Upson
IMEI_No: 
WMO_No: 
S/N: 
Name: 
Comment: 
Time|Position: 2024-10-11 | 051055.01 | 42 09.778759 N | 65 58.157223 W
Cruise: DY18402
PI: Lindsay Beazley
Protocol: AZMP
Platform: RRS Discovery
Revisions: 
Mooring Number: 
Number of RCMs: 
Number of MicroCATs: 
Number of Temperature Recorders: 
Number of Amars: 
Attachment: 
Encoding: plain
========================================

$@MID@$: 201
Date: Fri, 11 Oct 2024 05:31:51 +0000
Reply to: 202
In reply to: 200
Event: 069
Station: NEC_07
Instrument: CTD
Attached: pH
Number_of_Bottles: 
Flowmeter S/N: 
Flowmeter Start: 
Flowmeter End: 
Action: Bottom
Sounding: 224.73
Sample ID: 512285
End_Sample_ID: 512303
Wire out: 
Wire Angle: 
Net Clogging: 
Wind Direction: 
Wind Speed (nm): 
Sky (condition): 
Swell Direction: 
Swell Height (M): 
Sea (Condition): 
Depth: 
Author: Patrick Upson
IMEI_No: 
WMO_No: 
S/N: 
Name: 
Comment: 
Time|Position: 2024-10-11 | 053151.01 | 42 09.805389 N | 65 58.340229 W
Cruise: DY18402
PI: Lindsay Beazley
Protocol: AZMP
Platform: RRS Discovery
Revisions: 
Mooring Number: 
Number of RCMs: 
Number of MicroCATs: 
Number of Temperature Recorders: 
Number of Amars: 
Attachment: 
Encoding: plain
========================================

$@MID@$: 202
Date: Fri, 11 Oct 2024 05:50:12 +0000
In reply to: 201
Event: 069
Station: NEC_07
Instrument: CTD
Attached: pH
Number_of_Bottles: 
Flowmeter S/N: 
Flowmeter Start: 
Flowmeter End: 
Action: Recovered
Sounding: 224.76
Sample ID: 512285
End_Sample_ID: 512303
Wire out: 
Wire Angle: 
Net Clogging: 
Wind Direction: 
Wind Speed (nm): 
Sky (condition): 
Swell Direction: 
Swell Height (M): 
Sea (Condition): 
Depth: 
Author: Patrick Upson
IMEI_No: 
WMO_No: 
S/N: 
Name: 
Comment: 
Time|Position: 2024-10-11 | 055012.01 | 42 09.984943 N | 65 58.701525 W
Cruise: DY18402
PI: Lindsay Beazley
Protocol: AZMP
Platform: RRS Discovery
Revisions: 
Mooring Number: 
Number of RCMs: 
Number of MicroCATs: 
Number of Temperature Recorders: 
Number of Amars: 
Attachment: 
Encoding: plain
========================================

$@MID@$: 203
Date: Fri, 11 Oct 2024 06:46:52 +0000
Reply to: 204
Event: 070
Station: NEC_06
Instrument: CTD
Attached: pH
Number_of_Bottles: 
Flowmeter S/N: 
Flowmeter Start: 
Flowmeter End: 
Action: Deployed
Sounding: 227.77
Sample ID: 512305
End_Sample_ID: 512320
Wire out: 
Wire Angle: 
Net Clogging: 
Wind Direction: 
Wind Speed (nm): 
Sky (condition): 
Swell Direction: 
Swell Height (M): 
Sea (Condition): 
Depth: 
Author: Patrick Upson
IMEI_No: 
WMO_No: 
S/N: 
Name: 
Comment: 
Time|Position: 2024-10-11 | 064652.01 | 42 11.983538 N | 65 56.297657 W
Cruise: DY18402
PI: Lindsay Beazley
Protocol: AZMP
Platform: RRS Discovery
Revisions: 
Mooring Number: 
Number of RCMs: 
Number of MicroCATs: 
Number of Temperature Recorders: 
Number of Amars: 
Attachment: 
Encoding: plain
========================================

$@MID@$: 204
Date: Fri, 11 Oct 2024 07:04:55 +0000
Reply to: 205
In reply to: 203
Event: 070
Station: NEC_06
Instrument: CTD
Attached: pH
Number_of_Bottles: 
Flowmeter S/N: 
Flowmeter Start: 
Flowmeter End: 
Action: Bottom
Sounding: 226.81
Sample ID: 512305
End_Sample_ID: 512320
Wire out: 
Wire Angle: 
Net Clogging: 
Wind Direction: 
Wind Speed (nm): 
Sky (condition): 
Swell Direction: 
Swell Height (M): 
Sea (Condition): 
Depth: 
Author: Patrick Upson
IMEI_No: 
WMO_No: 
S/N: 
Name: 
Comment: 
Time|Position: 2024-10-11 | 070455.01 | 42 11.990364 N | 65 56.318150 W
Cruise: DY18402
PI: Lindsay Beazley
Protocol: AZMP
Platform: RRS Discovery
Revisions: 
Mooring Number: 
Number of RCMs: 
Number of MicroCATs: 
Number of Temperature Recorders: 
Number of Amars: 
Attachment: 
Encoding: plain
========================================

$@MID@$: 205
Date: Fri, 11 Oct 2024 07:25:43 +0000
In reply to: 204
Event: 070
Station: NEC_06
Instrument: CTD
Attached: pH
Number_of_Bottles: 
Flowmeter S/N: 
Flowmeter Start: 
Flowmeter End: 
Action: Recovered
Sounding: 227.46
Sample ID: 512305
End_Sample_ID: 512320
Wire out: 
Wire Angle: 
Net Clogging: 
Wind Direction: 
Wind Speed (nm): 
Sky (condition): 
Swell Direction: 
Swell Height (M): 
Sea (Condition): 
Depth: 
Author: Patrick Upson
IMEI_No: 
WMO_No: 
S/N: 
Name: 
Comment: 
Time|Position: 2024-10-11 | 072543.01 | 42 12.011856 N | 65 56.389862 W
Cruise: DY18402
PI: Lindsay Beazley
Protocol: AZMP
Platform: RRS Discovery
Revisions: 
Mooring Number: 
Number of RCMs: 
Number of MicroCATs: 
Number of Temperature Recorders: 
Number of Amars: 
Attachment: 
Encoding: plain
========================================

$@MID@$: 206
Date: Fri, 11 Oct 2024 07:41:02 +0000
Reply to: 207
Event: 071
Station: NEC_06
Instrument: RingNet
Attached: 202um | Flowmeter
Number_of_Bottles: 
Flowmeter S/N: 
Flowmeter Start: 60628
Flowmeter End: 
Action: Deployed
Sounding: 227.76
Sample ID: 512321
End_Sample_ID: 
Wire out: 215
Wire Angle: 
Net Clogging: 
Wind Direction: 
Wind Speed (nm): 
Sky (condition): 
Swell Direction: 
Swell Height (M): 
Sea (Condition): 
Depth: 
Author: Kevin Sorochan
IMEI_No: 
WMO_No: 
S/N: 
Name: 
Comment: 
Time|Position: 2024-10-11 | 074102.01 | 42 11.986054 N | 65 56.283463 W
Cruise: DY18402
PI: Lindsay Beazley
Protocol: AZMP
Platform: RRS Discovery
Revisions: 
Mooring Number: 
Number of RCMs: 
Number of MicroCATs: 
Number of Temperature Recorders: 
Number of Amars: 
Attachment: 
Encoding: plain
========================================

$@MID@$: 207
Date: Fri, 11 Oct 2024 07:47:28 +0000
Reply to: 208
In reply to: 206
Event: 071
Station: NEC_06
Instrument: RingNet
Attached: 202um | Flowmeter
Number_of_Bottles: 
Flowmeter S/N: 
Flowmeter Start: 60628
Flowmeter End: 
Action: Bottom
Sounding: 227.80
Sample ID: 512321
End_Sample_ID: 
Wire out: 215
Wire Angle: 
Net Clogging: 
Wind Direction: 
Wind Speed (nm): 
Sky (condition): 
Swell Direction: 
Swell Height (M): 
Sea (Condition): 
Depth: 
Author: Kevin Sorochan
IMEI_No: 
WMO_No: 
S/N: 
Name: 
Comment: 
Time|Position: 2024-10-11 | 074728.01 | 42 11.995665 N | 65 56.314130 W
Cruise: DY18402
PI: Lindsay Beazley
Protocol: AZMP
Platform: RRS Discovery
Revisions: 
Mooring Number: 
Number of RCMs: 
Number of MicroCATs: 
Number of Temperature Recorders: 
Number of Amars: 
Attachment: 
Encoding: plain
========================================

$@MID@$: 208
Date: Fri, 11 Oct 2024 07:54:47 +0000
In reply to: 207
Event: 071
Station: NEC_06
Instrument: RingNet
Attached: 202um | Flowmeter
Number_of_Bottles: 
Flowmeter S/N: 
Flowmeter Start: 60628
Flowmeter End: 61610
Action: Recovered
Sounding: 227.85
Sample ID: 512321
End_Sample_ID: 
Wire out: 215
Wire Angle: 
Net Clogging: 
Wind Direction: 
Wind Speed (nm): 
Sky (condition): 
Swell Direction: 
Swell Height (M): 
Sea (Condition): 
Depth: 
Author: Kevin Sorochan
IMEI_No: 
WMO_No: 
S/N: 
Name: 
Comment: 
Time|Position: 2024-10-11 | 075447.01 | 42 12.002211 N | 65 56.308163 W
Cruise: DY18402
PI: Lindsay Beazley
Protocol: AZMP
Platform: RRS Discovery
Revisions: 11/Oct/2024 08:08:38
Mooring Number: 
Number of RCMs: 
Number of MicroCATs: 
Number of Temperature Recorders: 
Number of Amars: 
Attachment: 
Encoding: plain
========================================

$@MID@$: 209
Date: Fri, 11 Oct 2024 08:26:18 +0000
Reply to: 210
Event: 072
Station: NEC_06
Instrument: CTD
Attached: pH
Number_of_Bottles: 
Flowmeter S/N: 
Flowmeter Start: 
Flowmeter End: 
Action: Deployed
Sounding: 232.50
Sample ID: 512322
End_Sample_ID: 512345
Wire out: 
Wire Angle: 
Net Clogging: 
Wind Direction: 
Wind Speed (nm): 
Sky (condition): 
Swell Direction: 
Swell Height (M): 
Sea (Condition): 
Depth: 
Author: Patrick Upson
IMEI_No: 
WMO_No: 
S/N: 
Name: 
Comment: 
Time|Position: 2024-10-11 | 082618.01 | 42 13.967811 N | 65 54.228945 W
Cruise: DY18402
PI: Lindsay Beazley
Protocol: AZMP
Platform: RRS Discovery
Revisions: 
Mooring Number: 
Number of RCMs: 
Number of MicroCATs: 
Number of Temperature Recorders: 
Number of Amars: 
Attachment: 
Encoding: plain
========================================

$@MID@$: 210
Date: Fri, 11 Oct 2024 08:43:33 +0000
Reply to: 211
In reply to: 209
Event: 072
Station: NEC_06
Instrument: CTD
Attached: pH
Number_of_Bottles: 
Flowmeter S/N: 
Flowmeter Start: 
Flowmeter End: 
Action: Bottom
Sounding: 237.73
Sample ID: 512322
End_Sample_ID: 512345
Wire out: 
Wire Angle: 
Net Clogging: 
Wind Direction: 
Wind Speed (nm): 
Sky (condition): 
Swell Direction: 
Swell Height (M): 
Sea (Condition): 
Depth: 
Author: Patrick Upson
IMEI_No: 
WMO_No: 
S/N: 
Name: 
Comment: 
Time|Position: 2024-10-11 | 084333.01 | 42 13.884725 N | 65 54.320437 W
Cruise: DY18402
PI: Lindsay Beazley
Protocol: AZMP
Platform: RRS Discovery
Revisions: 
Mooring Number: 
Number of RCMs: 
Number of MicroCATs: 
Number of Temperature Recorders: 
Number of Amars: 
Attachment: 
Encoding: plain
========================================

$@MID@$: 211
Date: Fri, 11 Oct 2024 09:04:45 +0000
In reply to: 210
Event: 072
Station: NEC_06
Instrument: CTD
Attached: pH
Number_of_Bottles: 
Flowmeter S/N: 
Flowmeter Start: 
Flowmeter End: 
Action: Recovered
Sounding: 238.65
Sample ID: 512322
End_Sample_ID: 512345
Wire out: 
Wire Angle: 
Net Clogging: 
Wind Direction: 
Wind Speed (nm): 
Sky (condition): 
Swell Direction: 
Swell Height (M): 
Sea (Condition): 
Depth: 
Author: Patrick Upson
IMEI_No: 
WMO_No: 
S/N: 
Name: 
Comment: 
Time|Position: 2024-10-11 | 090445.01 | 42 13.767799 N | 65 54.450454 W
Cruise: DY18402
PI: Lindsay Beazley
Protocol: AZMP
Platform: RRS Discovery
Revisions: 
Mooring Number: 
Number of RCMs: 
Number of MicroCATs: 
Number of Temperature Recorders: 
Number of Amars: 
Attachment: 
Encoding: plain
========================================

