$@MID@$: 481
Date: Sun, 20 Oct 2024 00:01:48 +0000
Reply to: 482
In reply to: 480
Event: 160
Station: CSL_01
Instrument: RingNet
Attached: 202um | Flowmeter
Number_of_Bottles: 
Flowmeter S/N: 
Flowmeter Start: 27000
Flowmeter End: 
Action: Bottom
Sounding: 80.25
Sample ID: 512904
End_Sample_ID: 
Wire out: 70
Wire Angle: 0
Net Clogging: 
Wind Direction: 
Wind Speed (nm): 
Sky (condition): 
Swell Direction: 
Swell Height (M): 
Sea (Condition): 
Depth: 
Author: Kevin Sorochan
IMEI_No: 
WMO_No: 
S/N: 
Name: 
Comment: 
Time|Position: 2024-10-20 | 000148.01 | 46 57.505120 N | 60 12.955123 W
Cruise: DY18402
PI: Lindsay Beazley
Protocol: AZMP
Platform: RRS Discovery
Revisions: 
Mooring Number: 
Number of RCMs: 
Number of MicroCATs: 
Number of Temperature Recorders: 
Number of Amars: 
Attachment: 
Encoding: plain
========================================

$@MID@$: 482
Date: Sun, 20 Oct 2024 00:05:54 +0000
In reply to: 481
Event: 160
Station: CSL_01
Instrument: RingNet
Attached: 202um | Flowmeter
Number_of_Bottles: 
Flowmeter S/N: 
Flowmeter Start: 27000
Flowmeter End: 27203
Action: Recovered
Sounding: 80.45
Sample ID: 512904
End_Sample_ID: 
Wire out: 70
Wire Angle: 5
Net Clogging: 
Wind Direction: 
Wind Speed (nm): 
Sky (condition): 
Swell Direction: 
Swell Height (M): 
Sea (Condition): 
Depth: 
Author: Kevin Sorochan
IMEI_No: 
WMO_No: 
S/N: 
Name: 
Comment: 
Time|Position: 2024-10-20 | 000554.01 | 46 57.506017 N | 60 12.955608 W
Cruise: DY18402
PI: Lindsay Beazley
Protocol: AZMP
Platform: RRS Discovery
Revisions: 
Mooring Number: 
Number of RCMs: 
Number of MicroCATs: 
Number of Temperature Recorders: 
Number of Amars: 
Attachment: 
Encoding: plain
========================================

$@MID@$: 483
Date: Sun, 20 Oct 2024 01:06:26 +0000
Reply to: 484
Event: 161
Station: CSL_02
Instrument: CTD
Attached: pH
Number_of_Bottles: 
Flowmeter S/N: 
Flowmeter Start: 
Flowmeter End: 
Action: Deployed
Sounding: 186.02
Sample ID: 512905
End_Sample_ID: 512917
Wire out: 
Wire Angle: 
Net Clogging: 
Wind Direction: 
Wind Speed (nm): 
Sky (condition): 
Swell Direction: 
Swell Height (M): 
Sea (Condition): 
Depth: 
Author: Patrick Upson
IMEI_No: 
WMO_No: 
S/N: 
Name: 
Comment: 
Time|Position: 2024-10-20 | 010626.01 | 47 01.383126 N | 60 06.977016 W
Cruise: DY18402
PI: Lindsay Beazley
Protocol: AZMP
Platform: RRS Discovery
Revisions: 20/Oct/2024 01:07:06
Mooring Number: 
Number of RCMs: 
Number of MicroCATs: 
Number of Temperature Recorders: 
Number of Amars: 
Attachment: 
Encoding: plain
========================================

$@MID@$: 484
Date: Sun, 20 Oct 2024 01:24:01 +0000
Reply to: 485
In reply to: 483
Event: 161
Station: CSL_02
Instrument: CTD
Attached: pH
Number_of_Bottles: 
Flowmeter S/N: 
Flowmeter Start: 
Flowmeter End: 
Action: Bottom
Sounding: 185.88
Sample ID: 512905
End_Sample_ID: 512917
Wire out: 
Wire Angle: 
Net Clogging: 
Wind Direction: 
Wind Speed (nm): 
Sky (condition): 
Swell Direction: 
Swell Height (M): 
Sea (Condition): 
Depth: 
Author: Patrick Upson
IMEI_No: 
WMO_No: 
S/N: 
Name: 
Comment: 
Time|Position: 2024-10-20 | 012401.01 | 47 01.381927 N | 60 06.978007 W
Cruise: DY18402
PI: Lindsay Beazley
Protocol: AZMP
Platform: RRS Discovery
Revisions: 20/Oct/2024 01:07:06
Mooring Number: 
Number of RCMs: 
Number of MicroCATs: 
Number of Temperature Recorders: 
Number of Amars: 
Attachment: 
Encoding: plain
========================================

$@MID@$: 485
Date: Sun, 20 Oct 2024 01:45:36 +0000
In reply to: 484
Event: 161
Station: CSL_02
Instrument: CTD
Attached: pH
Number_of_Bottles: 
Flowmeter S/N: 
Flowmeter Start: 
Flowmeter End: 
Action: Recovered
Sounding: 186.25
Sample ID: 512905
End_Sample_ID: 512917
Wire out: 
Wire Angle: 
Net Clogging: 
Wind Direction: 
Wind Speed (nm): 
Sky (condition): 
Swell Direction: 
Swell Height (M): 
Sea (Condition): 
Depth: 
Author: Patrick Upson
IMEI_No: 
WMO_No: 
S/N: 
Name: 
Comment: 
Time|Position: 2024-10-20 | 014536.01 | 47 01.382443 N | 60 06.978181 W
Cruise: DY18402
PI: Lindsay Beazley
Protocol: AZMP
Platform: RRS Discovery
Revisions: 20/Oct/2024 01:07:06
Mooring Number: 
Number of RCMs: 
Number of MicroCATs: 
Number of Temperature Recorders: 
Number of Amars: 
Attachment: 
Encoding: plain
========================================

$@MID@$: 486
Date: Sun, 20 Oct 2024 01:58:37 +0000
Reply to: 487
Event: 162
Station: CSL_02
Instrument: RingNet
Attached: 202um | Flowmeter
Number_of_Bottles: 
Flowmeter S/N: 
Flowmeter Start: 27205
Flowmeter End: 
Action: Deployed
Sounding: 185.94
Sample ID: 512918
End_Sample_ID: 
Wire out: 176
Wire Angle: 0
Net Clogging: 
Wind Direction: 
Wind Speed (nm): 
Sky (condition): 
Swell Direction: 
Swell Height (M): 
Sea (Condition): 
Depth: 
Author: Kevin Sorochan
IMEI_No: 
WMO_No: 
S/N: 
Name: 
Comment: 
Time|Position: 2024-10-20 | 015837.01 | 47 01.383331 N | 60 06.980020 W
Cruise: DY18402
PI: Lindsay Beazley
Protocol: AZMP
Platform: RRS Discovery
Revisions: 
Mooring Number: 
Number of RCMs: 
Number of MicroCATs: 
Number of Temperature Recorders: 
Number of Amars: 
Attachment: 
Encoding: plain
========================================

$@MID@$: 487
Date: Sun, 20 Oct 2024 02:04:14 +0000
Reply to: 488
In reply to: 486
Event: 162
Station: CSL_02
Instrument: RingNet
Attached: 202um | Flowmeter
Number_of_Bottles: 
Flowmeter S/N: 
Flowmeter Start: 27205
Flowmeter End: 
Action: Bottom
Sounding: 186.00
Sample ID: 512918
End_Sample_ID: 
Wire out: 176
Wire Angle: 0
Net Clogging: 
Wind Direction: 
Wind Speed (nm): 
Sky (condition): 
Swell Direction: 
Swell Height (M): 
Sea (Condition): 
Depth: 
Author: Kevin Sorochan
IMEI_No: 
WMO_No: 
S/N: 
Name: 
Comment: 
Time|Position: 2024-10-20 | 020414.01 | 47 01.383995 N | 60 06.979228 W
Cruise: DY18402
PI: Lindsay Beazley
Protocol: AZMP
Platform: RRS Discovery
Revisions: 
Mooring Number: 
Number of RCMs: 
Number of MicroCATs: 
Number of Temperature Recorders: 
Number of Amars: 
Attachment: 
Encoding: plain
========================================

$@MID@$: 488
Date: Sun, 20 Oct 2024 02:09:55 +0000
In reply to: 487
Event: 162
Station: CSL_02
Instrument: RingNet
Attached: 202um | Flowmeter
Number_of_Bottles: 
Flowmeter S/N: 
Flowmeter Start: 27205
Flowmeter End: 27699
Action: Recovered
Sounding: 186.04
Sample ID: 512918
End_Sample_ID: 
Wire out: 176
Wire Angle: 0
Net Clogging: 
Wind Direction: 
Wind Speed (nm): 
Sky (condition): 
Swell Direction: 
Swell Height (M): 
Sea (Condition): 
Depth: 
Author: Kevin Sorochan
IMEI_No: 
WMO_No: 
S/N: 
Name: 
Comment: Two sample jars used
Time|Position: 2024-10-20 | 020955.01 | 47 01.384157 N | 60 06.979065 W
Cruise: DY18402
PI: Lindsay Beazley
Protocol: AZMP
Platform: RRS Discovery
Revisions: 20/Oct/2024 02:49:12
Mooring Number: 
Number of RCMs: 
Number of MicroCATs: 
Number of Temperature Recorders: 
Number of Amars: 
Attachment: 
Encoding: plain
========================================


$@MID@$: 489
Date: Sun, 20 Oct 2024 03:13:52 +0000
Reply to: 490
Event: 163
Station: CSL_03
Instrument: CTD
Attached: pH
Number_of_Bottles: 
Flowmeter S/N: 
Flowmeter Start: 
Flowmeter End: 
Action: Deployed
Sounding: 334.41
Sample ID: 512919
End_Sample_ID: 512933
Wire out: 
Wire Angle: 
Net Clogging: 
Wind Direction: 
Wind Speed (nm): 
Sky (condition): 
Swell Direction: 
Swell Height (M): 
Sea (Condition): 
Depth: 
Author: Patrick Upson
IMEI_No: 
WMO_No: 
S/N: 
Name: 
Comment: 
Time|Position: 2024-10-20 | 031352.01 | 47 05.993774 N | 59 59.489228 W
Cruise: DY18402
PI: Lindsay Beazley
Protocol: AZMP
Platform: RRS Discovery
Revisions: 
Mooring Number: 
Number of RCMs: 
Number of MicroCATs: 
Number of Temperature Recorders: 
Number of Amars: 
Attachment: 
Encoding: plain
========================================

$@MID@$: 490
Date: Sun, 20 Oct 2024 03:33:01 +0000
Reply to: 491
In reply to: 489
Event: 163
Station: CSL_03
Instrument: CTD
Attached: pH
Number_of_Bottles: 
Flowmeter S/N: 
Flowmeter Start: 
Flowmeter End: 
Action: Bottom
Sounding: 334.16
Sample ID: 512919
End_Sample_ID: 512933
Wire out: 
Wire Angle: 
Net Clogging: 
Wind Direction: 
Wind Speed (nm): 
Sky (condition): 
Swell Direction: 
Swell Height (M): 
Sea (Condition): 
Depth: 
Author: Patrick Upson
IMEI_No: 
WMO_No: 
S/N: 
Name: 
Comment: 
Time|Position: 2024-10-20 | 033301.01 | 47 05.992070 N | 59 59.487785 W
Cruise: DY18402
PI: Lindsay Beazley
Protocol: AZMP
Platform: RRS Discovery
Revisions: 
Mooring Number: 
Number of RCMs: 
Number of MicroCATs: 
Number of Temperature Recorders: 
Number of Amars: 
Attachment: 
Encoding: plain
========================================

$@MID@$: 491
Date: Sun, 20 Oct 2024 03:55:18 +0000
In reply to: 490
Event: 163
Station: CSL_03
Instrument: CTD
Attached: pH
Number_of_Bottles: 
Flowmeter S/N: 
Flowmeter Start: 
Flowmeter End: 
Action: Recovered
Sounding: 334.23
Sample ID: 512919
End_Sample_ID: 512933
Wire out: 
Wire Angle: 
Net Clogging: 
Wind Direction: 
Wind Speed (nm): 
Sky (condition): 
Swell Direction: 
Swell Height (M): 
Sea (Condition): 
Depth: 
Author: Patrick Upson
IMEI_No: 
WMO_No: 
S/N: 
Name: 
Comment: 
Time|Position: 2024-10-20 | 035518.01 | 47 05.987916 N | 59 59.486285 W
Cruise: DY18402
PI: Lindsay Beazley
Protocol: AZMP
Platform: RRS Discovery
Revisions: 
Mooring Number: 
Number of RCMs: 
Number of MicroCATs: 
Number of Temperature Recorders: 
Number of Amars: 
Attachment: 
Encoding: plain
========================================

$@MID@$: 492
Date: Sun, 20 Oct 2024 04:04:19 +0000
Reply to: 493
Event: 164
Station: CSL_03
Instrument: RingNet
Attached: 202um | Flowmeter
Number_of_Bottles: 
Flowmeter S/N: 
Flowmeter Start: 27701
Flowmeter End: 
Action: Deployed
Sounding: 334.25
Sample ID: 512934
End_Sample_ID: 
Wire out: 324
Wire Angle: 
Net Clogging: 
Wind Direction: 
Wind Speed (nm): 
Sky (condition): 
Swell Direction: 
Swell Height (M): 
Sea (Condition): 
Depth: 
Author: Kevin Sorochan
IMEI_No: 
WMO_No: 
S/N: 
Name: 
Comment: 
Time|Position: 2024-10-20 | 040419.01 | 47 05.991118 N | 59 59.487940 W
Cruise: DY18402
PI: Lindsay Beazley
Protocol: AZMP
Platform: RRS Discovery
Revisions: 20/Oct/2024 04:44:20
Mooring Number: 
Number of RCMs: 
Number of MicroCATs: 
Number of Temperature Recorders: 
Number of Amars: 
Attachment: 
Encoding: plain
========================================

$@MID@$: 493
Date: Sun, 20 Oct 2024 04:13:56 +0000
Reply to: 494
In reply to: 492
Event: 164
Station: CSL_03
Instrument: RingNet
Attached: 202um | Flowmeter
Number_of_Bottles: 
Flowmeter S/N: 
Flowmeter Start: 27701
Flowmeter End: 
Action: Bottom
Sounding: 334.22
Sample ID: 512934
End_Sample_ID: 
Wire out: 324
Wire Angle: 5
Net Clogging: 
Wind Direction: 
Wind Speed (nm): 
Sky (condition): 
Swell Direction: 
Swell Height (M): 
Sea (Condition): 
Depth: 
Author: Kevin Sorochan
IMEI_No: 
WMO_No: 
S/N: 
Name: 
Comment: 
Time|Position: 2024-10-20 | 041356.01 | 47 05.991193 N | 59 59.487986 W
Cruise: DY18402
PI: Lindsay Beazley
Protocol: AZMP
Platform: RRS Discovery
Revisions: 
Mooring Number: 
Number of RCMs: 
Number of MicroCATs: 
Number of Temperature Recorders: 
Number of Amars: 
Attachment: 
Encoding: plain
========================================

$@MID@$: 494
Date: Sun, 20 Oct 2024 04:22:25 +0000
In reply to: 493
Event: 164
Station: CSL_03
Instrument: RingNet
Attached: 202um | Flowmeter
Number_of_Bottles: 
Flowmeter S/N: 
Flowmeter Start: 27701
Flowmeter End: 28566
Action: Recovered
Sounding: 334.09
Sample ID: 512934
End_Sample_ID: 
Wire out: 324
Wire Angle: 5
Net Clogging: 
Wind Direction: 
Wind Speed (nm): 
Sky (condition): 
Swell Direction: 
Swell Height (M): 
Sea (Condition): 
Depth: 
Author: Kevin Sorochan
IMEI_No: 
WMO_No: 
S/N: 
Name: 
Comment: 
Time|Position: 2024-10-20 | 042225.01 | 47 05.992223 N | 59 59.488722 W
Cruise: DY18402
PI: Lindsay Beazley
Protocol: AZMP
Platform: RRS Discovery
Revisions: 
Mooring Number: 
Number of RCMs: 
Number of MicroCATs: 
Number of Temperature Recorders: 
Number of Amars: 
Attachment: 
Encoding: plain
========================================

$@MID@$: 495
Date: Sun, 20 Oct 2024 05:47:31 +0000
Reply to: 496
Event: 165
Station: CSL_04
Instrument: CTD
Attached: pH
Number_of_Bottles: 
Flowmeter S/N: 
Flowmeter Start: 
Flowmeter End: 
Action: Deployed
Sounding: 470.59
Sample ID: 512935
End_Sample_ID: 512958
Wire out: 
Wire Angle: 
Net Clogging: 
Wind Direction: 
Wind Speed (nm): 
Sky (condition): 
Swell Direction: 
Swell Height (M): 
Sea (Condition): 
Depth: 
Author: Patrick Upson
IMEI_No: 
WMO_No: 
S/N: 
Name: 
Comment: 
Time|Position: 2024-10-20 | 054731.01 | 47 16.282524 N | 59 46.991693 W
Cruise: DY18402
PI: Lindsay Beazley
Protocol: AZMP
Platform: RRS Discovery
Revisions: 
Mooring Number: 
Number of RCMs: 
Number of MicroCATs: 
Number of Temperature Recorders: 
Number of Amars: 
Attachment: 
Encoding: plain
========================================

$@MID@$: 496
Date: Sun, 20 Oct 2024 06:06:41 +0000
Reply to: 497
In reply to: 495
Event: 165
Station: CSL_04
Instrument: CTD
Attached: pH
Number_of_Bottles: 
Flowmeter S/N: 
Flowmeter Start: 
Flowmeter End: 
Action: Bottom
Sounding: 470.25
Sample ID: 512935
End_Sample_ID: 512958
Wire out: 
Wire Angle: 
Net Clogging: 
Wind Direction: 
Wind Speed (nm): 
Sky (condition): 
Swell Direction: 
Swell Height (M): 
Sea (Condition): 
Depth: 
Author: Patrick Upson
IMEI_No: 
WMO_No: 
S/N: 
Name: 
Comment: 
Time|Position: 2024-10-20 | 060641.01 | 47 16.283028 N | 59 46.990387 W
Cruise: DY18402
PI: Lindsay Beazley
Protocol: AZMP
Platform: RRS Discovery
Revisions: 
Mooring Number: 
Number of RCMs: 
Number of MicroCATs: 
Number of Temperature Recorders: 
Number of Amars: 
Attachment: 
Encoding: plain
========================================

$@MID@$: 497
Date: Sun, 20 Oct 2024 06:33:11 +0000
In reply to: 496
Event: 165
Station: CSL_04
Instrument: CTD
Attached: pH
Number_of_Bottles: 
Flowmeter S/N: 
Flowmeter Start: 
Flowmeter End: 
Action: Recovered
Sounding: 470.59
Sample ID: 512935
End_Sample_ID: 512958
Wire out: 
Wire Angle: 
Net Clogging: 
Wind Direction: 
Wind Speed (nm): 
Sky (condition): 
Swell Direction: 
Swell Height (M): 
Sea (Condition): 
Depth: 
Author: Patrick Upson
IMEI_No: 
WMO_No: 
S/N: 
Name: 
Comment: 
Time|Position: 2024-10-20 | 063311.01 | 47 16.282965 N | 59 46.991863 W
Cruise: DY18402
PI: Lindsay Beazley
Protocol: AZMP
Platform: RRS Discovery
Revisions: 
Mooring Number: 
Number of RCMs: 
Number of MicroCATs: 
Number of Temperature Recorders: 
Number of Amars: 
Attachment: 
Encoding: plain
========================================

$@MID@$: 498
Date: Sun, 20 Oct 2024 06:43:33 +0000
Reply to: 500
Event: 166
Station: CSL_04
Instrument: RingNet
Attached: 202um | Flowmeter
Number_of_Bottles: 
Flowmeter S/N: 
Flowmeter Start: 28569
Flowmeter End: 
Action: Deployed
Sounding: 470.47
Sample ID: 512959
End_Sample_ID: 
Wire out: 451
Wire Angle: 
Net Clogging: 
Wind Direction: 
Wind Speed (nm): 
Sky (condition): 
Swell Direction: 
Swell Height (M): 
Sea (Condition): 
Depth: 
Author: Kevin Sorochan
IMEI_No: 
WMO_No: 
S/N: 
Name: 
Comment: 
Time|Position: 2024-10-20 | 064333.01 | 47 16.282845 N | 59 46.992550 W
Cruise: DY18402
PI: Lindsay Beazley
Protocol: AZMP
Platform: RRS Discovery
Revisions: 
Mooring Number: 
Number of RCMs: 
Number of MicroCATs: 
Number of Temperature Recorders: 
Number of Amars: 
Attachment: 
Encoding: plain
========================================

$@MID@$: 500
Date: Sun, 20 Oct 2024 06:58:11 +0000
Reply to: 501
In reply to: 498
Event: 166
Station: CSL_04
Instrument: RingNet
Attached: 202um | Flowmeter
Number_of_Bottles: 
Flowmeter S/N: 
Flowmeter Start: 28569
Flowmeter End: 
Action: Bottom
Sounding: 470.37
Sample ID: 512959
End_Sample_ID: 
Wire out: 451
Wire Angle: 0
Net Clogging: 
Wind Direction: 
Wind Speed (nm): 
Sky (condition): 
Swell Direction: 
Swell Height (M): 
Sea (Condition): 
Depth: 
Author: Kevin Sorochan
IMEI_No: 
WMO_No: 
S/N: 
Name: 
Comment: 
Time|Position: 2024-10-20 | 065811.01 | 47 16.282904 N | 59 46.995741 W
Cruise: DY18402
PI: Lindsay Beazley
Protocol: AZMP
Platform: RRS Discovery
Revisions: 
Mooring Number: 
Number of RCMs: 
Number of MicroCATs: 
Number of Temperature Recorders: 
Number of Amars: 
Attachment: 
Encoding: plain
========================================

$@MID@$: 501
Date: Sun, 20 Oct 2024 07:09:16 +0000
In reply to: 500
Event: 166
Station: CSL_04
Instrument: RingNet
Attached: 202um | Flowmeter
Number_of_Bottles: 
Flowmeter S/N: 
Flowmeter Start: 28569
Flowmeter End: 29680
Action: Recovered
Sounding: 470.25
Sample ID: 512959
End_Sample_ID: 
Wire out: 451
Wire Angle: 0
Net Clogging: 
Wind Direction: 
Wind Speed (nm): 
Sky (condition): 
Swell Direction: 
Swell Height (M): 
Sea (Condition): 
Depth: 
Author: Kevin Sorochan
IMEI_No: 
WMO_No: 
S/N: 
Name: 
Comment: 
Time|Position: 2024-10-20 | 070916.01 | 47 16.289003 N | 59 46.962849 W
Cruise: DY18402
PI: Lindsay Beazley
Protocol: AZMP
Platform: RRS Discovery
Revisions: 
Mooring Number: 
Number of RCMs: 
Number of MicroCATs: 
Number of Temperature Recorders: 
Number of Amars: 
Attachment: 
Encoding: plain
========================================

