$@MID@$: 316
Date: Mon, 14 Oct 2024 00:07:42 +0000
Reply to: 317
Event: 105
Station: HL_05
Instrument: RingNet
Attached: 202um | Flowmeter
Number_of_Bottles: 
Flowmeter S/N: 
Flowmeter Start: 65629
Flowmeter End: 
Action: Deployed
Sounding: 101.04
Sample ID: 512545
End_Sample_ID: 
Wire out: 91
Wire Angle: 
Net Clogging: 
Wind Direction: 
Wind Speed (nm): 
Sky (condition): 
Swell Direction: 
Swell Height (M): 
Sea (Condition): 
Depth: 
Author: Kevin Sorochan
IMEI_No: 
WMO_No: 
S/N: 
Name: 
Comment: 
Time|Position: 2024-10-14 | 000742.01 | 43 10.963590 N | 62 05.883574 W
Cruise: DY18402
PI: Lindsay Beazley
Protocol: AZMP
Platform: RRS Discovery
Revisions: 
Mooring Number: 
Number of RCMs: 
Number of MicroCATs: 
Number of Temperature Recorders: 
Number of Amars: 
Attachment: 
Encoding: plain
========================================

$@MID@$: 317
Date: Mon, 14 Oct 2024 00:11:56 +0000
Reply to: 318
In reply to: 316
Event: 105
Station: HL_05
Instrument: RingNet
Attached: 202um | Flowmeter
Number_of_Bottles: 
Flowmeter S/N: 
Flowmeter Start: 65629
Flowmeter End: 
Action: Bottom
Sounding: 100.76
Sample ID: 512545
End_Sample_ID: 
Wire out: 91
Wire Angle: 5
Net Clogging: 
Wind Direction: 
Wind Speed (nm): 
Sky (condition): 
Swell Direction: 
Swell Height (M): 
Sea (Condition): 
Depth: 
Author: Kevin Sorochan
IMEI_No: 
WMO_No: 
S/N: 
Name: 
Comment: 
Time|Position: 2024-10-14 | 001156.01 | 43 10.962259 N | 62 05.881793 W
Cruise: DY18402
PI: Lindsay Beazley
Protocol: AZMP
Platform: RRS Discovery
Revisions: 
Mooring Number: 
Number of RCMs: 
Number of MicroCATs: 
Number of Temperature Recorders: 
Number of Amars: 
Attachment: 
Encoding: plain
========================================

$@MID@$: 318
Date: Mon, 14 Oct 2024 00:17:02 +0000
In reply to: 317
Event: 105
Station: HL_05
Instrument: RingNet
Attached: 202um | Flowmeter
Number_of_Bottles: 
Flowmeter S/N: 
Flowmeter Start: 65629
Flowmeter End: 65925
Action: Recovered
Sounding: 100.75
Sample ID: 512545
End_Sample_ID: 
Wire out: 91
Wire Angle: 10
Net Clogging: 
Wind Direction: 
Wind Speed (nm): 
Sky (condition): 
Swell Direction: 
Swell Height (M): 
Sea (Condition): 
Depth: 
Author: Kevin Sorochan
IMEI_No: 
WMO_No: 
S/N: 
Name: 
Comment: 
Time|Position: 2024-10-14 | 001702.01 | 43 10.960304 N | 62 05.881492 W
Cruise: DY18402
PI: Lindsay Beazley
Protocol: AZMP
Platform: RRS Discovery
Revisions: 
Mooring Number: 
Number of RCMs: 
Number of MicroCATs: 
Number of Temperature Recorders: 
Number of Amars: 
Attachment: 
Encoding: plain
========================================

$@MID@$: 319
Date: Mon, 14 Oct 2024 02:39:02 +0000
Reply to: 320
Event: 106
Station: HL_05.5
Instrument: CTD
Attached: pH
Number_of_Bottles: 
Flowmeter S/N: 
Flowmeter Start: 
Flowmeter End: 
Action: Deployed
Sounding: 216.18
Sample ID: 512546
End_Sample_ID: 512569
Wire out: 
Wire Angle: 
Net Clogging: 
Wind Direction: 
Wind Speed (nm): 
Sky (condition): 
Swell Direction: 
Swell Height (M): 
Sea (Condition): 
Depth: 
Author: Patrick Upson
IMEI_No: 
WMO_No: 
S/N: 
Name: 
Comment: 
Time|Position: 2024-10-14 | 023902.01 | 42 56.402530 N | 61 49.946450 W
Cruise: DY18402
PI: Lindsay Beazley
Protocol: AZMP
Platform: RRS Discovery
Revisions: 
Mooring Number: 
Number of RCMs: 
Number of MicroCATs: 
Number of Temperature Recorders: 
Number of Amars: 
Attachment: 
Encoding: plain
========================================

$@MID@$: 320
Date: Mon, 14 Oct 2024 03:09:18 +0000
Reply to: 321
In reply to: 319
Event: 106
Station: HL_05.5
Instrument: CTD
Attached: pH
Number_of_Bottles: 
Flowmeter S/N: 
Flowmeter Start: 
Flowmeter End: 
Action: Bottom
Sounding: 453.55
Sample ID: 512546
End_Sample_ID: 512569
Wire out: 
Wire Angle: 
Net Clogging: 
Wind Direction: 
Wind Speed (nm): 
Sky (condition): 
Swell Direction: 
Swell Height (M): 
Sea (Condition): 
Depth: 
Author: Patrick Upson
IMEI_No: 
WMO_No: 
S/N: 
Name: 
Comment: 
Time|Position: 2024-10-14 | 030918.01 | 42 56.401882 N | 61 49.945079 W
Cruise: DY18402
PI: Lindsay Beazley
Protocol: AZMP
Platform: RRS Discovery
Revisions: 
Mooring Number: 
Number of RCMs: 
Number of MicroCATs: 
Number of Temperature Recorders: 
Number of Amars: 
Attachment: 
Encoding: plain
========================================

$@MID@$: 321
Date: Mon, 14 Oct 2024 03:32:11 +0000
In reply to: 320
Event: 106
Station: HL_05.5
Instrument: CTD
Attached: pH
Number_of_Bottles: 
Flowmeter S/N: 
Flowmeter Start: 
Flowmeter End: 
Action: Recovered
Sounding: 453.45
Sample ID: 512546
End_Sample_ID: 512569
Wire out: 
Wire Angle: 
Net Clogging: 
Wind Direction: 
Wind Speed (nm): 
Sky (condition): 
Swell Direction: 
Swell Height (M): 
Sea (Condition): 
Depth: 
Author: Patrick Upson
IMEI_No: 
WMO_No: 
S/N: 
Name: 
Comment: 
Time|Position: 2024-10-14 | 033211.01 | 42 56.404873 N | 61 49.947295 W
Cruise: DY18402
PI: Lindsay Beazley
Protocol: AZMP
Platform: RRS Discovery
Revisions: 
Mooring Number: 
Number of RCMs: 
Number of MicroCATs: 
Number of Temperature Recorders: 
Number of Amars: 
Attachment: 
Encoding: plain
========================================

$@MID@$: 322
Date: Mon, 14 Oct 2024 03:42:59 +0000
Reply to: 323
Event: 107
Station: HL_05.5
Instrument: RingNet
Attached: 202um | Flowmeter
Number_of_Bottles: 
Flowmeter S/N: 
Flowmeter Start: 65927
Flowmeter End: 
Action: Deployed
Sounding: 453.32
Sample ID: 512570
End_Sample_ID: 
Wire out: 441
Wire Angle: 
Net Clogging: 
Wind Direction: 
Wind Speed (nm): 
Sky (condition): 
Swell Direction: 
Swell Height (M): 
Sea (Condition): 
Depth: 
Author: Kevin Sorochan
IMEI_No: 
WMO_No: 
S/N: 
Name: 
Comment: 
Time|Position: 2024-10-14 | 034259.01 | 42 56.405281 N | 61 49.944270 W
Cruise: DY18402
PI: Lindsay Beazley
Protocol: AZMP
Platform: RRS Discovery
Revisions: 
Mooring Number: 
Number of RCMs: 
Number of MicroCATs: 
Number of Temperature Recorders: 
Number of Amars: 
Attachment: 
Encoding: plain
========================================

$@MID@$: 323
Date: Mon, 14 Oct 2024 03:56:55 +0000
Reply to: 324
In reply to: 322
Event: 107
Station: HL_05.5
Instrument: RingNet
Attached: 202um | Flowmeter
Number_of_Bottles: 
Flowmeter S/N: 
Flowmeter Start: 65927
Flowmeter End: 
Action: Bottom
Sounding: 453.47
Sample ID: 512570
End_Sample_ID: 
Wire out: 441
Wire Angle: 0
Net Clogging: 
Wind Direction: 
Wind Speed (nm): 
Sky (condition): 
Swell Direction: 
Swell Height (M): 
Sea (Condition): 
Depth: 
Author: Kevin Sorochan
IMEI_No: 
WMO_No: 
S/N: 
Name: 
Comment: 
Time|Position: 2024-10-14 | 035655.01 | 42 56.402082 N | 61 49.947340 W
Cruise: DY18402
PI: Lindsay Beazley
Protocol: AZMP
Platform: RRS Discovery
Revisions: 
Mooring Number: 
Number of RCMs: 
Number of MicroCATs: 
Number of Temperature Recorders: 
Number of Amars: 
Attachment: 
Encoding: plain
========================================

$@MID@$: 324
Date: Mon, 14 Oct 2024 04:07:42 +0000
In reply to: 323
Event: 107
Station: HL_05.5
Instrument: RingNet
Attached: 202um | Flowmeter
Number_of_Bottles: 
Flowmeter S/N: 
Flowmeter Start: 65927
Flowmeter End: 67190
Action: Recovered
Sounding: 454.15
Sample ID: 512570
End_Sample_ID: 
Wire out: 441
Wire Angle: 0
Net Clogging: 
Wind Direction: 
Wind Speed (nm): 
Sky (condition): 
Swell Direction: 
Swell Height (M): 
Sea (Condition): 
Depth: 
Author: Kevin Sorochan
IMEI_No: 
WMO_No: 
S/N: 
Name: 
Comment: 
Time|Position: 2024-10-14 | 040742.01 | 42 56.402354 N | 61 49.944827 W
Cruise: DY18402
PI: Lindsay Beazley
Protocol: AZMP
Platform: RRS Discovery
Revisions: 
Mooring Number: 
Number of RCMs: 
Number of MicroCATs: 
Number of Temperature Recorders: 
Number of Amars: 
Attachment: 
Encoding: plain
========================================

$@MID@$: 325
Date: Mon, 14 Oct 2024 05:12:02 +0000
Reply to: 326
Event: 108
Station: HL_06
Instrument: CTD
Attached: pH
Number_of_Bottles: 
Flowmeter S/N: 
Flowmeter Start: 
Flowmeter End: 
Action: Deployed
Sounding: 970.85
Sample ID: 512571
End_Sample_ID: 512594
Wire out: 
Wire Angle: 
Net Clogging: 
Wind Direction: 
Wind Speed (nm): 
Sky (condition): 
Swell Direction: 
Swell Height (M): 
Sea (Condition): 
Depth: 
Author: Patrick Upson
IMEI_No: 
WMO_No: 
S/N: 
Name: 
Comment: Accidentally closed the 2 20m bottles at 30m. Closed bottle 512594 out of sequence at 20m. Re-ordered filter log so everyone still got water.
Time|Position: 2024-10-14 | 051202.01 | 42 49.880095 N | 61 44.002104 W
Cruise: DY18402
PI: Lindsay Beazley
Protocol: AZMP
Platform: RRS Discovery
Revisions: 14/Oct/2024 07:36:42
Mooring Number: 
Number of RCMs: 
Number of MicroCATs: 
Number of Temperature Recorders: 
Number of Amars: 
Attachment: 
Encoding: plain
========================================

$@MID@$: 326
Date: Mon, 14 Oct 2024 05:47:39 +0000
Reply to: 327
In reply to: 325
Event: 108
Station: HL_06
Instrument: CTD
Attached: pH
Number_of_Bottles: 
Flowmeter S/N: 
Flowmeter Start: 
Flowmeter End: 
Action: Bottom
Sounding: 1107.68
Sample ID: 512571
End_Sample_ID: 512594
Wire out: 
Wire Angle: 
Net Clogging: 
Wind Direction: 
Wind Speed (nm): 
Sky (condition): 
Swell Direction: 
Swell Height (M): 
Sea (Condition): 
Depth: 
Author: Patrick Upson
IMEI_No: 
WMO_No: 
S/N: 
Name: 
Comment: 
Time|Position: 2024-10-14 | 054739.01 | 42 49.879293 N | 61 44.004025 W
Cruise: DY18402
PI: Lindsay Beazley
Protocol: AZMP
Platform: RRS Discovery
Revisions: 
Mooring Number: 
Number of RCMs: 
Number of MicroCATs: 
Number of Temperature Recorders: 
Number of Amars: 
Attachment: 
Encoding: plain
========================================

$@MID@$: 327
Date: Mon, 14 Oct 2024 06:42:29 +0000
In reply to: 326
Event: 108
Station: HL_06
Instrument: CTD
Attached: pH
Number_of_Bottles: 
Flowmeter S/N: 
Flowmeter Start: 
Flowmeter End: 
Action: Recovered
Sounding: 1108.98
Sample ID: 512571
End_Sample_ID: 512594
Wire out: 
Wire Angle: 
Net Clogging: 
Wind Direction: 
Wind Speed (nm): 
Sky (condition): 
Swell Direction: 
Swell Height (M): 
Sea (Condition): 
Depth: 
Author: Patrick Upson
IMEI_No: 
WMO_No: 
S/N: 
Name: 
Comment: 
Time|Position: 2024-10-14 | 064229.01 | 42 49.879879 N | 61 44.009273 W
Cruise: DY18402
PI: Lindsay Beazley
Protocol: AZMP
Platform: RRS Discovery
Revisions: 
Mooring Number: 
Number of RCMs: 
Number of MicroCATs: 
Number of Temperature Recorders: 
Number of Amars: 
Attachment: 
Encoding: plain
========================================

$@MID@$: 328
Date: Mon, 14 Oct 2024 07:00:51 +0000
Reply to: 329
Event: 109
Station: HL_06
Instrument: RingNet
Attached: 202um | Flowmeter
Number_of_Bottles: 
Flowmeter S/N: 
Flowmeter Start: 67192
Flowmeter End: 
Action: Deployed
Sounding: 1107.74
Sample ID: 512595
End_Sample_ID: 
Wire out: 1000
Wire Angle: 
Net Clogging: 
Wind Direction: 
Wind Speed (nm): 
Sky (condition): 
Swell Direction: 
Swell Height (M): 
Sea (Condition): 
Depth: 
Author: Kevin Sorochan
IMEI_No: 
WMO_No: 
S/N: 
Name: 
Comment: 
Time|Position: 2024-10-14 | 070051.01 | 42 49.880911 N | 61 44.009448 W
Cruise: DY18402
PI: Lindsay Beazley
Protocol: AZMP
Platform: RRS Discovery
Revisions: 
Mooring Number: 
Number of RCMs: 
Number of MicroCATs: 
Number of Temperature Recorders: 
Number of Amars: 
Attachment: 
Encoding: plain
========================================

$@MID@$: 329
Date: Mon, 14 Oct 2024 07:29:01 +0000
Reply to: 330
In reply to: 328
Event: 109
Station: HL_06
Instrument: RingNet
Attached: 202um | Flowmeter
Number_of_Bottles: 
Flowmeter S/N: 
Flowmeter Start: 67192
Flowmeter End: 
Action: Bottom
Sounding: 1108.06
Sample ID: 512595
End_Sample_ID: 
Wire out: 1000
Wire Angle: 3
Net Clogging: 
Wind Direction: 
Wind Speed (nm): 
Sky (condition): 
Swell Direction: 
Swell Height (M): 
Sea (Condition): 
Depth: 
Author: Kevin Sorochan
IMEI_No: 
WMO_No: 
S/N: 
Name: 
Comment: 
Time|Position: 2024-10-14 | 072901.01 | 42 49.881638 N | 61 44.004528 W
Cruise: DY18402
PI: Lindsay Beazley
Protocol: AZMP
Platform: RRS Discovery
Revisions: 
Mooring Number: 
Number of RCMs: 
Number of MicroCATs: 
Number of Temperature Recorders: 
Number of Amars: 
Attachment: 
Encoding: plain
========================================

$@MID@$: 330
Date: Mon, 14 Oct 2024 07:55:21 +0000
In reply to: 329
Event: 109
Station: HL_06
Instrument: RingNet
Attached: 202um | Flowmeter
Number_of_Bottles: 
Flowmeter S/N: 
Flowmeter Start: 67192
Flowmeter End: 70096
Action: Recovered
Sounding: 1108.94
Sample ID: 512595
End_Sample_ID: 
Wire out: 1000
Wire Angle: 3
Net Clogging: 
Wind Direction: 
Wind Speed (nm): 
Sky (condition): 
Swell Direction: 
Swell Height (M): 
Sea (Condition): 
Depth: 
Author: Kevin Sorochan
IMEI_No: 
WMO_No: 
S/N: 
Name: 
Comment: extreme bird activity 
Time|Position: 2024-10-14 | 075521.01 | 42 49.858747 N | 61 44.036669 W
Cruise: DY18402
PI: Lindsay Beazley
Protocol: AZMP
Platform: RRS Discovery
Revisions: 
Mooring Number: 
Number of RCMs: 
Number of MicroCATs: 
Number of Temperature Recorders: 
Number of Amars: 
Attachment: 
Encoding: plain
========================================

