$@MID@$: 593
Date: Tue, 22 Oct 2024 00:12:07 +0000
Reply to: 594
In reply to: 592
Event: 198
Station: A3
Instrument: VPR
Attached: 
Number_of_Bottles: 
Flowmeter S/N: 
Flowmeter Start: 
Flowmeter End: 
Action: Recovered
Sounding: 70.06
Sample ID: 
End_Sample_ID: 
Wire out: 
Wire Angle: 
Net Clogging: 
Wind Direction: 
Wind Speed (nm): 
Sky (condition): 
Swell Direction: 
Swell Height (M): 
Sea (Condition): 
Depth: 
Author: Kevin Sorochan
IMEI_No: 
WMO_No: 
S/N: 
Name: 
Comment: 
Time|Position: 2024-10-22 | 001207.01 | 45 11.999527 N | 60 18.003018 W
Cruise: DY18402
PI: Lindsay Beazley
Protocol: AZMP
Platform: RRS Discovery
Revisions: 
Mooring Number: 
Number of RCMs: 
Number of MicroCATs: 
Number of Temperature Recorders: 
Number of Amars: 
Attachment: 
Encoding: plain
========================================

$@MID@$: 594
Date: Tue, 22 Oct 2024 00:12:27 +0000
In reply to: 593
Event: 198
Station: A3
Instrument: VPR
Attached: 
Number_of_Bottles: 
Flowmeter S/N: 
Flowmeter Start: 
Flowmeter End: 
Action: Stopped
Sounding: 70.08
Sample ID: 
End_Sample_ID: 
Wire out: 
Wire Angle: 
Net Clogging: 
Wind Direction: 
Wind Speed (nm): 
Sky (condition): 
Swell Direction: 
Swell Height (M): 
Sea (Condition): 
Depth: 
Author: Kevin Sorochan
IMEI_No: 
WMO_No: 
S/N: 
Name: 
Comment: 
Time|Position: 2024-10-22 | 001227.01 | 45 11.999379 N | 60 18.003571 W
Cruise: DY18402
PI: Lindsay Beazley
Protocol: AZMP
Platform: RRS Discovery
Revisions: 
Mooring Number: 
Number of RCMs: 
Number of MicroCATs: 
Number of Temperature Recorders: 
Number of Amars: 
Attachment: 
Encoding: plain
========================================

$@MID@$: 595
Date: Tue, 22 Oct 2024 00:31:18 +0000
Reply to: 596
Event: 199
Station: A3
Instrument: MultiNet
Attached: Flowmeter | CTD
Number_of_Bottles: 2
Flowmeter S/N: 
Flowmeter Start: 
Flowmeter End: 
Action: Deployed
Sounding: 69.89
Sample ID: 513121
End_Sample_ID: 513122
Wire out: 
Wire Angle: 
Net Clogging: 
Wind Direction: 
Wind Speed (nm): 
Sky (condition): 
Swell Direction: 
Swell Height (M): 
Sea (Condition): 
Depth: 
Author: Patrick Upson
IMEI_No: 
WMO_No: 
S/N: 
Name: 
Comment: 
Time|Position: 2024-10-22 | 003118.01 | 45 11.993228 N | 60 17.998231 W
Cruise: DY18402
PI: Lindsay Beazley
Protocol: AZMP
Platform: RRS Discovery
Revisions: 
Mooring Number: 
Number of RCMs: 
Number of MicroCATs: 
Number of Temperature Recorders: 
Number of Amars: 
Attachment: 
Encoding: plain
========================================

$@MID@$: 596
Date: Tue, 22 Oct 2024 00:34:53 +0000
Reply to: 597
In reply to: 595
Event: 199
Station: A3
Instrument: MultiNet
Attached: Flowmeter | CTD
Number_of_Bottles: 2
Flowmeter S/N: 
Flowmeter Start: 
Flowmeter End: 
Action: Bottom
Sounding: 69.95
Sample ID: 513121
End_Sample_ID: 513122
Wire out: 
Wire Angle: 
Net Clogging: 
Wind Direction: 
Wind Speed (nm): 
Sky (condition): 
Swell Direction: 
Swell Height (M): 
Sea (Condition): 
Depth: 
Author: Patrick Upson
IMEI_No: 
WMO_No: 
S/N: 
Name: 
Comment: 
Time|Position: 2024-10-22 | 003453.01 | 45 11.992413 N | 60 17.998306 W
Cruise: DY18402
PI: Lindsay Beazley
Protocol: AZMP
Platform: RRS Discovery
Revisions: 
Mooring Number: 
Number of RCMs: 
Number of MicroCATs: 
Number of Temperature Recorders: 
Number of Amars: 
Attachment: 
Encoding: plain
========================================

$@MID@$: 597
Date: Tue, 22 Oct 2024 00:37:47 +0000
In reply to: 596
Event: 199
Station: A3
Instrument: MultiNet
Attached: Flowmeter | CTD
Number_of_Bottles: 2
Flowmeter S/N: 
Flowmeter Start: 
Flowmeter End: 
Action: Recovered
Sounding: 69.85
Sample ID: 513121
End_Sample_ID: 513122
Wire out: 
Wire Angle: 
Net Clogging: 
Wind Direction: 
Wind Speed (nm): 
Sky (condition): 
Swell Direction: 
Swell Height (M): 
Sea (Condition): 
Depth: 
Author: Patrick Upson
IMEI_No: 
WMO_No: 
S/N: 
Name: 
Comment: 
Time|Position: 2024-10-22 | 003747.01 | 45 11.991745 N | 60 17.997676 W
Cruise: DY18402
PI: Lindsay Beazley
Protocol: AZMP
Platform: RRS Discovery
Revisions: 
Mooring Number: 
Number of RCMs: 
Number of MicroCATs: 
Number of Temperature Recorders: 
Number of Amars: 
Attachment: 
Encoding: plain
========================================

