$@MID@$: 398
Date: Thu, 17 Oct 2024 14:38:32 +0000
Reply to: 399
Event: 133
Station: M2262
Instrument: Recover Mooring
Attached: MicroCAT | AMAR
Number_of_Bottles: 
Flowmeter S/N: 
Flowmeter Start: 
Flowmeter End: 
Action: Attempt Comms
Sounding: 163.97
Sample ID: 
End_Sample_ID: 
Wire out: 
Wire Angle: 
Net Clogging: 
Wind Direction: 
Wind Speed (nm): 
Sky (condition): 
Swell Direction: 
Swell Height (M): 
Sea (Condition): 
Depth: 
Author: Lindsay Beazley
IMEI_No: 
WMO_No: 
S/N: 
Name: 
Comment: 
Time|Position: 2024-10-17 | 143832.01 | 45 25.819710 N | 57 49.643054 W
Cruise: DY18402
PI: Lindsay Beazley
Protocol: AZMP
Platform: RRS Discovery
Revisions: 
Mooring Number: 
Number of RCMs: 0
Number of MicroCATs: 1
Number of Temperature Recorders: 0
Number of Amars: 1
Attachment: 
Encoding: plain
========================================

$@MID@$: 399
Date: Thu, 17 Oct 2024 14:47:53 +0000
Reply to: 400
In reply to: 398
Event: 133
Station: M2262
Instrument: Recover Mooring
Attached: MicroCAT | AMAR
Number_of_Bottles: 
Flowmeter S/N: 
Flowmeter Start: 
Flowmeter End: 
Action: Release
Sounding: 182.16
Sample ID: 
End_Sample_ID: 
Wire out: 
Wire Angle: 
Net Clogging: 
Wind Direction: 
Wind Speed (nm): 
Sky (condition): 
Swell Direction: 
Swell Height (M): 
Sea (Condition): 
Depth: 
Author: Lindsay Beazley
IMEI_No: 
WMO_No: 
S/N: 
Name: 
Comment: 
Time|Position: 2024-10-17 | 144753.01 | 45 26.126068 N | 57 49.642338 W
Cruise: DY18402
PI: Lindsay Beazley
Protocol: AZMP
Platform: RRS Discovery
Revisions: 
Mooring Number: 
Number of RCMs: 0
Number of MicroCATs: 1
Number of Temperature Recorders: 0
Number of Amars: 1
Attachment: 
Encoding: plain
========================================

$@MID@$: 400
Date: Thu, 17 Oct 2024 15:13:52 +0000
In reply to: 399
Event: 133
Station: M2262
Instrument: Recover Mooring
Attached: MicroCAT | AMAR
Number_of_Bottles: 
Flowmeter S/N: 
Flowmeter Start: 
Flowmeter End: 
Action: On Deck
Sounding: NA
Sample ID: 
End_Sample_ID: 
Wire out: 
Wire Angle: 
Net Clogging: 
Wind Direction: 
Wind Speed (nm): 
Sky (condition): 
Swell Direction: 
Swell Height (M): 
Sea (Condition): 
Depth: 
Author: Lindsay Beazley
IMEI_No: 
WMO_No: 
S/N: 
Name: 
Comment: 
Time|Position: 2024-10-17 | 151352.01 | 45 26.240694 N | 57 49.542457 W
Cruise: DY18402
PI: Lindsay Beazley
Protocol: AZMP
Platform: RRS Discovery
Revisions: 
Mooring Number: 
Number of RCMs: 0
Number of MicroCATs: 1
Number of Temperature Recorders: 0
Number of Amars: 1
Attachment: 
Encoding: plain
========================================

