$@MID@$: 2
Date: Mon, 31 Mar 2025 15:22:43 +0000
Sample #: 002
Number of pCO2 Samples: 1
Number of TIC Samples: 1
Number of Chl_a Samples: 2
Number of CDOM Samples: 1
Number of HPLC Samples: 0
Number of ABS Samples: 0
Number of Other Samples: 2
Other Sample/s not Listed: salts, oxygen
Sample ID: 514004
Paper log Completed: Yes
Author: Nicole Smith
Time|Position: 2025-03-31 | 152241 | 43 15.0990 N | 66 15.6506 W
Mission: EN728
PI: Lindsay Beazley
Revisions: 
Attachment: 
Encoding: HTML
========================================

