$@MID@$: 1
Date: Sun, 30 Mar 2025 16:29:44 +0000
Sample #: 001
Number of pCO2 Samples: 1
Number of TIC Samples: 1
Number of Chl_a Samples: 2
Number of CDOM Samples: 1
Number of HPLC Samples: 0
Number of ABS Samples: 0
Number of Other Samples: 2
Other Sample/s not Listed: salts, oxygen
Sample ID: 514003
Paper log Completed: Yes
Author: Lindsay Beazley
Time|Position: 2025-03-30 | 162943 | 42 32.1041 N | 65 29.1734 W
Mission: EN728
PI: Lindsay Beazley
Revisions: 
Attachment: 
Encoding: HTML
========================================

