$@MID@$: 7
Date: Sat, 05 Apr 2025 16:32:30 +0000
Sample #: 007
Number of pCO2 Samples: 1
Number of TIC Samples: 1
Number of Chl_a Samples: 2
Number of CDOM Samples: 1
Number of HPLC Samples: 0
Number of ABS Samples: 0
Number of Other Samples: 0
Other Sample/s not Listed: salts, oxygen
Sample ID: 514009
Paper log Completed: Yes
Author: Lindsay Beazley
Time|Position: 2025-04-05 | 163228 | 43 08.8006 N | 62 03.7039 W
Mission: EN728
PI: Lindsay Beazley
Revisions: 
Attachment: 
Encoding: HTML
========================================

