$@MID@$: 18
Date: Tue, 15 Apr 2025 16:49:51 +0000
Sample #: 018
Number of pCO2 Samples: 1
Number of TIC Samples: 1
Number of Chl_a Samples: 2
Number of CDOM Samples: 1
Number of HPLC Samples: 0
Number of ABS Samples: 0
Number of Other Samples: 2
Other Sample/s not Listed: salts, oxygen
Sample ID: 514019
Paper log Completed: Yes
Author: Nicole Smith
Time|Position: 2025-04-15 | 164949 | 43 43.6155 N | 61 29.4862 W
Mission: EN728
PI: Lindsay Beazley
Revisions: 
Attachment: 
Encoding: HTML
========================================

