$@MID@$: 8
Date: Sun, 06 Apr 2025 15:35:38 +0000
Sample #: 008
Number of pCO2 Samples: 1
Number of TIC Samples: 1
Number of Chl_a Samples: 2
Number of CDOM Samples: 1
Number of HPLC Samples: 0
Number of ABS Samples: 0
Number of Other Samples: 2
Other Sample/s not Listed: salts, oxygen
Sample ID: 514010
Paper log Completed: Yes
Author: Nicole Smith
Time|Position: 2025-04-06 | 153536 | 42 42.6325 N | 60 57.1539 W
Mission: EN728
PI: Lindsay Beazley
Revisions: 
Attachment: 
Encoding: HTML
========================================

