$@MID@$: 6
Date: Fri, 04 Apr 2025 15:23:00 +0000
Sample #: 006
Number of pCO2 Samples: 1
Number of TIC Samples: 1
Number of Chl_a Samples: 2
Number of CDOM Samples: 1
Number of HPLC Samples: 0
Number of ABS Samples: 0
Number of Other Samples: 2
Other Sample/s not Listed: salts, oxygen
Sample ID: 514008
Paper log Completed: Yes
Author: Nicole Smith
Time|Position: 2025-04-04 | 152258 | 43 32.3685 N | 64 24.2912 W
Mission: EN728
PI: Lindsay Beazley
Revisions: 
Attachment: 
Encoding: HTML
========================================

