$@MID@$: 14
Date: Fri, 11 Apr 2025 18:14:16 +0000
Sample #: 014
Number of pCO2 Samples: 1
Number of TIC Samples: 1
Number of Chl_a Samples: 2
Number of CDOM Samples: 1
Number of HPLC Samples: 0
Number of ABS Samples: 0
Number of Other Samples: 2
Other Sample/s not Listed: salts, oxygen
Sample ID: 514015
Paper log Completed: Yes
Author: Nicole Smith
Time|Position: 2025-04-11 | 181414 | 43 55.2114 N | 57 57.6524 W
Mission: EN728
PI: Lindsay Beazley
Revisions: 
Attachment: 
Encoding: HTML
========================================

