$@MID@$: 4
Date: Wed, 02 Apr 2025 15:16:53 +0000
Sample #: 004
Number of pCO2 Samples: 1
Number of TIC Samples: 1
Number of Chl_a Samples: 2
Number of CDOM Samples: 1
Number of HPLC Samples: 0
Number of ABS Samples: 0
Number of Other Samples: 2
Other Sample/s not Listed: salts, oxygen
Sample ID: 514006
Paper log Completed: Yes
Author: Nicole Smith
Time|Position: 2025-04-02 | 151651 | 42 50.3996 N | 68 53.9413 W
Mission: EN728
PI: Lindsay Beazley
Revisions: 
Attachment: 
Encoding: HTML
========================================

