$@MID@$: 10
Date: Tue, 08 Apr 2025 16:22:59 +0000
Sample #: 010
Number of pCO2 Samples: 1
Number of TIC Samples: 1
Number of Chl_a Samples: 2
Number of CDOM Samples: 1
Number of HPLC Samples: 0
Number of ABS Samples: 0
Number of Other Samples: 2
Other Sample/s not Listed: salts, oxygen
Sample ID: 514012
Paper log Completed: Yes
Author: Nicole Smith
Time|Position: 2025-04-08 | 162257 | 44 07.9685 N | 59 13.8965 W
Mission: EN728
PI: Lindsay Beazley
Revisions: 
Attachment: 
Encoding: HTML
========================================

