$@MID@$: 11
Date: Wed, 09 Apr 2025 15:25:30 +0000
Sample #: 011
Number of pCO2 Samples: 1
Number of TIC Samples: 1
Number of Chl_a Samples: 2
Number of CDOM Samples: 1
Number of HPLC Samples: 0
Number of ABS Samples: 0
Number of Other Samples: 2
Other Sample/s not Listed: salts, oxygen
Sample ID: 514013
Paper log Completed: Yes
Author: Nicole Smith
Time|Position: 2025-04-09 | 152528 | 44 36.9472 N | 57 44.5121 W
Mission: EN728
PI: Lindsay Beazley
Revisions: 
Attachment: 
Encoding: HTML
========================================

$@MID@$: 12
Date: Wed, 09 Apr 2025 15:25:31 +0000
Sample #: 012
Number of pCO2 Samples: 1
Number of TIC Samples: 1
Number of Chl_a Samples: 2
Number of CDOM Samples: 1
Number of HPLC Samples: 0
Number of ABS Samples: 0
Number of Other Samples: 2
Other Sample/s not Listed: salts, oxygen
Sample ID: 514013
Paper log Completed: Yes
Author: Nicole Smith
Time|Position: 2025-04-09 | 152529 | 44 36.9471 N | 57 44.5122 W
Mission: EN728
PI: Lindsay Beazley
Revisions: 
Attachment: 
Encoding: HTML
========================================

