$@MID@$: 13
Date: Thu, 10 Apr 2025 18:41:35 +0000
Sample #: 013
Number of pCO2 Samples: 1
Number of TIC Samples: 1
Number of Chl_a Samples: 2
Number of CDOM Samples: 1
Number of HPLC Samples: 0
Number of ABS Samples: 0
Number of Other Samples: 2
Other Sample/s not Listed: salts, oxygen
Sample ID: 514014
Paper log Completed: Yes
Author: Nicole Smith
Time|Position: 2025-04-10 | 184134 | 45 00.0475 N | 56 01.7643 W
Mission: EN728
PI: Lindsay Beazley
Revisions: 
Attachment: 
Encoding: HTML
========================================

