$@MID@$: 5
Date: Thu, 03 Apr 2025 15:52:30 +0000
Sample #: 005
Number of pCO2 Samples: 1
Number of TIC Samples: 1
Number of Chl_a Samples: 2
Number of CDOM Samples: 1
Number of HPLC Samples: 0
Number of ABS Samples: 0
Number of Other Samples: 2
Other Sample/s not Listed: salts, oxygen
Sample ID: 514007
Paper log Completed: Yes
Author: Nicole Smith
Time|Position: 2025-04-03 | 155228 | 42 03.7839 N | 66 05.0553 W
Mission: EN728
PI: Lindsay Beazley
Revisions: 
Attachment: 
Encoding: HTML
========================================

