$@MID@$: 17
Date: Mon, 14 Apr 2025 15:37:01 +0000
Sample #: 017
Number of pCO2 Samples: 1
Number of TIC Samples: 1
Number of Chl_a Samples: 2
Number of CDOM Samples: 1
Number of HPLC Samples: 0
Number of ABS Samples: 0
Number of Other Samples: 2
Other Sample/s not Listed: salts, oxygen
Sample ID: 514018
Paper log Completed: Yes
Author: Nicole Smith
Time|Position: 2025-04-14 | 153658 | 45 20.3100 N | 59 39.3479 W
Mission: EN728
PI: Lindsay Beazley
Revisions: 
Attachment: 
Encoding: HTML
========================================

