$@MID@$: 16
Date: Sun, 13 Apr 2025 15:37:10 +0000
Sample #: 016
Number of pCO2 Samples: 1
Number of TIC Samples: 1
Number of Chl_a Samples: 2
Number of CDOM Samples: 1
Number of HPLC Samples: 0
Number of ABS Samples: 0
Number of Other Samples: 2
Other Sample/s not Listed: salts, oxygen
Sample ID: 514017
Paper log Completed: Yes
Author: Nicole Smith
Time|Position: 2025-04-13 | 153708 | 47 25.5231 N | 59 12.3219 W
Mission: EN728
PI: Lindsay Beazley
Revisions: 
Attachment: 
Encoding: HTML
========================================

