$@MID@$: 9
Date: Mon, 07 Apr 2025 15:38:52 +0000
Sample #: 009
Number of pCO2 Samples: 1
Number of TIC Samples: 1
Number of Chl_a Samples: 2
Number of CDOM Samples: 1
Number of HPLC Samples: 0
Number of ABS Samples: 0
Number of Other Samples: 2
Other Sample/s not Listed: salts, oxygen
Sample ID: 514011
Paper log Completed: Yes
Author: Nicole Smith
Time|Position: 2025-04-07 | 153850 | 44 09.3940 N | 59 11.2426 W
Mission: EN728
PI: Lindsay Beazley
Revisions: 
Attachment: 
Encoding: HTML
========================================

