$@MID@$: 15
Date: Sat, 12 Apr 2025 17:19:00 +0000
Sample #: 015
Number of pCO2 Samples: 1
Number of TIC Samples: 1
Number of Chl_a Samples: 2
Number of CDOM Samples: 1
Number of HPLC Samples: 0
Number of ABS Samples: 0
Number of Other Samples: 2
Other Sample/s not Listed: salts, oxygen
Sample ID: 514016
Paper log Completed: Yes
Author: Nicole Smith
Time|Position: 2025-04-12 | 171857 | 45 54.2858 N | 59 40.0993 W
Mission: EN728
PI: Lindsay Beazley
Revisions: 
Attachment: 
Encoding: HTML
========================================

